[2021-05-10 00:34:37,309 DEBUG] node->main: 	 {'nodes': [{'host': 'localhost', 'port': 30000}, {'host': 'localhost', 'port': 30001}, {'host': 'localhost', 'port': 30002}, {'host': 'localhost', 'port': 30003}, {'host': 'localhost', 'port': 30004}, {'host': 'localhost', 'port': 30005}, {'host': 'localhost', 'port': 30006}, {'host': 'localhost', 'port': 30007}, {'host': 'localhost', 'port': 30008}, {'host': 'localhost', 'port': 30009}, {'host': 'localhost', 'port': 30010}, {'host': 'localhost', 'port': 30011}, {'host': 'localhost', 'port': 30012}], 'clients': [{'host': 'localhost', 'port': 20001}, {'host': 'localhost', 'port': 20002}], 'loss%': 0, 'ckpt_interval': 10, 'retry_times_before_view_change': 2, 'sync_interval': 5, 'misc': {'network_timeout': 1000}}
[2021-05-10 00:34:37,310 INFO] checkpoint->__init__: 	 ---> 5: Create checkpoint.
[2021-05-10 00:34:37,310 DEBUG] selector_events->__init__: 	 Using selector: EpollSelector
[2021-05-10 00:34:52,448 INFO] pbft_handler->feedback: 	 ---> 5: on feedback
[2021-05-10 00:34:52,448 INFO] pbft_handler->feedback: 	 ---> 5: receive preprepare msg from 0
[2021-05-10 00:34:52,449 DEBUG] pbft_handler->_post: 	 make request to 0, FEEDBACK
[2021-05-10 00:34:52,482 INFO] pbft_handler->fast_reply: 	 ---> 5: on fast_reply
[2021-05-10 00:34:52,482 INFO] pbft_handler->fast_reply: 	 ---> 5: receive confirm msg from 0
[2021-05-10 00:34:52,482 DEBUG] pbft_handler->fast_reply: 	 Add commit certifiacte to slot 0
[2021-05-10 00:34:52,484 INFO] pbft_handler->fast_reply: 	 5 fast reply to http://localhost:20001/reply successfully!!
[2021-05-10 00:34:52,679 INFO] pbft_handler->feedback: 	 ---> 5: on feedback
[2021-05-10 00:34:52,679 INFO] pbft_handler->feedback: 	 ---> 5: receive preprepare msg from 0
[2021-05-10 00:34:52,679 DEBUG] pbft_handler->_post: 	 make request to 0, FEEDBACK
[2021-05-10 00:34:52,700 INFO] pbft_handler->fast_reply: 	 ---> 5: on fast_reply
[2021-05-10 00:34:52,700 INFO] pbft_handler->fast_reply: 	 ---> 5: receive confirm msg from 0
[2021-05-10 00:34:52,700 DEBUG] pbft_handler->fast_reply: 	 Add commit certifiacte to slot 1
[2021-05-10 00:34:52,701 INFO] pbft_handler->fast_reply: 	 5 fast reply to http://localhost:20001/reply successfully!!
[2021-05-10 00:34:52,763 INFO] pbft_handler->feedback: 	 ---> 5: on feedback
[2021-05-10 00:34:52,763 INFO] pbft_handler->feedback: 	 ---> 5: receive preprepare msg from 0
[2021-05-10 00:34:52,763 DEBUG] pbft_handler->_post: 	 make request to 0, FEEDBACK
[2021-05-10 00:34:52,784 INFO] pbft_handler->fast_reply: 	 ---> 5: on fast_reply
[2021-05-10 00:34:52,785 INFO] pbft_handler->fast_reply: 	 ---> 5: receive confirm msg from 0
[2021-05-10 00:34:52,785 DEBUG] pbft_handler->fast_reply: 	 Add commit certifiacte to slot 2
[2021-05-10 00:34:52,785 INFO] pbft_handler->fast_reply: 	 5 fast reply to http://localhost:20001/reply successfully!!
[2021-05-10 00:34:53,754 INFO] pbft_handler->feedback: 	 ---> 5: on feedback
[2021-05-10 00:34:53,754 INFO] pbft_handler->feedback: 	 ---> 5: receive preprepare msg from 0
[2021-05-10 00:34:53,754 DEBUG] pbft_handler->_post: 	 make request to 0, FEEDBACK
[2021-05-10 00:34:53,773 INFO] pbft_handler->fast_reply: 	 ---> 5: on fast_reply
[2021-05-10 00:34:53,774 INFO] pbft_handler->fast_reply: 	 ---> 5: receive confirm msg from 0
[2021-05-10 00:34:53,774 DEBUG] pbft_handler->fast_reply: 	 Add commit certifiacte to slot 3
[2021-05-10 00:34:53,775 INFO] pbft_handler->fast_reply: 	 5 fast reply to http://localhost:20001/reply successfully!!
[2021-05-10 00:34:54,501 INFO] pbft_handler->feedback: 	 ---> 5: on feedback
[2021-05-10 00:34:54,501 INFO] pbft_handler->feedback: 	 ---> 5: receive preprepare msg from 0
[2021-05-10 00:34:54,502 DEBUG] pbft_handler->_post: 	 make request to 0, FEEDBACK
[2021-05-10 00:34:54,522 INFO] pbft_handler->fast_reply: 	 ---> 5: on fast_reply
[2021-05-10 00:34:54,522 INFO] pbft_handler->fast_reply: 	 ---> 5: receive confirm msg from 0
[2021-05-10 00:34:54,522 DEBUG] pbft_handler->fast_reply: 	 Add commit certifiacte to slot 4
[2021-05-10 00:34:54,523 INFO] pbft_handler->fast_reply: 	 5 fast reply to http://localhost:20001/reply successfully!!
[2021-05-10 00:34:55,028 INFO] pbft_handler->feedback: 	 ---> 5: on feedback
[2021-05-10 00:34:55,028 INFO] pbft_handler->feedback: 	 ---> 5: receive preprepare msg from 0
[2021-05-10 00:34:55,028 DEBUG] pbft_handler->_post: 	 make request to 0, FEEDBACK
[2021-05-10 00:34:55,049 INFO] pbft_handler->fast_reply: 	 ---> 5: on fast_reply
[2021-05-10 00:34:55,049 INFO] pbft_handler->fast_reply: 	 ---> 5: receive confirm msg from 0
[2021-05-10 00:34:55,049 DEBUG] pbft_handler->fast_reply: 	 Add commit certifiacte to slot 5
[2021-05-10 00:34:55,050 INFO] pbft_handler->fast_reply: 	 5 fast reply to http://localhost:20001/reply successfully!!
[2021-05-10 00:34:55,797 INFO] pbft_handler->feedback: 	 ---> 5: on feedback
[2021-05-10 00:34:55,797 INFO] pbft_handler->feedback: 	 ---> 5: receive preprepare msg from 0
[2021-05-10 00:34:55,797 DEBUG] pbft_handler->_post: 	 make request to 0, FEEDBACK
[2021-05-10 00:34:55,818 INFO] pbft_handler->fast_reply: 	 ---> 5: on fast_reply
[2021-05-10 00:34:55,818 INFO] pbft_handler->fast_reply: 	 ---> 5: receive confirm msg from 0
[2021-05-10 00:34:55,818 DEBUG] pbft_handler->fast_reply: 	 Add commit certifiacte to slot 6
[2021-05-10 00:34:55,819 INFO] pbft_handler->fast_reply: 	 5 fast reply to http://localhost:20001/reply successfully!!
[2021-05-10 00:34:56,488 INFO] pbft_handler->feedback: 	 ---> 5: on feedback
[2021-05-10 00:34:56,488 INFO] pbft_handler->feedback: 	 ---> 5: receive preprepare msg from 0
[2021-05-10 00:34:56,489 DEBUG] pbft_handler->_post: 	 make request to 0, FEEDBACK
[2021-05-10 00:34:56,508 INFO] pbft_handler->fast_reply: 	 ---> 5: on fast_reply
[2021-05-10 00:34:56,508 INFO] pbft_handler->fast_reply: 	 ---> 5: receive confirm msg from 0
[2021-05-10 00:34:56,508 DEBUG] pbft_handler->fast_reply: 	 Add commit certifiacte to slot 7
[2021-05-10 00:34:56,509 INFO] pbft_handler->fast_reply: 	 5 fast reply to http://localhost:20001/reply successfully!!
[2021-05-10 00:34:57,122 INFO] pbft_handler->feedback: 	 ---> 5: on feedback
[2021-05-10 00:34:57,122 INFO] pbft_handler->feedback: 	 ---> 5: receive preprepare msg from 0
[2021-05-10 00:34:57,122 DEBUG] pbft_handler->_post: 	 make request to 0, FEEDBACK
[2021-05-10 00:34:57,145 INFO] pbft_handler->fast_reply: 	 ---> 5: on fast_reply
[2021-05-10 00:34:57,145 INFO] pbft_handler->fast_reply: 	 ---> 5: receive confirm msg from 0
[2021-05-10 00:34:57,145 DEBUG] pbft_handler->fast_reply: 	 Add commit certifiacte to slot 8
[2021-05-10 00:34:57,146 INFO] pbft_handler->fast_reply: 	 5 fast reply to http://localhost:20001/reply successfully!!
[2021-05-10 00:34:57,192 INFO] pbft_handler->feedback: 	 ---> 5: on feedback
[2021-05-10 00:34:57,192 INFO] pbft_handler->feedback: 	 ---> 5: receive preprepare msg from 0
[2021-05-10 00:34:57,193 DEBUG] pbft_handler->_post: 	 make request to 0, FEEDBACK
[2021-05-10 00:34:57,210 INFO] pbft_handler->receive_ckpt_vote: 	 ---> 5: receive checkpoint vote.
[2021-05-10 00:34:57,211 DEBUG] checkpoint->receive_vote: 	 ---> 5: Receive checkpoint votes
[2021-05-10 00:34:57,228 INFO] pbft_handler->receive_ckpt_vote: 	 ---> 5: receive checkpoint vote.
[2021-05-10 00:34:57,228 DEBUG] checkpoint->receive_vote: 	 ---> 5: Receive checkpoint votes
[2021-05-10 00:34:57,246 INFO] pbft_handler->receive_ckpt_vote: 	 ---> 5: receive checkpoint vote.
[2021-05-10 00:34:57,246 DEBUG] checkpoint->receive_vote: 	 ---> 5: Receive checkpoint votes
[2021-05-10 00:34:57,264 INFO] pbft_handler->receive_ckpt_vote: 	 ---> 5: receive checkpoint vote.
[2021-05-10 00:34:57,264 DEBUG] checkpoint->receive_vote: 	 ---> 5: Receive checkpoint votes
[2021-05-10 00:34:57,282 INFO] pbft_handler->receive_ckpt_vote: 	 ---> 5: receive checkpoint vote.
[2021-05-10 00:34:57,282 DEBUG] checkpoint->receive_vote: 	 ---> 5: Receive checkpoint votes
[2021-05-10 00:34:57,292 INFO] pbft_handler->fast_reply: 	 ---> 5: on fast_reply
[2021-05-10 00:34:57,292 INFO] pbft_handler->fast_reply: 	 ---> 5: receive confirm msg from 0
[2021-05-10 00:34:57,292 DEBUG] pbft_handler->fast_reply: 	 Add commit certifiacte to slot 9
[2021-05-10 00:34:57,292 DEBUG] checkpoint->_post: 	 make request to 0, receive_ckpt_vote
[2021-05-10 00:34:57,294 DEBUG] checkpoint->_post: 	 make request to 1, receive_ckpt_vote
[2021-05-10 00:34:57,295 DEBUG] checkpoint->_post: 	 make request to 2, receive_ckpt_vote
[2021-05-10 00:34:57,296 DEBUG] checkpoint->_post: 	 make request to 3, receive_ckpt_vote
[2021-05-10 00:34:57,298 DEBUG] checkpoint->_post: 	 make request to 4, receive_ckpt_vote
[2021-05-10 00:34:57,299 DEBUG] checkpoint->_post: 	 make request to 5, receive_ckpt_vote
[2021-05-10 00:34:57,300 INFO] pbft_handler->receive_ckpt_vote: 	 ---> 5: receive checkpoint vote.
[2021-05-10 00:34:57,300 DEBUG] checkpoint->receive_vote: 	 ---> 5: Receive checkpoint votes
[2021-05-10 00:34:57,300 DEBUG] checkpoint->_post: 	 make request to 6, receive_ckpt_vote
[2021-05-10 00:34:57,301 DEBUG] checkpoint->_post: 	 make request to 7, receive_ckpt_vote
[2021-05-10 00:34:57,303 DEBUG] checkpoint->_post: 	 make request to 8, receive_ckpt_vote
[2021-05-10 00:34:57,304 DEBUG] checkpoint->_post: 	 make request to 9, receive_ckpt_vote
[2021-05-10 00:34:57,305 DEBUG] checkpoint->_post: 	 make request to 10, receive_ckpt_vote
[2021-05-10 00:34:57,306 DEBUG] checkpoint->_post: 	 make request to 11, receive_ckpt_vote
[2021-05-10 00:34:57,308 DEBUG] checkpoint->_post: 	 make request to 12, receive_ckpt_vote
[2021-05-10 00:34:57,309 INFO] pbft_handler->fast_reply: 	 ---> 5: Propose checkpoint with last slot: 9. In addition, current checkpoint's next_slot is: 0
[2021-05-10 00:34:57,310 INFO] pbft_handler->fast_reply: 	 5 fast reply to http://localhost:20001/reply successfully!!
[2021-05-10 00:34:57,318 INFO] pbft_handler->receive_ckpt_vote: 	 ---> 5: receive checkpoint vote.
[2021-05-10 00:34:57,319 DEBUG] checkpoint->receive_vote: 	 ---> 5: Receive checkpoint votes
[2021-05-10 00:34:57,335 INFO] pbft_handler->receive_ckpt_vote: 	 ---> 5: receive checkpoint vote.
[2021-05-10 00:34:57,336 DEBUG] checkpoint->receive_vote: 	 ---> 5: Receive checkpoint votes
[2021-05-10 00:34:57,354 INFO] pbft_handler->receive_ckpt_vote: 	 ---> 5: receive checkpoint vote.
[2021-05-10 00:34:57,354 DEBUG] checkpoint->receive_vote: 	 ---> 5: Receive checkpoint votes
[2021-05-10 00:34:57,354 INFO] checkpoint->receive_vote: 	 ---> 5: Update checkpoint by receiving votes
