[2021-05-10 00:34:37,347 DEBUG] node->main: 	 {'nodes': [{'host': 'localhost', 'port': 30000}, {'host': 'localhost', 'port': 30001}, {'host': 'localhost', 'port': 30002}, {'host': 'localhost', 'port': 30003}, {'host': 'localhost', 'port': 30004}, {'host': 'localhost', 'port': 30005}, {'host': 'localhost', 'port': 30006}, {'host': 'localhost', 'port': 30007}, {'host': 'localhost', 'port': 30008}, {'host': 'localhost', 'port': 30009}, {'host': 'localhost', 'port': 30010}, {'host': 'localhost', 'port': 30011}, {'host': 'localhost', 'port': 30012}], 'clients': [{'host': 'localhost', 'port': 20001}, {'host': 'localhost', 'port': 20002}], 'loss%': 0, 'ckpt_interval': 10, 'retry_times_before_view_change': 2, 'sync_interval': 5, 'misc': {'network_timeout': 1000}}
[2021-05-10 00:34:37,347 INFO] checkpoint->__init__: 	 ---> 7: Create checkpoint.
[2021-05-10 00:34:37,348 DEBUG] selector_events->__init__: 	 Using selector: EpollSelector
[2021-05-10 00:34:52,454 INFO] pbft_handler->feedback: 	 ---> 7: on feedback
[2021-05-10 00:34:52,454 INFO] pbft_handler->feedback: 	 ---> 7: receive preprepare msg from 0
[2021-05-10 00:34:52,454 DEBUG] pbft_handler->_post: 	 make request to 0, FEEDBACK
[2021-05-10 00:34:52,487 INFO] pbft_handler->fast_reply: 	 ---> 7: on fast_reply
[2021-05-10 00:34:52,487 INFO] pbft_handler->fast_reply: 	 ---> 7: receive confirm msg from 0
[2021-05-10 00:34:52,487 DEBUG] pbft_handler->fast_reply: 	 Add commit certifiacte to slot 0
[2021-05-10 00:34:52,488 INFO] pbft_handler->fast_reply: 	 7 fast reply to http://localhost:20001/reply successfully!!
[2021-05-10 00:34:52,683 INFO] pbft_handler->feedback: 	 ---> 7: on feedback
[2021-05-10 00:34:52,683 INFO] pbft_handler->feedback: 	 ---> 7: receive preprepare msg from 0
[2021-05-10 00:34:52,683 DEBUG] pbft_handler->_post: 	 make request to 0, FEEDBACK
[2021-05-10 00:34:52,703 INFO] pbft_handler->fast_reply: 	 ---> 7: on fast_reply
[2021-05-10 00:34:52,703 INFO] pbft_handler->fast_reply: 	 ---> 7: receive confirm msg from 0
[2021-05-10 00:34:52,704 DEBUG] pbft_handler->fast_reply: 	 Add commit certifiacte to slot 1
[2021-05-10 00:34:52,705 INFO] pbft_handler->fast_reply: 	 7 fast reply to http://localhost:20001/reply successfully!!
[2021-05-10 00:34:52,766 INFO] pbft_handler->feedback: 	 ---> 7: on feedback
[2021-05-10 00:34:52,767 INFO] pbft_handler->feedback: 	 ---> 7: receive preprepare msg from 0
[2021-05-10 00:34:52,767 DEBUG] pbft_handler->_post: 	 make request to 0, FEEDBACK
[2021-05-10 00:34:52,788 INFO] pbft_handler->fast_reply: 	 ---> 7: on fast_reply
[2021-05-10 00:34:52,788 INFO] pbft_handler->fast_reply: 	 ---> 7: receive confirm msg from 0
[2021-05-10 00:34:52,788 DEBUG] pbft_handler->fast_reply: 	 Add commit certifiacte to slot 2
[2021-05-10 00:34:52,789 INFO] pbft_handler->fast_reply: 	 7 fast reply to http://localhost:20001/reply successfully!!
[2021-05-10 00:34:53,757 INFO] pbft_handler->feedback: 	 ---> 7: on feedback
[2021-05-10 00:34:53,757 INFO] pbft_handler->feedback: 	 ---> 7: receive preprepare msg from 0
[2021-05-10 00:34:53,757 DEBUG] pbft_handler->_post: 	 make request to 0, FEEDBACK
[2021-05-10 00:34:53,777 INFO] pbft_handler->fast_reply: 	 ---> 7: on fast_reply
[2021-05-10 00:34:53,777 INFO] pbft_handler->fast_reply: 	 ---> 7: receive confirm msg from 0
[2021-05-10 00:34:53,777 DEBUG] pbft_handler->fast_reply: 	 Add commit certifiacte to slot 3
[2021-05-10 00:34:53,778 INFO] pbft_handler->fast_reply: 	 7 fast reply to http://localhost:20001/reply successfully!!
[2021-05-10 00:34:54,505 INFO] pbft_handler->feedback: 	 ---> 7: on feedback
[2021-05-10 00:34:54,505 INFO] pbft_handler->feedback: 	 ---> 7: receive preprepare msg from 0
[2021-05-10 00:34:54,505 DEBUG] pbft_handler->_post: 	 make request to 0, FEEDBACK
[2021-05-10 00:34:54,525 INFO] pbft_handler->fast_reply: 	 ---> 7: on fast_reply
[2021-05-10 00:34:54,525 INFO] pbft_handler->fast_reply: 	 ---> 7: receive confirm msg from 0
[2021-05-10 00:34:54,526 DEBUG] pbft_handler->fast_reply: 	 Add commit certifiacte to slot 4
[2021-05-10 00:34:54,526 INFO] pbft_handler->fast_reply: 	 7 fast reply to http://localhost:20001/reply successfully!!
[2021-05-10 00:34:55,032 INFO] pbft_handler->feedback: 	 ---> 7: on feedback
[2021-05-10 00:34:55,032 INFO] pbft_handler->feedback: 	 ---> 7: receive preprepare msg from 0
[2021-05-10 00:34:55,032 DEBUG] pbft_handler->_post: 	 make request to 0, FEEDBACK
[2021-05-10 00:34:55,052 INFO] pbft_handler->fast_reply: 	 ---> 7: on fast_reply
[2021-05-10 00:34:55,052 INFO] pbft_handler->fast_reply: 	 ---> 7: receive confirm msg from 0
[2021-05-10 00:34:55,053 DEBUG] pbft_handler->fast_reply: 	 Add commit certifiacte to slot 5
[2021-05-10 00:34:55,053 INFO] pbft_handler->fast_reply: 	 7 fast reply to http://localhost:20001/reply successfully!!
[2021-05-10 00:34:55,800 INFO] pbft_handler->feedback: 	 ---> 7: on feedback
[2021-05-10 00:34:55,800 INFO] pbft_handler->feedback: 	 ---> 7: receive preprepare msg from 0
[2021-05-10 00:34:55,800 DEBUG] pbft_handler->_post: 	 make request to 0, FEEDBACK
[2021-05-10 00:34:55,822 INFO] pbft_handler->fast_reply: 	 ---> 7: on fast_reply
[2021-05-10 00:34:55,822 INFO] pbft_handler->fast_reply: 	 ---> 7: receive confirm msg from 0
[2021-05-10 00:34:55,822 DEBUG] pbft_handler->fast_reply: 	 Add commit certifiacte to slot 6
[2021-05-10 00:34:55,823 INFO] pbft_handler->fast_reply: 	 7 fast reply to http://localhost:20001/reply successfully!!
[2021-05-10 00:34:56,492 INFO] pbft_handler->feedback: 	 ---> 7: on feedback
[2021-05-10 00:34:56,492 INFO] pbft_handler->feedback: 	 ---> 7: receive preprepare msg from 0
[2021-05-10 00:34:56,492 DEBUG] pbft_handler->_post: 	 make request to 0, FEEDBACK
[2021-05-10 00:34:56,512 INFO] pbft_handler->fast_reply: 	 ---> 7: on fast_reply
[2021-05-10 00:34:56,512 INFO] pbft_handler->fast_reply: 	 ---> 7: receive confirm msg from 0
[2021-05-10 00:34:56,512 DEBUG] pbft_handler->fast_reply: 	 Add commit certifiacte to slot 7
[2021-05-10 00:34:56,513 INFO] pbft_handler->fast_reply: 	 7 fast reply to http://localhost:20001/reply successfully!!
[2021-05-10 00:34:57,125 INFO] pbft_handler->feedback: 	 ---> 7: on feedback
[2021-05-10 00:34:57,125 INFO] pbft_handler->feedback: 	 ---> 7: receive preprepare msg from 0
[2021-05-10 00:34:57,125 DEBUG] pbft_handler->_post: 	 make request to 0, FEEDBACK
[2021-05-10 00:34:57,149 INFO] pbft_handler->fast_reply: 	 ---> 7: on fast_reply
[2021-05-10 00:34:57,149 INFO] pbft_handler->fast_reply: 	 ---> 7: receive confirm msg from 0
[2021-05-10 00:34:57,149 DEBUG] pbft_handler->fast_reply: 	 Add commit certifiacte to slot 8
[2021-05-10 00:34:57,150 INFO] pbft_handler->fast_reply: 	 7 fast reply to http://localhost:20001/reply successfully!!
[2021-05-10 00:34:57,195 INFO] pbft_handler->feedback: 	 ---> 7: on feedback
[2021-05-10 00:34:57,195 INFO] pbft_handler->feedback: 	 ---> 7: receive preprepare msg from 0
[2021-05-10 00:34:57,195 DEBUG] pbft_handler->_post: 	 make request to 0, FEEDBACK
[2021-05-10 00:34:57,213 INFO] pbft_handler->receive_ckpt_vote: 	 ---> 7: receive checkpoint vote.
[2021-05-10 00:34:57,213 DEBUG] checkpoint->receive_vote: 	 ---> 7: Receive checkpoint votes
[2021-05-10 00:34:57,230 INFO] pbft_handler->receive_ckpt_vote: 	 ---> 7: receive checkpoint vote.
[2021-05-10 00:34:57,230 DEBUG] checkpoint->receive_vote: 	 ---> 7: Receive checkpoint votes
[2021-05-10 00:34:57,248 INFO] pbft_handler->receive_ckpt_vote: 	 ---> 7: receive checkpoint vote.
[2021-05-10 00:34:57,249 DEBUG] checkpoint->receive_vote: 	 ---> 7: Receive checkpoint votes
[2021-05-10 00:34:57,266 INFO] pbft_handler->receive_ckpt_vote: 	 ---> 7: receive checkpoint vote.
[2021-05-10 00:34:57,267 DEBUG] checkpoint->receive_vote: 	 ---> 7: Receive checkpoint votes
[2021-05-10 00:34:57,284 INFO] pbft_handler->receive_ckpt_vote: 	 ---> 7: receive checkpoint vote.
[2021-05-10 00:34:57,284 DEBUG] checkpoint->receive_vote: 	 ---> 7: Receive checkpoint votes
[2021-05-10 00:34:57,302 INFO] pbft_handler->receive_ckpt_vote: 	 ---> 7: receive checkpoint vote.
[2021-05-10 00:34:57,302 DEBUG] checkpoint->receive_vote: 	 ---> 7: Receive checkpoint votes
[2021-05-10 00:34:57,321 INFO] pbft_handler->receive_ckpt_vote: 	 ---> 7: receive checkpoint vote.
[2021-05-10 00:34:57,321 DEBUG] checkpoint->receive_vote: 	 ---> 7: Receive checkpoint votes
[2021-05-10 00:34:57,329 INFO] pbft_handler->fast_reply: 	 ---> 7: on fast_reply
[2021-05-10 00:34:57,329 INFO] pbft_handler->fast_reply: 	 ---> 7: receive confirm msg from 0
[2021-05-10 00:34:57,329 DEBUG] pbft_handler->fast_reply: 	 Add commit certifiacte to slot 9
[2021-05-10 00:34:57,329 DEBUG] checkpoint->_post: 	 make request to 0, receive_ckpt_vote
[2021-05-10 00:34:57,330 DEBUG] checkpoint->_post: 	 make request to 1, receive_ckpt_vote
[2021-05-10 00:34:57,331 DEBUG] checkpoint->_post: 	 make request to 2, receive_ckpt_vote
[2021-05-10 00:34:57,333 DEBUG] checkpoint->_post: 	 make request to 3, receive_ckpt_vote
[2021-05-10 00:34:57,334 DEBUG] checkpoint->_post: 	 make request to 4, receive_ckpt_vote
[2021-05-10 00:34:57,335 DEBUG] checkpoint->_post: 	 make request to 5, receive_ckpt_vote
[2021-05-10 00:34:57,336 DEBUG] checkpoint->_post: 	 make request to 6, receive_ckpt_vote
[2021-05-10 00:34:57,337 DEBUG] checkpoint->_post: 	 make request to 7, receive_ckpt_vote
[2021-05-10 00:34:57,338 INFO] pbft_handler->receive_ckpt_vote: 	 ---> 7: receive checkpoint vote.
[2021-05-10 00:34:57,338 DEBUG] checkpoint->receive_vote: 	 ---> 7: Receive checkpoint votes
[2021-05-10 00:34:57,338 DEBUG] checkpoint->_post: 	 make request to 8, receive_ckpt_vote
[2021-05-10 00:34:57,339 DEBUG] checkpoint->_post: 	 make request to 9, receive_ckpt_vote
[2021-05-10 00:34:57,340 DEBUG] checkpoint->_post: 	 make request to 10, receive_ckpt_vote
[2021-05-10 00:34:57,342 DEBUG] checkpoint->_post: 	 make request to 11, receive_ckpt_vote
[2021-05-10 00:34:57,343 DEBUG] checkpoint->_post: 	 make request to 12, receive_ckpt_vote
[2021-05-10 00:34:57,344 INFO] pbft_handler->fast_reply: 	 ---> 7: Propose checkpoint with last slot: 9. In addition, current checkpoint's next_slot is: 0
[2021-05-10 00:34:57,345 INFO] pbft_handler->fast_reply: 	 7 fast reply to http://localhost:20001/reply successfully!!
[2021-05-10 00:34:57,356 INFO] pbft_handler->receive_ckpt_vote: 	 ---> 7: receive checkpoint vote.
[2021-05-10 00:34:57,357 DEBUG] checkpoint->receive_vote: 	 ---> 7: Receive checkpoint votes
[2021-05-10 00:34:57,357 INFO] checkpoint->receive_vote: 	 ---> 7: Update checkpoint by receiving votes
