[2021-05-10 00:34:37,347 DEBUG] node->main: 	 {'nodes': [{'host': 'localhost', 'port': 30000}, {'host': 'localhost', 'port': 30001}, {'host': 'localhost', 'port': 30002}, {'host': 'localhost', 'port': 30003}, {'host': 'localhost', 'port': 30004}, {'host': 'localhost', 'port': 30005}, {'host': 'localhost', 'port': 30006}, {'host': 'localhost', 'port': 30007}, {'host': 'localhost', 'port': 30008}, {'host': 'localhost', 'port': 30009}, {'host': 'localhost', 'port': 30010}, {'host': 'localhost', 'port': 30011}, {'host': 'localhost', 'port': 30012}], 'clients': [{'host': 'localhost', 'port': 20001}, {'host': 'localhost', 'port': 20002}], 'loss%': 0, 'ckpt_interval': 10, 'retry_times_before_view_change': 2, 'sync_interval': 5, 'misc': {'network_timeout': 1000}}
[2021-05-10 00:34:37,347 INFO] checkpoint->__init__: 	 ---> 4: Create checkpoint.
[2021-05-10 00:34:37,348 DEBUG] selector_events->__init__: 	 Using selector: EpollSelector
[2021-05-10 00:34:52,446 INFO] pbft_handler->feedback: 	 ---> 4: on feedback
[2021-05-10 00:34:52,446 INFO] pbft_handler->feedback: 	 ---> 4: receive preprepare msg from 0
[2021-05-10 00:34:52,446 DEBUG] pbft_handler->_post: 	 make request to 0, FEEDBACK
[2021-05-10 00:34:52,480 INFO] pbft_handler->fast_reply: 	 ---> 4: on fast_reply
[2021-05-10 00:34:52,480 INFO] pbft_handler->fast_reply: 	 ---> 4: receive confirm msg from 0
[2021-05-10 00:34:52,480 DEBUG] pbft_handler->fast_reply: 	 Add commit certifiacte to slot 0
[2021-05-10 00:34:52,481 INFO] pbft_handler->fast_reply: 	 4 fast reply to http://localhost:20001/reply successfully!!
[2021-05-10 00:34:52,677 INFO] pbft_handler->feedback: 	 ---> 4: on feedback
[2021-05-10 00:34:52,677 INFO] pbft_handler->feedback: 	 ---> 4: receive preprepare msg from 0
[2021-05-10 00:34:52,677 DEBUG] pbft_handler->_post: 	 make request to 0, FEEDBACK
[2021-05-10 00:34:52,698 INFO] pbft_handler->fast_reply: 	 ---> 4: on fast_reply
[2021-05-10 00:34:52,698 INFO] pbft_handler->fast_reply: 	 ---> 4: receive confirm msg from 0
[2021-05-10 00:34:52,698 DEBUG] pbft_handler->fast_reply: 	 Add commit certifiacte to slot 1
[2021-05-10 00:34:52,699 INFO] pbft_handler->fast_reply: 	 4 fast reply to http://localhost:20001/reply successfully!!
[2021-05-10 00:34:52,762 INFO] pbft_handler->feedback: 	 ---> 4: on feedback
[2021-05-10 00:34:52,762 INFO] pbft_handler->feedback: 	 ---> 4: receive preprepare msg from 0
[2021-05-10 00:34:52,762 DEBUG] pbft_handler->_post: 	 make request to 0, FEEDBACK
[2021-05-10 00:34:52,783 INFO] pbft_handler->fast_reply: 	 ---> 4: on fast_reply
[2021-05-10 00:34:52,783 INFO] pbft_handler->fast_reply: 	 ---> 4: receive confirm msg from 0
[2021-05-10 00:34:52,783 DEBUG] pbft_handler->fast_reply: 	 Add commit certifiacte to slot 2
[2021-05-10 00:34:52,784 INFO] pbft_handler->fast_reply: 	 4 fast reply to http://localhost:20001/reply successfully!!
[2021-05-10 00:34:53,752 INFO] pbft_handler->feedback: 	 ---> 4: on feedback
[2021-05-10 00:34:53,752 INFO] pbft_handler->feedback: 	 ---> 4: receive preprepare msg from 0
[2021-05-10 00:34:53,752 DEBUG] pbft_handler->_post: 	 make request to 0, FEEDBACK
[2021-05-10 00:34:53,772 INFO] pbft_handler->fast_reply: 	 ---> 4: on fast_reply
[2021-05-10 00:34:53,772 INFO] pbft_handler->fast_reply: 	 ---> 4: receive confirm msg from 0
[2021-05-10 00:34:53,772 DEBUG] pbft_handler->fast_reply: 	 Add commit certifiacte to slot 3
[2021-05-10 00:34:53,773 INFO] pbft_handler->fast_reply: 	 4 fast reply to http://localhost:20001/reply successfully!!
[2021-05-10 00:34:54,500 INFO] pbft_handler->feedback: 	 ---> 4: on feedback
[2021-05-10 00:34:54,500 INFO] pbft_handler->feedback: 	 ---> 4: receive preprepare msg from 0
[2021-05-10 00:34:54,500 DEBUG] pbft_handler->_post: 	 make request to 0, FEEDBACK
[2021-05-10 00:34:54,520 INFO] pbft_handler->fast_reply: 	 ---> 4: on fast_reply
[2021-05-10 00:34:54,521 INFO] pbft_handler->fast_reply: 	 ---> 4: receive confirm msg from 0
[2021-05-10 00:34:54,521 DEBUG] pbft_handler->fast_reply: 	 Add commit certifiacte to slot 4
[2021-05-10 00:34:54,521 INFO] pbft_handler->fast_reply: 	 4 fast reply to http://localhost:20001/reply successfully!!
[2021-05-10 00:34:55,026 INFO] pbft_handler->feedback: 	 ---> 4: on feedback
[2021-05-10 00:34:55,026 INFO] pbft_handler->feedback: 	 ---> 4: receive preprepare msg from 0
[2021-05-10 00:34:55,026 DEBUG] pbft_handler->_post: 	 make request to 0, FEEDBACK
[2021-05-10 00:34:55,047 INFO] pbft_handler->fast_reply: 	 ---> 4: on fast_reply
[2021-05-10 00:34:55,047 INFO] pbft_handler->fast_reply: 	 ---> 4: receive confirm msg from 0
[2021-05-10 00:34:55,047 DEBUG] pbft_handler->fast_reply: 	 Add commit certifiacte to slot 5
[2021-05-10 00:34:55,048 INFO] pbft_handler->fast_reply: 	 4 fast reply to http://localhost:20001/reply successfully!!
[2021-05-10 00:34:55,796 INFO] pbft_handler->feedback: 	 ---> 4: on feedback
[2021-05-10 00:34:55,796 INFO] pbft_handler->feedback: 	 ---> 4: receive preprepare msg from 0
[2021-05-10 00:34:55,796 DEBUG] pbft_handler->_post: 	 make request to 0, FEEDBACK
[2021-05-10 00:34:55,816 INFO] pbft_handler->fast_reply: 	 ---> 4: on fast_reply
[2021-05-10 00:34:55,816 INFO] pbft_handler->fast_reply: 	 ---> 4: receive confirm msg from 0
[2021-05-10 00:34:55,816 DEBUG] pbft_handler->fast_reply: 	 Add commit certifiacte to slot 6
[2021-05-10 00:34:55,817 INFO] pbft_handler->fast_reply: 	 4 fast reply to http://localhost:20001/reply successfully!!
[2021-05-10 00:34:56,487 INFO] pbft_handler->feedback: 	 ---> 4: on feedback
[2021-05-10 00:34:56,487 INFO] pbft_handler->feedback: 	 ---> 4: receive preprepare msg from 0
[2021-05-10 00:34:56,487 DEBUG] pbft_handler->_post: 	 make request to 0, FEEDBACK
[2021-05-10 00:34:56,507 INFO] pbft_handler->fast_reply: 	 ---> 4: on fast_reply
[2021-05-10 00:34:56,507 INFO] pbft_handler->fast_reply: 	 ---> 4: receive confirm msg from 0
[2021-05-10 00:34:56,507 DEBUG] pbft_handler->fast_reply: 	 Add commit certifiacte to slot 7
[2021-05-10 00:34:56,508 INFO] pbft_handler->fast_reply: 	 4 fast reply to http://localhost:20001/reply successfully!!
[2021-05-10 00:34:57,120 INFO] pbft_handler->feedback: 	 ---> 4: on feedback
[2021-05-10 00:34:57,120 INFO] pbft_handler->feedback: 	 ---> 4: receive preprepare msg from 0
[2021-05-10 00:34:57,120 DEBUG] pbft_handler->_post: 	 make request to 0, FEEDBACK
[2021-05-10 00:34:57,143 INFO] pbft_handler->fast_reply: 	 ---> 4: on fast_reply
[2021-05-10 00:34:57,143 INFO] pbft_handler->fast_reply: 	 ---> 4: receive confirm msg from 0
[2021-05-10 00:34:57,143 DEBUG] pbft_handler->fast_reply: 	 Add commit certifiacte to slot 8
[2021-05-10 00:34:57,144 INFO] pbft_handler->fast_reply: 	 4 fast reply to http://localhost:20001/reply successfully!!
[2021-05-10 00:34:57,191 INFO] pbft_handler->feedback: 	 ---> 4: on feedback
[2021-05-10 00:34:57,191 INFO] pbft_handler->feedback: 	 ---> 4: receive preprepare msg from 0
[2021-05-10 00:34:57,191 DEBUG] pbft_handler->_post: 	 make request to 0, FEEDBACK
[2021-05-10 00:34:57,209 INFO] pbft_handler->receive_ckpt_vote: 	 ---> 4: receive checkpoint vote.
[2021-05-10 00:34:57,210 DEBUG] checkpoint->receive_vote: 	 ---> 4: Receive checkpoint votes
[2021-05-10 00:34:57,226 INFO] pbft_handler->receive_ckpt_vote: 	 ---> 4: receive checkpoint vote.
[2021-05-10 00:34:57,227 DEBUG] checkpoint->receive_vote: 	 ---> 4: Receive checkpoint votes
[2021-05-10 00:34:57,245 INFO] pbft_handler->receive_ckpt_vote: 	 ---> 4: receive checkpoint vote.
[2021-05-10 00:34:57,245 DEBUG] checkpoint->receive_vote: 	 ---> 4: Receive checkpoint votes
[2021-05-10 00:34:57,262 INFO] pbft_handler->receive_ckpt_vote: 	 ---> 4: receive checkpoint vote.
[2021-05-10 00:34:57,263 DEBUG] checkpoint->receive_vote: 	 ---> 4: Receive checkpoint votes
[2021-05-10 00:34:57,275 INFO] pbft_handler->fast_reply: 	 ---> 4: on fast_reply
[2021-05-10 00:34:57,275 INFO] pbft_handler->fast_reply: 	 ---> 4: receive confirm msg from 0
[2021-05-10 00:34:57,275 DEBUG] pbft_handler->fast_reply: 	 Add commit certifiacte to slot 9
[2021-05-10 00:34:57,275 DEBUG] checkpoint->_post: 	 make request to 0, receive_ckpt_vote
[2021-05-10 00:34:57,277 DEBUG] checkpoint->_post: 	 make request to 1, receive_ckpt_vote
[2021-05-10 00:34:57,278 DEBUG] checkpoint->_post: 	 make request to 2, receive_ckpt_vote
[2021-05-10 00:34:57,279 DEBUG] checkpoint->_post: 	 make request to 3, receive_ckpt_vote
[2021-05-10 00:34:57,280 DEBUG] checkpoint->_post: 	 make request to 4, receive_ckpt_vote
[2021-05-10 00:34:57,281 INFO] pbft_handler->receive_ckpt_vote: 	 ---> 4: receive checkpoint vote.
[2021-05-10 00:34:57,281 DEBUG] checkpoint->receive_vote: 	 ---> 4: Receive checkpoint votes
[2021-05-10 00:34:57,281 DEBUG] checkpoint->_post: 	 make request to 5, receive_ckpt_vote
[2021-05-10 00:34:57,282 DEBUG] checkpoint->_post: 	 make request to 6, receive_ckpt_vote
[2021-05-10 00:34:57,284 DEBUG] checkpoint->_post: 	 make request to 7, receive_ckpt_vote
[2021-05-10 00:34:57,285 DEBUG] checkpoint->_post: 	 make request to 8, receive_ckpt_vote
[2021-05-10 00:34:57,286 DEBUG] checkpoint->_post: 	 make request to 9, receive_ckpt_vote
[2021-05-10 00:34:57,287 DEBUG] checkpoint->_post: 	 make request to 10, receive_ckpt_vote
[2021-05-10 00:34:57,288 DEBUG] checkpoint->_post: 	 make request to 11, receive_ckpt_vote
[2021-05-10 00:34:57,289 DEBUG] checkpoint->_post: 	 make request to 12, receive_ckpt_vote
[2021-05-10 00:34:57,290 INFO] pbft_handler->fast_reply: 	 ---> 4: Propose checkpoint with last slot: 9. In addition, current checkpoint's next_slot is: 0
[2021-05-10 00:34:57,291 INFO] pbft_handler->fast_reply: 	 4 fast reply to http://localhost:20001/reply successfully!!
[2021-05-10 00:34:57,298 INFO] pbft_handler->receive_ckpt_vote: 	 ---> 4: receive checkpoint vote.
[2021-05-10 00:34:57,299 DEBUG] checkpoint->receive_vote: 	 ---> 4: Receive checkpoint votes
[2021-05-10 00:34:57,317 INFO] pbft_handler->receive_ckpt_vote: 	 ---> 4: receive checkpoint vote.
[2021-05-10 00:34:57,317 DEBUG] checkpoint->receive_vote: 	 ---> 4: Receive checkpoint votes
[2021-05-10 00:34:57,334 INFO] pbft_handler->receive_ckpt_vote: 	 ---> 4: receive checkpoint vote.
[2021-05-10 00:34:57,334 DEBUG] checkpoint->receive_vote: 	 ---> 4: Receive checkpoint votes
[2021-05-10 00:34:57,353 INFO] pbft_handler->receive_ckpt_vote: 	 ---> 4: receive checkpoint vote.
[2021-05-10 00:34:57,353 DEBUG] checkpoint->receive_vote: 	 ---> 4: Receive checkpoint votes
[2021-05-10 00:34:57,353 INFO] checkpoint->receive_vote: 	 ---> 4: Update checkpoint by receiving votes
