[2021-05-10 00:34:37,348 DEBUG] node->main: 	 {'nodes': [{'host': 'localhost', 'port': 30000}, {'host': 'localhost', 'port': 30001}, {'host': 'localhost', 'port': 30002}, {'host': 'localhost', 'port': 30003}, {'host': 'localhost', 'port': 30004}, {'host': 'localhost', 'port': 30005}, {'host': 'localhost', 'port': 30006}, {'host': 'localhost', 'port': 30007}, {'host': 'localhost', 'port': 30008}, {'host': 'localhost', 'port': 30009}, {'host': 'localhost', 'port': 30010}, {'host': 'localhost', 'port': 30011}, {'host': 'localhost', 'port': 30012}], 'clients': [{'host': 'localhost', 'port': 20001}, {'host': 'localhost', 'port': 20002}], 'loss%': 0, 'ckpt_interval': 10, 'retry_times_before_view_change': 2, 'sync_interval': 5, 'misc': {'network_timeout': 1000}}
[2021-05-10 00:34:37,348 INFO] checkpoint->__init__: 	 ---> 3: Create checkpoint.
[2021-05-10 00:34:37,348 DEBUG] selector_events->__init__: 	 Using selector: EpollSelector
[2021-05-10 00:34:52,443 INFO] pbft_handler->feedback: 	 ---> 3: on feedback
[2021-05-10 00:34:52,443 INFO] pbft_handler->feedback: 	 ---> 3: receive preprepare msg from 0
[2021-05-10 00:34:52,443 DEBUG] pbft_handler->_post: 	 make request to 0, FEEDBACK
[2021-05-10 00:34:52,477 INFO] pbft_handler->fast_reply: 	 ---> 3: on fast_reply
[2021-05-10 00:34:52,477 INFO] pbft_handler->fast_reply: 	 ---> 3: receive confirm msg from 0
[2021-05-10 00:34:52,477 DEBUG] pbft_handler->fast_reply: 	 Add commit certifiacte to slot 0
[2021-05-10 00:34:52,479 INFO] pbft_handler->fast_reply: 	 3 fast reply to http://localhost:20001/reply successfully!!
[2021-05-10 00:34:52,675 INFO] pbft_handler->feedback: 	 ---> 3: on feedback
[2021-05-10 00:34:52,675 INFO] pbft_handler->feedback: 	 ---> 3: receive preprepare msg from 0
[2021-05-10 00:34:52,676 DEBUG] pbft_handler->_post: 	 make request to 0, FEEDBACK
[2021-05-10 00:34:52,696 INFO] pbft_handler->fast_reply: 	 ---> 3: on fast_reply
[2021-05-10 00:34:52,696 INFO] pbft_handler->fast_reply: 	 ---> 3: receive confirm msg from 0
[2021-05-10 00:34:52,696 DEBUG] pbft_handler->fast_reply: 	 Add commit certifiacte to slot 1
[2021-05-10 00:34:52,697 INFO] pbft_handler->fast_reply: 	 3 fast reply to http://localhost:20001/reply successfully!!
[2021-05-10 00:34:52,760 INFO] pbft_handler->feedback: 	 ---> 3: on feedback
[2021-05-10 00:34:52,760 INFO] pbft_handler->feedback: 	 ---> 3: receive preprepare msg from 0
[2021-05-10 00:34:52,760 DEBUG] pbft_handler->_post: 	 make request to 0, FEEDBACK
[2021-05-10 00:34:52,781 INFO] pbft_handler->fast_reply: 	 ---> 3: on fast_reply
[2021-05-10 00:34:52,781 INFO] pbft_handler->fast_reply: 	 ---> 3: receive confirm msg from 0
[2021-05-10 00:34:52,781 DEBUG] pbft_handler->fast_reply: 	 Add commit certifiacte to slot 2
[2021-05-10 00:34:52,782 INFO] pbft_handler->fast_reply: 	 3 fast reply to http://localhost:20001/reply successfully!!
[2021-05-10 00:34:53,750 INFO] pbft_handler->feedback: 	 ---> 3: on feedback
[2021-05-10 00:34:53,751 INFO] pbft_handler->feedback: 	 ---> 3: receive preprepare msg from 0
[2021-05-10 00:34:53,751 DEBUG] pbft_handler->_post: 	 make request to 0, FEEDBACK
[2021-05-10 00:34:53,770 INFO] pbft_handler->fast_reply: 	 ---> 3: on fast_reply
[2021-05-10 00:34:53,770 INFO] pbft_handler->fast_reply: 	 ---> 3: receive confirm msg from 0
[2021-05-10 00:34:53,771 DEBUG] pbft_handler->fast_reply: 	 Add commit certifiacte to slot 3
[2021-05-10 00:34:53,771 INFO] pbft_handler->fast_reply: 	 3 fast reply to http://localhost:20001/reply successfully!!
[2021-05-10 00:34:54,498 INFO] pbft_handler->feedback: 	 ---> 3: on feedback
[2021-05-10 00:34:54,498 INFO] pbft_handler->feedback: 	 ---> 3: receive preprepare msg from 0
[2021-05-10 00:34:54,498 DEBUG] pbft_handler->_post: 	 make request to 0, FEEDBACK
[2021-05-10 00:34:54,519 INFO] pbft_handler->fast_reply: 	 ---> 3: on fast_reply
[2021-05-10 00:34:54,519 INFO] pbft_handler->fast_reply: 	 ---> 3: receive confirm msg from 0
[2021-05-10 00:34:54,519 DEBUG] pbft_handler->fast_reply: 	 Add commit certifiacte to slot 4
[2021-05-10 00:34:54,520 INFO] pbft_handler->fast_reply: 	 3 fast reply to http://localhost:20001/reply successfully!!
[2021-05-10 00:34:55,024 INFO] pbft_handler->feedback: 	 ---> 3: on feedback
[2021-05-10 00:34:55,024 INFO] pbft_handler->feedback: 	 ---> 3: receive preprepare msg from 0
[2021-05-10 00:34:55,024 DEBUG] pbft_handler->_post: 	 make request to 0, FEEDBACK
[2021-05-10 00:34:55,046 INFO] pbft_handler->fast_reply: 	 ---> 3: on fast_reply
[2021-05-10 00:34:55,046 INFO] pbft_handler->fast_reply: 	 ---> 3: receive confirm msg from 0
[2021-05-10 00:34:55,046 DEBUG] pbft_handler->fast_reply: 	 Add commit certifiacte to slot 5
[2021-05-10 00:34:55,046 INFO] pbft_handler->fast_reply: 	 3 fast reply to http://localhost:20001/reply successfully!!
[2021-05-10 00:34:55,794 INFO] pbft_handler->feedback: 	 ---> 3: on feedback
[2021-05-10 00:34:55,794 INFO] pbft_handler->feedback: 	 ---> 3: receive preprepare msg from 0
[2021-05-10 00:34:55,794 DEBUG] pbft_handler->_post: 	 make request to 0, FEEDBACK
[2021-05-10 00:34:55,814 INFO] pbft_handler->fast_reply: 	 ---> 3: on fast_reply
[2021-05-10 00:34:55,814 INFO] pbft_handler->fast_reply: 	 ---> 3: receive confirm msg from 0
[2021-05-10 00:34:55,814 DEBUG] pbft_handler->fast_reply: 	 Add commit certifiacte to slot 6
[2021-05-10 00:34:55,815 INFO] pbft_handler->fast_reply: 	 3 fast reply to http://localhost:20001/reply successfully!!
[2021-05-10 00:34:56,485 INFO] pbft_handler->feedback: 	 ---> 3: on feedback
[2021-05-10 00:34:56,485 INFO] pbft_handler->feedback: 	 ---> 3: receive preprepare msg from 0
[2021-05-10 00:34:56,485 DEBUG] pbft_handler->_post: 	 make request to 0, FEEDBACK
[2021-05-10 00:34:56,505 INFO] pbft_handler->fast_reply: 	 ---> 3: on fast_reply
[2021-05-10 00:34:56,505 INFO] pbft_handler->fast_reply: 	 ---> 3: receive confirm msg from 0
[2021-05-10 00:34:56,505 DEBUG] pbft_handler->fast_reply: 	 Add commit certifiacte to slot 7
[2021-05-10 00:34:56,506 INFO] pbft_handler->fast_reply: 	 3 fast reply to http://localhost:20001/reply successfully!!
[2021-05-10 00:34:57,119 INFO] pbft_handler->feedback: 	 ---> 3: on feedback
[2021-05-10 00:34:57,119 INFO] pbft_handler->feedback: 	 ---> 3: receive preprepare msg from 0
[2021-05-10 00:34:57,119 DEBUG] pbft_handler->_post: 	 make request to 0, FEEDBACK
[2021-05-10 00:34:57,141 INFO] pbft_handler->fast_reply: 	 ---> 3: on fast_reply
[2021-05-10 00:34:57,141 INFO] pbft_handler->fast_reply: 	 ---> 3: receive confirm msg from 0
[2021-05-10 00:34:57,141 DEBUG] pbft_handler->fast_reply: 	 Add commit certifiacte to slot 8
[2021-05-10 00:34:57,142 INFO] pbft_handler->fast_reply: 	 3 fast reply to http://localhost:20001/reply successfully!!
[2021-05-10 00:34:57,189 INFO] pbft_handler->feedback: 	 ---> 3: on feedback
[2021-05-10 00:34:57,189 INFO] pbft_handler->feedback: 	 ---> 3: receive preprepare msg from 0
[2021-05-10 00:34:57,190 DEBUG] pbft_handler->_post: 	 make request to 0, FEEDBACK
[2021-05-10 00:34:57,208 INFO] pbft_handler->receive_ckpt_vote: 	 ---> 3: receive checkpoint vote.
[2021-05-10 00:34:57,208 DEBUG] checkpoint->receive_vote: 	 ---> 3: Receive checkpoint votes
[2021-05-10 00:34:57,225 INFO] pbft_handler->receive_ckpt_vote: 	 ---> 3: receive checkpoint vote.
[2021-05-10 00:34:57,225 DEBUG] checkpoint->receive_vote: 	 ---> 3: Receive checkpoint votes
[2021-05-10 00:34:57,244 INFO] pbft_handler->receive_ckpt_vote: 	 ---> 3: receive checkpoint vote.
[2021-05-10 00:34:57,244 DEBUG] checkpoint->receive_vote: 	 ---> 3: Receive checkpoint votes
[2021-05-10 00:34:57,256 INFO] pbft_handler->fast_reply: 	 ---> 3: on fast_reply
[2021-05-10 00:34:57,256 INFO] pbft_handler->fast_reply: 	 ---> 3: receive confirm msg from 0
[2021-05-10 00:34:57,256 DEBUG] pbft_handler->fast_reply: 	 Add commit certifiacte to slot 9
[2021-05-10 00:34:57,256 DEBUG] checkpoint->_post: 	 make request to 0, receive_ckpt_vote
[2021-05-10 00:34:57,258 DEBUG] checkpoint->_post: 	 make request to 1, receive_ckpt_vote
[2021-05-10 00:34:57,259 DEBUG] checkpoint->_post: 	 make request to 2, receive_ckpt_vote
[2021-05-10 00:34:57,260 DEBUG] checkpoint->_post: 	 make request to 3, receive_ckpt_vote
[2021-05-10 00:34:57,261 INFO] pbft_handler->receive_ckpt_vote: 	 ---> 3: receive checkpoint vote.
[2021-05-10 00:34:57,261 DEBUG] checkpoint->receive_vote: 	 ---> 3: Receive checkpoint votes
[2021-05-10 00:34:57,262 DEBUG] checkpoint->_post: 	 make request to 4, receive_ckpt_vote
[2021-05-10 00:34:57,263 DEBUG] checkpoint->_post: 	 make request to 5, receive_ckpt_vote
[2021-05-10 00:34:57,264 DEBUG] checkpoint->_post: 	 make request to 6, receive_ckpt_vote
[2021-05-10 00:34:57,266 DEBUG] checkpoint->_post: 	 make request to 7, receive_ckpt_vote
[2021-05-10 00:34:57,267 DEBUG] checkpoint->_post: 	 make request to 8, receive_ckpt_vote
[2021-05-10 00:34:57,268 DEBUG] checkpoint->_post: 	 make request to 9, receive_ckpt_vote
[2021-05-10 00:34:57,270 DEBUG] checkpoint->_post: 	 make request to 10, receive_ckpt_vote
[2021-05-10 00:34:57,271 DEBUG] checkpoint->_post: 	 make request to 11, receive_ckpt_vote
[2021-05-10 00:34:57,272 DEBUG] checkpoint->_post: 	 make request to 12, receive_ckpt_vote
[2021-05-10 00:34:57,273 INFO] pbft_handler->fast_reply: 	 ---> 3: Propose checkpoint with last slot: 9. In addition, current checkpoint's next_slot is: 0
[2021-05-10 00:34:57,274 INFO] pbft_handler->fast_reply: 	 3 fast reply to http://localhost:20001/reply successfully!!
[2021-05-10 00:34:57,280 INFO] pbft_handler->receive_ckpt_vote: 	 ---> 3: receive checkpoint vote.
[2021-05-10 00:34:57,280 DEBUG] checkpoint->receive_vote: 	 ---> 3: Receive checkpoint votes
[2021-05-10 00:34:57,297 INFO] pbft_handler->receive_ckpt_vote: 	 ---> 3: receive checkpoint vote.
[2021-05-10 00:34:57,297 DEBUG] checkpoint->receive_vote: 	 ---> 3: Receive checkpoint votes
[2021-05-10 00:34:57,316 INFO] pbft_handler->receive_ckpt_vote: 	 ---> 3: receive checkpoint vote.
[2021-05-10 00:34:57,316 DEBUG] checkpoint->receive_vote: 	 ---> 3: Receive checkpoint votes
[2021-05-10 00:34:57,333 INFO] pbft_handler->receive_ckpt_vote: 	 ---> 3: receive checkpoint vote.
[2021-05-10 00:34:57,333 DEBUG] checkpoint->receive_vote: 	 ---> 3: Receive checkpoint votes
[2021-05-10 00:34:57,352 INFO] pbft_handler->receive_ckpt_vote: 	 ---> 3: receive checkpoint vote.
[2021-05-10 00:34:57,352 DEBUG] checkpoint->receive_vote: 	 ---> 3: Receive checkpoint votes
[2021-05-10 00:34:57,352 INFO] checkpoint->receive_vote: 	 ---> 3: Update checkpoint by receiving votes
