[2021-05-10 00:34:37,348 DEBUG] node->main: 	 {'nodes': [{'host': 'localhost', 'port': 30000}, {'host': 'localhost', 'port': 30001}, {'host': 'localhost', 'port': 30002}, {'host': 'localhost', 'port': 30003}, {'host': 'localhost', 'port': 30004}, {'host': 'localhost', 'port': 30005}, {'host': 'localhost', 'port': 30006}, {'host': 'localhost', 'port': 30007}, {'host': 'localhost', 'port': 30008}, {'host': 'localhost', 'port': 30009}, {'host': 'localhost', 'port': 30010}, {'host': 'localhost', 'port': 30011}, {'host': 'localhost', 'port': 30012}], 'clients': [{'host': 'localhost', 'port': 20001}, {'host': 'localhost', 'port': 20002}], 'loss%': 0, 'ckpt_interval': 10, 'retry_times_before_view_change': 2, 'sync_interval': 5, 'misc': {'network_timeout': 1000}}
[2021-05-10 00:34:37,348 INFO] checkpoint->__init__: 	 ---> 2: Create checkpoint.
[2021-05-10 00:34:37,348 DEBUG] selector_events->__init__: 	 Using selector: EpollSelector
[2021-05-10 00:34:52,440 INFO] pbft_handler->feedback: 	 ---> 2: on feedback
[2021-05-10 00:34:52,440 INFO] pbft_handler->feedback: 	 ---> 2: receive preprepare msg from 0
[2021-05-10 00:34:52,440 DEBUG] pbft_handler->_post: 	 make request to 0, FEEDBACK
[2021-05-10 00:34:52,475 INFO] pbft_handler->fast_reply: 	 ---> 2: on fast_reply
[2021-05-10 00:34:52,475 INFO] pbft_handler->fast_reply: 	 ---> 2: receive confirm msg from 0
[2021-05-10 00:34:52,475 DEBUG] pbft_handler->fast_reply: 	 Add commit certifiacte to slot 0
[2021-05-10 00:34:52,476 INFO] pbft_handler->fast_reply: 	 2 fast reply to http://localhost:20001/reply successfully!!
[2021-05-10 00:34:52,674 INFO] pbft_handler->feedback: 	 ---> 2: on feedback
[2021-05-10 00:34:52,674 INFO] pbft_handler->feedback: 	 ---> 2: receive preprepare msg from 0
[2021-05-10 00:34:52,674 DEBUG] pbft_handler->_post: 	 make request to 0, FEEDBACK
[2021-05-10 00:34:52,694 INFO] pbft_handler->fast_reply: 	 ---> 2: on fast_reply
[2021-05-10 00:34:52,695 INFO] pbft_handler->fast_reply: 	 ---> 2: receive confirm msg from 0
[2021-05-10 00:34:52,695 DEBUG] pbft_handler->fast_reply: 	 Add commit certifiacte to slot 1
[2021-05-10 00:34:52,695 INFO] pbft_handler->fast_reply: 	 2 fast reply to http://localhost:20001/reply successfully!!
[2021-05-10 00:34:52,759 INFO] pbft_handler->feedback: 	 ---> 2: on feedback
[2021-05-10 00:34:52,759 INFO] pbft_handler->feedback: 	 ---> 2: receive preprepare msg from 0
[2021-05-10 00:34:52,759 DEBUG] pbft_handler->_post: 	 make request to 0, FEEDBACK
[2021-05-10 00:34:52,780 INFO] pbft_handler->fast_reply: 	 ---> 2: on fast_reply
[2021-05-10 00:34:52,780 INFO] pbft_handler->fast_reply: 	 ---> 2: receive confirm msg from 0
[2021-05-10 00:34:52,780 DEBUG] pbft_handler->fast_reply: 	 Add commit certifiacte to slot 2
[2021-05-10 00:34:52,780 INFO] pbft_handler->fast_reply: 	 2 fast reply to http://localhost:20001/reply successfully!!
[2021-05-10 00:34:53,749 INFO] pbft_handler->feedback: 	 ---> 2: on feedback
[2021-05-10 00:34:53,749 INFO] pbft_handler->feedback: 	 ---> 2: receive preprepare msg from 0
[2021-05-10 00:34:53,749 DEBUG] pbft_handler->_post: 	 make request to 0, FEEDBACK
[2021-05-10 00:34:53,769 INFO] pbft_handler->fast_reply: 	 ---> 2: on fast_reply
[2021-05-10 00:34:53,769 INFO] pbft_handler->fast_reply: 	 ---> 2: receive confirm msg from 0
[2021-05-10 00:34:53,769 DEBUG] pbft_handler->fast_reply: 	 Add commit certifiacte to slot 3
[2021-05-10 00:34:53,770 INFO] pbft_handler->fast_reply: 	 2 fast reply to http://localhost:20001/reply successfully!!
[2021-05-10 00:34:54,496 INFO] pbft_handler->feedback: 	 ---> 2: on feedback
[2021-05-10 00:34:54,497 INFO] pbft_handler->feedback: 	 ---> 2: receive preprepare msg from 0
[2021-05-10 00:34:54,497 DEBUG] pbft_handler->_post: 	 make request to 0, FEEDBACK
[2021-05-10 00:34:54,517 INFO] pbft_handler->fast_reply: 	 ---> 2: on fast_reply
[2021-05-10 00:34:54,517 INFO] pbft_handler->fast_reply: 	 ---> 2: receive confirm msg from 0
[2021-05-10 00:34:54,517 DEBUG] pbft_handler->fast_reply: 	 Add commit certifiacte to slot 4
[2021-05-10 00:34:54,518 INFO] pbft_handler->fast_reply: 	 2 fast reply to http://localhost:20001/reply successfully!!
[2021-05-10 00:34:55,023 INFO] pbft_handler->feedback: 	 ---> 2: on feedback
[2021-05-10 00:34:55,023 INFO] pbft_handler->feedback: 	 ---> 2: receive preprepare msg from 0
[2021-05-10 00:34:55,023 DEBUG] pbft_handler->_post: 	 make request to 0, FEEDBACK
[2021-05-10 00:34:55,044 INFO] pbft_handler->fast_reply: 	 ---> 2: on fast_reply
[2021-05-10 00:34:55,044 INFO] pbft_handler->fast_reply: 	 ---> 2: receive confirm msg from 0
[2021-05-10 00:34:55,044 DEBUG] pbft_handler->fast_reply: 	 Add commit certifiacte to slot 5
[2021-05-10 00:34:55,045 INFO] pbft_handler->fast_reply: 	 2 fast reply to http://localhost:20001/reply successfully!!
[2021-05-10 00:34:55,792 INFO] pbft_handler->feedback: 	 ---> 2: on feedback
[2021-05-10 00:34:55,793 INFO] pbft_handler->feedback: 	 ---> 2: receive preprepare msg from 0
[2021-05-10 00:34:55,793 DEBUG] pbft_handler->_post: 	 make request to 0, FEEDBACK
[2021-05-10 00:34:55,813 INFO] pbft_handler->fast_reply: 	 ---> 2: on fast_reply
[2021-05-10 00:34:55,813 INFO] pbft_handler->fast_reply: 	 ---> 2: receive confirm msg from 0
[2021-05-10 00:34:55,813 DEBUG] pbft_handler->fast_reply: 	 Add commit certifiacte to slot 6
[2021-05-10 00:34:55,814 INFO] pbft_handler->fast_reply: 	 2 fast reply to http://localhost:20001/reply successfully!!
[2021-05-10 00:34:56,484 INFO] pbft_handler->feedback: 	 ---> 2: on feedback
[2021-05-10 00:34:56,484 INFO] pbft_handler->feedback: 	 ---> 2: receive preprepare msg from 0
[2021-05-10 00:34:56,484 DEBUG] pbft_handler->_post: 	 make request to 0, FEEDBACK
[2021-05-10 00:34:56,504 INFO] pbft_handler->fast_reply: 	 ---> 2: on fast_reply
[2021-05-10 00:34:56,504 INFO] pbft_handler->fast_reply: 	 ---> 2: receive confirm msg from 0
[2021-05-10 00:34:56,504 DEBUG] pbft_handler->fast_reply: 	 Add commit certifiacte to slot 7
[2021-05-10 00:34:56,505 INFO] pbft_handler->fast_reply: 	 2 fast reply to http://localhost:20001/reply successfully!!
[2021-05-10 00:34:57,117 INFO] pbft_handler->feedback: 	 ---> 2: on feedback
[2021-05-10 00:34:57,117 INFO] pbft_handler->feedback: 	 ---> 2: receive preprepare msg from 0
[2021-05-10 00:34:57,117 DEBUG] pbft_handler->_post: 	 make request to 0, FEEDBACK
[2021-05-10 00:34:57,139 INFO] pbft_handler->fast_reply: 	 ---> 2: on fast_reply
[2021-05-10 00:34:57,139 INFO] pbft_handler->fast_reply: 	 ---> 2: receive confirm msg from 0
[2021-05-10 00:34:57,139 DEBUG] pbft_handler->fast_reply: 	 Add commit certifiacte to slot 8
[2021-05-10 00:34:57,140 INFO] pbft_handler->fast_reply: 	 2 fast reply to http://localhost:20001/reply successfully!!
[2021-05-10 00:34:57,188 INFO] pbft_handler->feedback: 	 ---> 2: on feedback
[2021-05-10 00:34:57,188 INFO] pbft_handler->feedback: 	 ---> 2: receive preprepare msg from 0
[2021-05-10 00:34:57,188 DEBUG] pbft_handler->_post: 	 make request to 0, FEEDBACK
[2021-05-10 00:34:57,207 INFO] pbft_handler->receive_ckpt_vote: 	 ---> 2: receive checkpoint vote.
[2021-05-10 00:34:57,207 DEBUG] checkpoint->receive_vote: 	 ---> 2: Receive checkpoint votes
[2021-05-10 00:34:57,224 INFO] pbft_handler->receive_ckpt_vote: 	 ---> 2: receive checkpoint vote.
[2021-05-10 00:34:57,224 DEBUG] checkpoint->receive_vote: 	 ---> 2: Receive checkpoint votes
[2021-05-10 00:34:57,239 INFO] pbft_handler->fast_reply: 	 ---> 2: on fast_reply
[2021-05-10 00:34:57,239 INFO] pbft_handler->fast_reply: 	 ---> 2: receive confirm msg from 0
[2021-05-10 00:34:57,239 DEBUG] pbft_handler->fast_reply: 	 Add commit certifiacte to slot 9
[2021-05-10 00:34:57,239 DEBUG] checkpoint->_post: 	 make request to 0, receive_ckpt_vote
[2021-05-10 00:34:57,240 DEBUG] checkpoint->_post: 	 make request to 1, receive_ckpt_vote
[2021-05-10 00:34:57,242 DEBUG] checkpoint->_post: 	 make request to 2, receive_ckpt_vote
[2021-05-10 00:34:57,242 INFO] pbft_handler->receive_ckpt_vote: 	 ---> 2: receive checkpoint vote.
[2021-05-10 00:34:57,242 DEBUG] checkpoint->receive_vote: 	 ---> 2: Receive checkpoint votes
[2021-05-10 00:34:57,243 DEBUG] checkpoint->_post: 	 make request to 3, receive_ckpt_vote
[2021-05-10 00:34:57,244 DEBUG] checkpoint->_post: 	 make request to 4, receive_ckpt_vote
[2021-05-10 00:34:57,245 DEBUG] checkpoint->_post: 	 make request to 5, receive_ckpt_vote
[2021-05-10 00:34:57,246 DEBUG] checkpoint->_post: 	 make request to 6, receive_ckpt_vote
[2021-05-10 00:34:57,248 DEBUG] checkpoint->_post: 	 make request to 7, receive_ckpt_vote
[2021-05-10 00:34:57,249 DEBUG] checkpoint->_post: 	 make request to 8, receive_ckpt_vote
[2021-05-10 00:34:57,250 DEBUG] checkpoint->_post: 	 make request to 9, receive_ckpt_vote
[2021-05-10 00:34:57,251 DEBUG] checkpoint->_post: 	 make request to 10, receive_ckpt_vote
[2021-05-10 00:34:57,252 DEBUG] checkpoint->_post: 	 make request to 11, receive_ckpt_vote
[2021-05-10 00:34:57,253 DEBUG] checkpoint->_post: 	 make request to 12, receive_ckpt_vote
[2021-05-10 00:34:57,254 INFO] pbft_handler->fast_reply: 	 ---> 2: Propose checkpoint with last slot: 9. In addition, current checkpoint's next_slot is: 0
[2021-05-10 00:34:57,255 INFO] pbft_handler->fast_reply: 	 2 fast reply to http://localhost:20001/reply successfully!!
[2021-05-10 00:34:57,260 INFO] pbft_handler->receive_ckpt_vote: 	 ---> 2: receive checkpoint vote.
[2021-05-10 00:34:57,260 DEBUG] checkpoint->receive_vote: 	 ---> 2: Receive checkpoint votes
[2021-05-10 00:34:57,279 INFO] pbft_handler->receive_ckpt_vote: 	 ---> 2: receive checkpoint vote.
[2021-05-10 00:34:57,279 DEBUG] checkpoint->receive_vote: 	 ---> 2: Receive checkpoint votes
[2021-05-10 00:34:57,296 INFO] pbft_handler->receive_ckpt_vote: 	 ---> 2: receive checkpoint vote.
[2021-05-10 00:34:57,296 DEBUG] checkpoint->receive_vote: 	 ---> 2: Receive checkpoint votes
[2021-05-10 00:34:57,315 INFO] pbft_handler->receive_ckpt_vote: 	 ---> 2: receive checkpoint vote.
[2021-05-10 00:34:57,315 DEBUG] checkpoint->receive_vote: 	 ---> 2: Receive checkpoint votes
[2021-05-10 00:34:57,332 INFO] pbft_handler->receive_ckpt_vote: 	 ---> 2: receive checkpoint vote.
[2021-05-10 00:34:57,332 DEBUG] checkpoint->receive_vote: 	 ---> 2: Receive checkpoint votes
[2021-05-10 00:34:57,350 INFO] pbft_handler->receive_ckpt_vote: 	 ---> 2: receive checkpoint vote.
[2021-05-10 00:34:57,350 DEBUG] checkpoint->receive_vote: 	 ---> 2: Receive checkpoint votes
[2021-05-10 00:34:57,350 INFO] checkpoint->receive_vote: 	 ---> 2: Update checkpoint by receiving votes
