[2021-05-10 17:21:41,059 DEBUG] node->main: 	 {'nodes': [{'host': 'localhost', 'port': 30000}, {'host': 'localhost', 'port': 30001}, {'host': 'localhost', 'port': 30002}, {'host': 'localhost', 'port': 30003}], 'clients': [{'host': 'localhost', 'port': 20001}, {'host': 'localhost', 'port': 20002}], 'loss%': 0, 'ckpt_interval': 100, 'dump_interval': 10, 'retry_times_before_view_change': 2, 'sync_interval': 5, 'misc': {'network_timeout': 1000}}
[2021-05-10 17:21:41,059 INFO] checkpoint->__init__: 	 ---> 3: Create checkpoint.
[2021-05-10 17:21:41,059 DEBUG] selector_events->__init__: 	 Using selector: EpollSelector
[2021-05-10 17:21:45,807 INFO] pbft_handler->feedback: 	 3: on feedback
[2021-05-10 17:21:45,807 INFO] pbft_handler->feedback: 	 3: receive preprepare msg from 0
[2021-05-10 17:21:45,807 DEBUG] pbft_handler->_post: 	 make request to 0, FEEDBACK
[2021-05-10 17:21:45,816 INFO] pbft_handler->fast_reply: 	 3: on fast_reply
[2021-05-10 17:21:45,817 INFO] pbft_handler->fast_reply: 	 3: receive confirm msg from 0
[2021-05-10 17:21:45,817 DEBUG] pbft_handler->fast_reply: 	 Add commit certifiacte to slot 0
[2021-05-10 17:21:45,818 INFO] pbft_handler->fast_reply: 	 3 fast reply to http://localhost:20001/reply successfully!!
[2021-05-10 17:21:46,153 INFO] pbft_handler->feedback: 	 3: on feedback
[2021-05-10 17:21:46,153 INFO] pbft_handler->feedback: 	 3: receive preprepare msg from 0
[2021-05-10 17:21:46,153 DEBUG] pbft_handler->_post: 	 make request to 0, FEEDBACK
[2021-05-10 17:21:46,160 INFO] pbft_handler->fast_reply: 	 3: on fast_reply
[2021-05-10 17:21:46,160 INFO] pbft_handler->fast_reply: 	 3: receive confirm msg from 0
[2021-05-10 17:21:46,160 DEBUG] pbft_handler->fast_reply: 	 Add commit certifiacte to slot 1
[2021-05-10 17:21:46,161 INFO] pbft_handler->fast_reply: 	 3 fast reply to http://localhost:20001/reply successfully!!
[2021-05-10 17:21:46,254 INFO] pbft_handler->feedback: 	 3: on feedback
[2021-05-10 17:21:46,254 INFO] pbft_handler->feedback: 	 3: receive preprepare msg from 0
[2021-05-10 17:21:46,254 DEBUG] pbft_handler->_post: 	 make request to 0, FEEDBACK
[2021-05-10 17:21:46,260 INFO] pbft_handler->fast_reply: 	 3: on fast_reply
[2021-05-10 17:21:46,260 INFO] pbft_handler->fast_reply: 	 3: receive confirm msg from 0
[2021-05-10 17:21:46,260 DEBUG] pbft_handler->fast_reply: 	 Add commit certifiacte to slot 2
[2021-05-10 17:21:46,261 INFO] pbft_handler->fast_reply: 	 3 fast reply to http://localhost:20001/reply successfully!!
[2021-05-10 17:21:46,829 INFO] pbft_handler->feedback: 	 3: on feedback
[2021-05-10 17:21:46,829 INFO] pbft_handler->feedback: 	 3: receive preprepare msg from 0
[2021-05-10 17:21:46,829 DEBUG] pbft_handler->_post: 	 make request to 0, FEEDBACK
[2021-05-10 17:21:46,834 INFO] pbft_handler->fast_reply: 	 3: on fast_reply
[2021-05-10 17:21:46,834 INFO] pbft_handler->fast_reply: 	 3: receive confirm msg from 0
[2021-05-10 17:21:46,834 DEBUG] pbft_handler->fast_reply: 	 Add commit certifiacte to slot 3
[2021-05-10 17:21:46,835 INFO] pbft_handler->fast_reply: 	 3 fast reply to http://localhost:20001/reply successfully!!
[2021-05-10 17:21:47,271 INFO] pbft_handler->feedback: 	 3: on feedback
[2021-05-10 17:21:47,271 INFO] pbft_handler->feedback: 	 3: receive preprepare msg from 0
[2021-05-10 17:21:47,271 DEBUG] pbft_handler->_post: 	 make request to 0, FEEDBACK
[2021-05-10 17:21:47,277 INFO] pbft_handler->fast_reply: 	 3: on fast_reply
[2021-05-10 17:21:47,277 INFO] pbft_handler->fast_reply: 	 3: receive confirm msg from 0
[2021-05-10 17:21:47,277 DEBUG] pbft_handler->fast_reply: 	 Add commit certifiacte to slot 4
[2021-05-10 17:21:47,278 INFO] pbft_handler->fast_reply: 	 3 fast reply to http://localhost:20001/reply successfully!!
[2021-05-10 17:21:48,038 INFO] pbft_handler->feedback: 	 3: on feedback
[2021-05-10 17:21:48,038 INFO] pbft_handler->feedback: 	 3: receive preprepare msg from 0
[2021-05-10 17:21:48,038 DEBUG] pbft_handler->_post: 	 make request to 0, FEEDBACK
[2021-05-10 17:21:48,044 INFO] pbft_handler->fast_reply: 	 3: on fast_reply
[2021-05-10 17:21:48,044 INFO] pbft_handler->fast_reply: 	 3: receive confirm msg from 0
[2021-05-10 17:21:48,044 DEBUG] pbft_handler->fast_reply: 	 Add commit certifiacte to slot 5
[2021-05-10 17:21:48,045 INFO] pbft_handler->fast_reply: 	 3 fast reply to http://localhost:20001/reply successfully!!
[2021-05-10 17:21:48,071 INFO] pbft_handler->feedback: 	 3: on feedback
[2021-05-10 17:21:48,071 INFO] pbft_handler->feedback: 	 3: receive preprepare msg from 0
[2021-05-10 17:21:48,071 DEBUG] pbft_handler->_post: 	 make request to 0, FEEDBACK
[2021-05-10 17:21:48,078 INFO] pbft_handler->fast_reply: 	 3: on fast_reply
[2021-05-10 17:21:48,078 INFO] pbft_handler->fast_reply: 	 3: receive confirm msg from 0
[2021-05-10 17:21:48,078 DEBUG] pbft_handler->fast_reply: 	 Add commit certifiacte to slot 6
[2021-05-10 17:21:48,078 INFO] pbft_handler->fast_reply: 	 3 fast reply to http://localhost:20001/reply successfully!!
[2021-05-10 17:21:48,345 INFO] pbft_handler->feedback: 	 3: on feedback
[2021-05-10 17:21:48,345 INFO] pbft_handler->feedback: 	 3: receive preprepare msg from 0
[2021-05-10 17:21:48,345 DEBUG] pbft_handler->_post: 	 make request to 0, FEEDBACK
[2021-05-10 17:21:48,351 INFO] pbft_handler->fast_reply: 	 3: on fast_reply
[2021-05-10 17:21:48,351 INFO] pbft_handler->fast_reply: 	 3: receive confirm msg from 0
[2021-05-10 17:21:48,352 DEBUG] pbft_handler->fast_reply: 	 Add commit certifiacte to slot 7
[2021-05-10 17:21:48,352 INFO] pbft_handler->fast_reply: 	 3 fast reply to http://localhost:20001/reply successfully!!
[2021-05-10 17:21:48,467 INFO] pbft_handler->feedback: 	 3: on feedback
[2021-05-10 17:21:48,467 INFO] pbft_handler->feedback: 	 3: receive preprepare msg from 0
[2021-05-10 17:21:48,467 DEBUG] pbft_handler->_post: 	 make request to 0, FEEDBACK
[2021-05-10 17:21:48,472 INFO] pbft_handler->fast_reply: 	 3: on fast_reply
[2021-05-10 17:21:48,472 INFO] pbft_handler->fast_reply: 	 3: receive confirm msg from 0
[2021-05-10 17:21:48,473 DEBUG] pbft_handler->fast_reply: 	 Add commit certifiacte to slot 8
[2021-05-10 17:21:48,473 INFO] pbft_handler->fast_reply: 	 3 fast reply to http://localhost:20001/reply successfully!!
[2021-05-10 17:21:49,430 INFO] pbft_handler->feedback: 	 3: on feedback
[2021-05-10 17:21:49,430 INFO] pbft_handler->feedback: 	 3: receive preprepare msg from 0
[2021-05-10 17:21:49,430 DEBUG] pbft_handler->_post: 	 make request to 0, FEEDBACK
[2021-05-10 17:21:49,437 INFO] pbft_handler->fast_reply: 	 3: on fast_reply
[2021-05-10 17:21:49,437 INFO] pbft_handler->fast_reply: 	 3: receive confirm msg from 0
[2021-05-10 17:21:49,437 DEBUG] pbft_handler->fast_reply: 	 Add commit certifiacte to slot 9
[2021-05-10 17:21:49,437 DEBUG] pbft_handler->dump_to_file: 	 ready to dump, last_commit_slot = 9
[2021-05-10 17:21:49,437 DEBUG] pbft_handler->dump_to_file: 	 collect 10 transactions
[2021-05-10 17:21:49,437 DEBUG] pbft_handler->dump_to_file: 	 write block 0 to 2
[2021-05-10 17:21:49,438 INFO] pbft_handler->fast_reply: 	 3 fast reply to http://localhost:20001/reply successfully!!
[2021-05-10 17:21:49,505 INFO] pbft_handler->feedback: 	 3: on feedback
[2021-05-10 17:21:49,505 INFO] pbft_handler->feedback: 	 3: receive preprepare msg from 0
[2021-05-10 17:21:49,505 DEBUG] pbft_handler->_post: 	 make request to 0, FEEDBACK
[2021-05-10 17:21:49,511 INFO] pbft_handler->fast_reply: 	 3: on fast_reply
[2021-05-10 17:21:49,511 INFO] pbft_handler->fast_reply: 	 3: receive confirm msg from 0
[2021-05-10 17:21:49,511 DEBUG] pbft_handler->fast_reply: 	 Add commit certifiacte to slot 10
[2021-05-10 17:21:49,512 INFO] pbft_handler->fast_reply: 	 3 fast reply to http://localhost:20001/reply successfully!!
[2021-05-10 17:21:50,452 INFO] pbft_handler->feedback: 	 3: on feedback
[2021-05-10 17:21:50,452 INFO] pbft_handler->feedback: 	 3: receive preprepare msg from 0
[2021-05-10 17:21:50,453 DEBUG] pbft_handler->_post: 	 make request to 0, FEEDBACK
[2021-05-10 17:21:50,458 INFO] pbft_handler->fast_reply: 	 3: on fast_reply
[2021-05-10 17:21:50,458 INFO] pbft_handler->fast_reply: 	 3: receive confirm msg from 0
[2021-05-10 17:21:50,458 DEBUG] pbft_handler->fast_reply: 	 Add commit certifiacte to slot 11
[2021-05-10 17:21:50,459 INFO] pbft_handler->fast_reply: 	 3 fast reply to http://localhost:20001/reply successfully!!
[2021-05-10 17:21:50,945 INFO] pbft_handler->feedback: 	 3: on feedback
[2021-05-10 17:21:50,945 INFO] pbft_handler->feedback: 	 3: receive preprepare msg from 0
[2021-05-10 17:21:50,945 DEBUG] pbft_handler->_post: 	 make request to 0, FEEDBACK
[2021-05-10 17:21:50,952 INFO] pbft_handler->fast_reply: 	 3: on fast_reply
[2021-05-10 17:21:50,952 INFO] pbft_handler->fast_reply: 	 3: receive confirm msg from 0
[2021-05-10 17:21:50,952 DEBUG] pbft_handler->fast_reply: 	 Add commit certifiacte to slot 12
[2021-05-10 17:21:50,953 INFO] pbft_handler->fast_reply: 	 3 fast reply to http://localhost:20001/reply successfully!!
[2021-05-10 17:21:51,812 INFO] pbft_handler->feedback: 	 3: on feedback
[2021-05-10 17:21:51,812 INFO] pbft_handler->feedback: 	 3: receive preprepare msg from 0
[2021-05-10 17:21:51,812 DEBUG] pbft_handler->_post: 	 make request to 0, FEEDBACK
[2021-05-10 17:21:51,818 INFO] pbft_handler->fast_reply: 	 3: on fast_reply
[2021-05-10 17:21:51,818 INFO] pbft_handler->fast_reply: 	 3: receive confirm msg from 0
[2021-05-10 17:21:51,818 DEBUG] pbft_handler->fast_reply: 	 Add commit certifiacte to slot 13
[2021-05-10 17:21:51,819 INFO] pbft_handler->fast_reply: 	 3 fast reply to http://localhost:20001/reply successfully!!
[2021-05-10 17:21:52,800 INFO] pbft_handler->feedback: 	 3: on feedback
[2021-05-10 17:21:52,801 INFO] pbft_handler->feedback: 	 3: receive preprepare msg from 0
[2021-05-10 17:21:52,801 DEBUG] pbft_handler->_post: 	 make request to 0, FEEDBACK
[2021-05-10 17:21:52,809 INFO] pbft_handler->fast_reply: 	 3: on fast_reply
[2021-05-10 17:21:52,809 INFO] pbft_handler->fast_reply: 	 3: receive confirm msg from 0
[2021-05-10 17:21:52,809 DEBUG] pbft_handler->fast_reply: 	 Add commit certifiacte to slot 14
[2021-05-10 17:21:52,810 INFO] pbft_handler->fast_reply: 	 3 fast reply to http://localhost:20001/reply successfully!!
[2021-05-10 17:21:53,056 INFO] pbft_handler->feedback: 	 3: on feedback
[2021-05-10 17:21:53,056 INFO] pbft_handler->feedback: 	 3: receive preprepare msg from 0
[2021-05-10 17:21:53,057 DEBUG] pbft_handler->_post: 	 make request to 0, FEEDBACK
[2021-05-10 17:21:53,064 INFO] pbft_handler->fast_reply: 	 3: on fast_reply
[2021-05-10 17:21:53,064 INFO] pbft_handler->fast_reply: 	 3: receive confirm msg from 0
[2021-05-10 17:21:53,064 DEBUG] pbft_handler->fast_reply: 	 Add commit certifiacte to slot 15
[2021-05-10 17:21:53,065 INFO] pbft_handler->fast_reply: 	 3 fast reply to http://localhost:20001/reply successfully!!
[2021-05-10 17:21:53,455 INFO] pbft_handler->feedback: 	 3: on feedback
[2021-05-10 17:21:53,455 INFO] pbft_handler->feedback: 	 3: receive preprepare msg from 0
[2021-05-10 17:21:53,455 DEBUG] pbft_handler->_post: 	 make request to 0, FEEDBACK
[2021-05-10 17:21:53,461 INFO] pbft_handler->fast_reply: 	 3: on fast_reply
[2021-05-10 17:21:53,461 INFO] pbft_handler->fast_reply: 	 3: receive confirm msg from 0
[2021-05-10 17:21:53,461 DEBUG] pbft_handler->fast_reply: 	 Add commit certifiacte to slot 16
[2021-05-10 17:21:53,462 INFO] pbft_handler->fast_reply: 	 3 fast reply to http://localhost:20001/reply successfully!!
[2021-05-10 17:21:54,243 INFO] pbft_handler->feedback: 	 3: on feedback
[2021-05-10 17:21:54,243 INFO] pbft_handler->feedback: 	 3: receive preprepare msg from 0
[2021-05-10 17:21:54,243 DEBUG] pbft_handler->_post: 	 make request to 0, FEEDBACK
[2021-05-10 17:21:54,249 INFO] pbft_handler->fast_reply: 	 3: on fast_reply
[2021-05-10 17:21:54,249 INFO] pbft_handler->fast_reply: 	 3: receive confirm msg from 0
[2021-05-10 17:21:54,249 DEBUG] pbft_handler->fast_reply: 	 Add commit certifiacte to slot 17
[2021-05-10 17:21:54,250 INFO] pbft_handler->fast_reply: 	 3 fast reply to http://localhost:20001/reply successfully!!
[2021-05-10 17:21:54,638 INFO] pbft_handler->feedback: 	 3: on feedback
[2021-05-10 17:21:54,639 INFO] pbft_handler->feedback: 	 3: receive preprepare msg from 0
[2021-05-10 17:21:54,639 DEBUG] pbft_handler->_post: 	 make request to 0, FEEDBACK
[2021-05-10 17:21:54,644 INFO] pbft_handler->fast_reply: 	 3: on fast_reply
[2021-05-10 17:21:54,644 INFO] pbft_handler->fast_reply: 	 3: receive confirm msg from 0
[2021-05-10 17:21:54,644 DEBUG] pbft_handler->fast_reply: 	 Add commit certifiacte to slot 18
[2021-05-10 17:21:54,645 INFO] pbft_handler->fast_reply: 	 3 fast reply to http://localhost:20001/reply successfully!!
[2021-05-10 17:21:55,417 INFO] pbft_handler->feedback: 	 3: on feedback
[2021-05-10 17:21:55,417 INFO] pbft_handler->feedback: 	 3: receive preprepare msg from 0
[2021-05-10 17:21:55,417 DEBUG] pbft_handler->_post: 	 make request to 0, FEEDBACK
[2021-05-10 17:21:55,424 INFO] pbft_handler->fast_reply: 	 3: on fast_reply
[2021-05-10 17:21:55,424 INFO] pbft_handler->fast_reply: 	 3: receive confirm msg from 0
[2021-05-10 17:21:55,424 DEBUG] pbft_handler->fast_reply: 	 Add commit certifiacte to slot 19
[2021-05-10 17:21:55,424 DEBUG] pbft_handler->dump_to_file: 	 ready to dump, last_commit_slot = 19
[2021-05-10 17:21:55,424 DEBUG] pbft_handler->dump_to_file: 	 collect 10 transactions
[2021-05-10 17:21:55,424 DEBUG] pbft_handler->dump_to_file: 	 write block 2 to 3
[2021-05-10 17:21:55,425 INFO] pbft_handler->fast_reply: 	 3 fast reply to http://localhost:20001/reply successfully!!
