[2021-05-10 17:21:41,059 DEBUG] node->main: 	 {'nodes': [{'host': 'localhost', 'port': 30000}, {'host': 'localhost', 'port': 30001}, {'host': 'localhost', 'port': 30002}, {'host': 'localhost', 'port': 30003}], 'clients': [{'host': 'localhost', 'port': 20001}, {'host': 'localhost', 'port': 20002}], 'loss%': 0, 'ckpt_interval': 100, 'dump_interval': 10, 'retry_times_before_view_change': 2, 'sync_interval': 5, 'misc': {'network_timeout': 1000}}
[2021-05-10 17:21:41,059 INFO] checkpoint->__init__: 	 ---> 2: Create checkpoint.
[2021-05-10 17:21:41,059 DEBUG] selector_events->__init__: 	 Using selector: EpollSelector
[2021-05-10 17:21:45,804 INFO] pbft_handler->feedback: 	 2: on feedback
[2021-05-10 17:21:45,804 INFO] pbft_handler->feedback: 	 2: receive preprepare msg from 0
[2021-05-10 17:21:45,805 DEBUG] pbft_handler->_post: 	 make request to 0, FEEDBACK
[2021-05-10 17:21:45,814 INFO] pbft_handler->fast_reply: 	 2: on fast_reply
[2021-05-10 17:21:45,814 INFO] pbft_handler->fast_reply: 	 2: receive confirm msg from 0
[2021-05-10 17:21:45,814 DEBUG] pbft_handler->fast_reply: 	 Add commit certifiacte to slot 0
[2021-05-10 17:21:45,815 INFO] pbft_handler->fast_reply: 	 2 fast reply to http://localhost:20001/reply successfully!!
[2021-05-10 17:21:46,152 INFO] pbft_handler->feedback: 	 2: on feedback
[2021-05-10 17:21:46,152 INFO] pbft_handler->feedback: 	 2: receive preprepare msg from 0
[2021-05-10 17:21:46,152 DEBUG] pbft_handler->_post: 	 make request to 0, FEEDBACK
[2021-05-10 17:21:46,158 INFO] pbft_handler->fast_reply: 	 2: on fast_reply
[2021-05-10 17:21:46,158 INFO] pbft_handler->fast_reply: 	 2: receive confirm msg from 0
[2021-05-10 17:21:46,158 DEBUG] pbft_handler->fast_reply: 	 Add commit certifiacte to slot 1
[2021-05-10 17:21:46,159 INFO] pbft_handler->fast_reply: 	 2 fast reply to http://localhost:20001/reply successfully!!
[2021-05-10 17:21:46,253 INFO] pbft_handler->feedback: 	 2: on feedback
[2021-05-10 17:21:46,253 INFO] pbft_handler->feedback: 	 2: receive preprepare msg from 0
[2021-05-10 17:21:46,253 DEBUG] pbft_handler->_post: 	 make request to 0, FEEDBACK
[2021-05-10 17:21:46,259 INFO] pbft_handler->fast_reply: 	 2: on fast_reply
[2021-05-10 17:21:46,259 INFO] pbft_handler->fast_reply: 	 2: receive confirm msg from 0
[2021-05-10 17:21:46,259 DEBUG] pbft_handler->fast_reply: 	 Add commit certifiacte to slot 2
[2021-05-10 17:21:46,260 INFO] pbft_handler->fast_reply: 	 2 fast reply to http://localhost:20001/reply successfully!!
[2021-05-10 17:21:46,827 INFO] pbft_handler->feedback: 	 2: on feedback
[2021-05-10 17:21:46,827 INFO] pbft_handler->feedback: 	 2: receive preprepare msg from 0
[2021-05-10 17:21:46,827 DEBUG] pbft_handler->_post: 	 make request to 0, FEEDBACK
[2021-05-10 17:21:46,833 INFO] pbft_handler->fast_reply: 	 2: on fast_reply
[2021-05-10 17:21:46,833 INFO] pbft_handler->fast_reply: 	 2: receive confirm msg from 0
[2021-05-10 17:21:46,833 DEBUG] pbft_handler->fast_reply: 	 Add commit certifiacte to slot 3
[2021-05-10 17:21:46,834 INFO] pbft_handler->fast_reply: 	 2 fast reply to http://localhost:20001/reply successfully!!
[2021-05-10 17:21:47,270 INFO] pbft_handler->feedback: 	 2: on feedback
[2021-05-10 17:21:47,270 INFO] pbft_handler->feedback: 	 2: receive preprepare msg from 0
[2021-05-10 17:21:47,270 DEBUG] pbft_handler->_post: 	 make request to 0, FEEDBACK
[2021-05-10 17:21:47,275 INFO] pbft_handler->fast_reply: 	 2: on fast_reply
[2021-05-10 17:21:47,275 INFO] pbft_handler->fast_reply: 	 2: receive confirm msg from 0
[2021-05-10 17:21:47,275 DEBUG] pbft_handler->fast_reply: 	 Add commit certifiacte to slot 4
[2021-05-10 17:21:47,276 INFO] pbft_handler->fast_reply: 	 2 fast reply to http://localhost:20001/reply successfully!!
[2021-05-10 17:21:48,036 INFO] pbft_handler->feedback: 	 2: on feedback
[2021-05-10 17:21:48,036 INFO] pbft_handler->feedback: 	 2: receive preprepare msg from 0
[2021-05-10 17:21:48,036 DEBUG] pbft_handler->_post: 	 make request to 0, FEEDBACK
[2021-05-10 17:21:48,042 INFO] pbft_handler->fast_reply: 	 2: on fast_reply
[2021-05-10 17:21:48,042 INFO] pbft_handler->fast_reply: 	 2: receive confirm msg from 0
[2021-05-10 17:21:48,042 DEBUG] pbft_handler->fast_reply: 	 Add commit certifiacte to slot 5
[2021-05-10 17:21:48,043 INFO] pbft_handler->fast_reply: 	 2 fast reply to http://localhost:20001/reply successfully!!
[2021-05-10 17:21:48,069 INFO] pbft_handler->feedback: 	 2: on feedback
[2021-05-10 17:21:48,069 INFO] pbft_handler->feedback: 	 2: receive preprepare msg from 0
[2021-05-10 17:21:48,069 DEBUG] pbft_handler->_post: 	 make request to 0, FEEDBACK
[2021-05-10 17:21:48,076 INFO] pbft_handler->fast_reply: 	 2: on fast_reply
[2021-05-10 17:21:48,076 INFO] pbft_handler->fast_reply: 	 2: receive confirm msg from 0
[2021-05-10 17:21:48,076 DEBUG] pbft_handler->fast_reply: 	 Add commit certifiacte to slot 6
[2021-05-10 17:21:48,077 INFO] pbft_handler->fast_reply: 	 2 fast reply to http://localhost:20001/reply successfully!!
[2021-05-10 17:21:48,344 INFO] pbft_handler->feedback: 	 2: on feedback
[2021-05-10 17:21:48,344 INFO] pbft_handler->feedback: 	 2: receive preprepare msg from 0
[2021-05-10 17:21:48,344 DEBUG] pbft_handler->_post: 	 make request to 0, FEEDBACK
[2021-05-10 17:21:48,350 INFO] pbft_handler->fast_reply: 	 2: on fast_reply
[2021-05-10 17:21:48,350 INFO] pbft_handler->fast_reply: 	 2: receive confirm msg from 0
[2021-05-10 17:21:48,350 DEBUG] pbft_handler->fast_reply: 	 Add commit certifiacte to slot 7
[2021-05-10 17:21:48,351 INFO] pbft_handler->fast_reply: 	 2 fast reply to http://localhost:20001/reply successfully!!
[2021-05-10 17:21:48,465 INFO] pbft_handler->feedback: 	 2: on feedback
[2021-05-10 17:21:48,465 INFO] pbft_handler->feedback: 	 2: receive preprepare msg from 0
[2021-05-10 17:21:48,465 DEBUG] pbft_handler->_post: 	 make request to 0, FEEDBACK
[2021-05-10 17:21:48,471 INFO] pbft_handler->fast_reply: 	 2: on fast_reply
[2021-05-10 17:21:48,471 INFO] pbft_handler->fast_reply: 	 2: receive confirm msg from 0
[2021-05-10 17:21:48,471 DEBUG] pbft_handler->fast_reply: 	 Add commit certifiacte to slot 8
[2021-05-10 17:21:48,472 INFO] pbft_handler->fast_reply: 	 2 fast reply to http://localhost:20001/reply successfully!!
[2021-05-10 17:21:49,428 INFO] pbft_handler->feedback: 	 2: on feedback
[2021-05-10 17:21:49,428 INFO] pbft_handler->feedback: 	 2: receive preprepare msg from 0
[2021-05-10 17:21:49,429 DEBUG] pbft_handler->_post: 	 make request to 0, FEEDBACK
[2021-05-10 17:21:49,435 INFO] pbft_handler->fast_reply: 	 2: on fast_reply
[2021-05-10 17:21:49,435 INFO] pbft_handler->fast_reply: 	 2: receive confirm msg from 0
[2021-05-10 17:21:49,435 DEBUG] pbft_handler->fast_reply: 	 Add commit certifiacte to slot 9
[2021-05-10 17:21:49,435 DEBUG] pbft_handler->dump_to_file: 	 ready to dump, last_commit_slot = 9
[2021-05-10 17:21:49,435 DEBUG] pbft_handler->dump_to_file: 	 collect 10 transactions
[2021-05-10 17:21:49,435 DEBUG] pbft_handler->dump_to_file: 	 write block 0 to 2
[2021-05-10 17:21:49,436 INFO] pbft_handler->fast_reply: 	 2 fast reply to http://localhost:20001/reply successfully!!
[2021-05-10 17:21:49,503 INFO] pbft_handler->feedback: 	 2: on feedback
[2021-05-10 17:21:49,503 INFO] pbft_handler->feedback: 	 2: receive preprepare msg from 0
[2021-05-10 17:21:49,503 DEBUG] pbft_handler->_post: 	 make request to 0, FEEDBACK
[2021-05-10 17:21:49,510 INFO] pbft_handler->fast_reply: 	 2: on fast_reply
[2021-05-10 17:21:49,510 INFO] pbft_handler->fast_reply: 	 2: receive confirm msg from 0
[2021-05-10 17:21:49,510 DEBUG] pbft_handler->fast_reply: 	 Add commit certifiacte to slot 10
[2021-05-10 17:21:49,511 INFO] pbft_handler->fast_reply: 	 2 fast reply to http://localhost:20001/reply successfully!!
[2021-05-10 17:21:50,451 INFO] pbft_handler->feedback: 	 2: on feedback
[2021-05-10 17:21:50,451 INFO] pbft_handler->feedback: 	 2: receive preprepare msg from 0
[2021-05-10 17:21:50,451 DEBUG] pbft_handler->_post: 	 make request to 0, FEEDBACK
[2021-05-10 17:21:50,457 INFO] pbft_handler->fast_reply: 	 2: on fast_reply
[2021-05-10 17:21:50,457 INFO] pbft_handler->fast_reply: 	 2: receive confirm msg from 0
[2021-05-10 17:21:50,457 DEBUG] pbft_handler->fast_reply: 	 Add commit certifiacte to slot 11
[2021-05-10 17:21:50,458 INFO] pbft_handler->fast_reply: 	 2 fast reply to http://localhost:20001/reply successfully!!
[2021-05-10 17:21:50,944 INFO] pbft_handler->feedback: 	 2: on feedback
[2021-05-10 17:21:50,944 INFO] pbft_handler->feedback: 	 2: receive preprepare msg from 0
[2021-05-10 17:21:50,944 DEBUG] pbft_handler->_post: 	 make request to 0, FEEDBACK
[2021-05-10 17:21:50,950 INFO] pbft_handler->fast_reply: 	 2: on fast_reply
[2021-05-10 17:21:50,950 INFO] pbft_handler->fast_reply: 	 2: receive confirm msg from 0
[2021-05-10 17:21:50,950 DEBUG] pbft_handler->fast_reply: 	 Add commit certifiacte to slot 12
[2021-05-10 17:21:50,951 INFO] pbft_handler->fast_reply: 	 2 fast reply to http://localhost:20001/reply successfully!!
[2021-05-10 17:21:51,810 INFO] pbft_handler->feedback: 	 2: on feedback
[2021-05-10 17:21:51,810 INFO] pbft_handler->feedback: 	 2: receive preprepare msg from 0
[2021-05-10 17:21:51,810 DEBUG] pbft_handler->_post: 	 make request to 0, FEEDBACK
[2021-05-10 17:21:51,816 INFO] pbft_handler->fast_reply: 	 2: on fast_reply
[2021-05-10 17:21:51,817 INFO] pbft_handler->fast_reply: 	 2: receive confirm msg from 0
[2021-05-10 17:21:51,817 DEBUG] pbft_handler->fast_reply: 	 Add commit certifiacte to slot 13
[2021-05-10 17:21:51,818 INFO] pbft_handler->fast_reply: 	 2 fast reply to http://localhost:20001/reply successfully!!
[2021-05-10 17:21:52,798 INFO] pbft_handler->feedback: 	 2: on feedback
[2021-05-10 17:21:52,798 INFO] pbft_handler->feedback: 	 2: receive preprepare msg from 0
[2021-05-10 17:21:52,798 DEBUG] pbft_handler->_post: 	 make request to 0, FEEDBACK
[2021-05-10 17:21:52,806 INFO] pbft_handler->fast_reply: 	 2: on fast_reply
[2021-05-10 17:21:52,806 INFO] pbft_handler->fast_reply: 	 2: receive confirm msg from 0
[2021-05-10 17:21:52,807 DEBUG] pbft_handler->fast_reply: 	 Add commit certifiacte to slot 14
[2021-05-10 17:21:52,808 INFO] pbft_handler->fast_reply: 	 2 fast reply to http://localhost:20001/reply successfully!!
[2021-05-10 17:21:53,054 INFO] pbft_handler->feedback: 	 2: on feedback
[2021-05-10 17:21:53,054 INFO] pbft_handler->feedback: 	 2: receive preprepare msg from 0
[2021-05-10 17:21:53,054 DEBUG] pbft_handler->_post: 	 make request to 0, FEEDBACK
[2021-05-10 17:21:53,061 INFO] pbft_handler->fast_reply: 	 2: on fast_reply
[2021-05-10 17:21:53,061 INFO] pbft_handler->fast_reply: 	 2: receive confirm msg from 0
[2021-05-10 17:21:53,062 DEBUG] pbft_handler->fast_reply: 	 Add commit certifiacte to slot 15
[2021-05-10 17:21:53,063 INFO] pbft_handler->fast_reply: 	 2 fast reply to http://localhost:20001/reply successfully!!
[2021-05-10 17:21:53,453 INFO] pbft_handler->feedback: 	 2: on feedback
[2021-05-10 17:21:53,453 INFO] pbft_handler->feedback: 	 2: receive preprepare msg from 0
[2021-05-10 17:21:53,453 DEBUG] pbft_handler->_post: 	 make request to 0, FEEDBACK
[2021-05-10 17:21:53,460 INFO] pbft_handler->fast_reply: 	 2: on fast_reply
[2021-05-10 17:21:53,460 INFO] pbft_handler->fast_reply: 	 2: receive confirm msg from 0
[2021-05-10 17:21:53,460 DEBUG] pbft_handler->fast_reply: 	 Add commit certifiacte to slot 16
[2021-05-10 17:21:53,461 INFO] pbft_handler->fast_reply: 	 2 fast reply to http://localhost:20001/reply successfully!!
[2021-05-10 17:21:54,241 INFO] pbft_handler->feedback: 	 2: on feedback
[2021-05-10 17:21:54,241 INFO] pbft_handler->feedback: 	 2: receive preprepare msg from 0
[2021-05-10 17:21:54,241 DEBUG] pbft_handler->_post: 	 make request to 0, FEEDBACK
[2021-05-10 17:21:54,247 INFO] pbft_handler->fast_reply: 	 2: on fast_reply
[2021-05-10 17:21:54,247 INFO] pbft_handler->fast_reply: 	 2: receive confirm msg from 0
[2021-05-10 17:21:54,247 DEBUG] pbft_handler->fast_reply: 	 Add commit certifiacte to slot 17
[2021-05-10 17:21:54,248 INFO] pbft_handler->fast_reply: 	 2 fast reply to http://localhost:20001/reply successfully!!
[2021-05-10 17:21:54,637 INFO] pbft_handler->feedback: 	 2: on feedback
[2021-05-10 17:21:54,637 INFO] pbft_handler->feedback: 	 2: receive preprepare msg from 0
[2021-05-10 17:21:54,637 DEBUG] pbft_handler->_post: 	 make request to 0, FEEDBACK
[2021-05-10 17:21:54,643 INFO] pbft_handler->fast_reply: 	 2: on fast_reply
[2021-05-10 17:21:54,643 INFO] pbft_handler->fast_reply: 	 2: receive confirm msg from 0
[2021-05-10 17:21:54,643 DEBUG] pbft_handler->fast_reply: 	 Add commit certifiacte to slot 18
[2021-05-10 17:21:54,643 INFO] pbft_handler->fast_reply: 	 2 fast reply to http://localhost:20001/reply successfully!!
[2021-05-10 17:21:55,415 INFO] pbft_handler->feedback: 	 2: on feedback
[2021-05-10 17:21:55,415 INFO] pbft_handler->feedback: 	 2: receive preprepare msg from 0
[2021-05-10 17:21:55,416 DEBUG] pbft_handler->_post: 	 make request to 0, FEEDBACK
[2021-05-10 17:21:55,422 INFO] pbft_handler->fast_reply: 	 2: on fast_reply
[2021-05-10 17:21:55,422 INFO] pbft_handler->fast_reply: 	 2: receive confirm msg from 0
[2021-05-10 17:21:55,422 DEBUG] pbft_handler->fast_reply: 	 Add commit certifiacte to slot 19
[2021-05-10 17:21:55,422 DEBUG] pbft_handler->dump_to_file: 	 ready to dump, last_commit_slot = 19
[2021-05-10 17:21:55,422 DEBUG] pbft_handler->dump_to_file: 	 collect 10 transactions
[2021-05-10 17:21:55,422 DEBUG] pbft_handler->dump_to_file: 	 write block 2 to 3
[2021-05-10 17:21:55,423 INFO] pbft_handler->fast_reply: 	 2 fast reply to http://localhost:20001/reply successfully!!
