[2021-05-10 17:21:41,059 DEBUG] node->main: 	 {'nodes': [{'host': 'localhost', 'port': 30000}, {'host': 'localhost', 'port': 30001}, {'host': 'localhost', 'port': 30002}, {'host': 'localhost', 'port': 30003}], 'clients': [{'host': 'localhost', 'port': 20001}, {'host': 'localhost', 'port': 20002}], 'loss%': 0, 'ckpt_interval': 100, 'dump_interval': 10, 'retry_times_before_view_change': 2, 'sync_interval': 5, 'misc': {'network_timeout': 1000}}
[2021-05-10 17:21:41,059 INFO] checkpoint->__init__: 	 ---> 1: Create checkpoint.
[2021-05-10 17:21:41,059 DEBUG] selector_events->__init__: 	 Using selector: EpollSelector
[2021-05-10 17:21:45,801 INFO] pbft_handler->feedback: 	 1: on feedback
[2021-05-10 17:21:45,801 INFO] pbft_handler->feedback: 	 1: receive preprepare msg from 0
[2021-05-10 17:21:45,802 DEBUG] pbft_handler->_post: 	 make request to 0, FEEDBACK
[2021-05-10 17:21:45,812 INFO] pbft_handler->fast_reply: 	 1: on fast_reply
[2021-05-10 17:21:45,812 INFO] pbft_handler->fast_reply: 	 1: receive confirm msg from 0
[2021-05-10 17:21:45,812 DEBUG] pbft_handler->fast_reply: 	 Add commit certifiacte to slot 0
[2021-05-10 17:21:45,813 INFO] pbft_handler->fast_reply: 	 1 fast reply to http://localhost:20001/reply successfully!!
[2021-05-10 17:21:46,150 INFO] pbft_handler->feedback: 	 1: on feedback
[2021-05-10 17:21:46,150 INFO] pbft_handler->feedback: 	 1: receive preprepare msg from 0
[2021-05-10 17:21:46,150 DEBUG] pbft_handler->_post: 	 make request to 0, FEEDBACK
[2021-05-10 17:21:46,156 INFO] pbft_handler->fast_reply: 	 1: on fast_reply
[2021-05-10 17:21:46,157 INFO] pbft_handler->fast_reply: 	 1: receive confirm msg from 0
[2021-05-10 17:21:46,157 DEBUG] pbft_handler->fast_reply: 	 Add commit certifiacte to slot 1
[2021-05-10 17:21:46,157 INFO] pbft_handler->fast_reply: 	 1 fast reply to http://localhost:20001/reply successfully!!
[2021-05-10 17:21:46,251 INFO] pbft_handler->feedback: 	 1: on feedback
[2021-05-10 17:21:46,251 INFO] pbft_handler->feedback: 	 1: receive preprepare msg from 0
[2021-05-10 17:21:46,251 DEBUG] pbft_handler->_post: 	 make request to 0, FEEDBACK
[2021-05-10 17:21:46,257 INFO] pbft_handler->fast_reply: 	 1: on fast_reply
[2021-05-10 17:21:46,257 INFO] pbft_handler->fast_reply: 	 1: receive confirm msg from 0
[2021-05-10 17:21:46,257 DEBUG] pbft_handler->fast_reply: 	 Add commit certifiacte to slot 2
[2021-05-10 17:21:46,258 INFO] pbft_handler->fast_reply: 	 1 fast reply to http://localhost:20001/reply successfully!!
[2021-05-10 17:21:46,826 INFO] pbft_handler->feedback: 	 1: on feedback
[2021-05-10 17:21:46,826 INFO] pbft_handler->feedback: 	 1: receive preprepare msg from 0
[2021-05-10 17:21:46,826 DEBUG] pbft_handler->_post: 	 make request to 0, FEEDBACK
[2021-05-10 17:21:46,831 INFO] pbft_handler->fast_reply: 	 1: on fast_reply
[2021-05-10 17:21:46,831 INFO] pbft_handler->fast_reply: 	 1: receive confirm msg from 0
[2021-05-10 17:21:46,831 DEBUG] pbft_handler->fast_reply: 	 Add commit certifiacte to slot 3
[2021-05-10 17:21:46,832 INFO] pbft_handler->fast_reply: 	 1 fast reply to http://localhost:20001/reply successfully!!
[2021-05-10 17:21:47,268 INFO] pbft_handler->feedback: 	 1: on feedback
[2021-05-10 17:21:47,268 INFO] pbft_handler->feedback: 	 1: receive preprepare msg from 0
[2021-05-10 17:21:47,268 DEBUG] pbft_handler->_post: 	 make request to 0, FEEDBACK
[2021-05-10 17:21:47,274 INFO] pbft_handler->fast_reply: 	 1: on fast_reply
[2021-05-10 17:21:47,274 INFO] pbft_handler->fast_reply: 	 1: receive confirm msg from 0
[2021-05-10 17:21:47,274 DEBUG] pbft_handler->fast_reply: 	 Add commit certifiacte to slot 4
[2021-05-10 17:21:47,275 INFO] pbft_handler->fast_reply: 	 1 fast reply to http://localhost:20001/reply successfully!!
[2021-05-10 17:21:48,035 INFO] pbft_handler->feedback: 	 1: on feedback
[2021-05-10 17:21:48,035 INFO] pbft_handler->feedback: 	 1: receive preprepare msg from 0
[2021-05-10 17:21:48,035 DEBUG] pbft_handler->_post: 	 make request to 0, FEEDBACK
[2021-05-10 17:21:48,041 INFO] pbft_handler->fast_reply: 	 1: on fast_reply
[2021-05-10 17:21:48,041 INFO] pbft_handler->fast_reply: 	 1: receive confirm msg from 0
[2021-05-10 17:21:48,041 DEBUG] pbft_handler->fast_reply: 	 Add commit certifiacte to slot 5
[2021-05-10 17:21:48,042 INFO] pbft_handler->fast_reply: 	 1 fast reply to http://localhost:20001/reply successfully!!
[2021-05-10 17:21:48,068 INFO] pbft_handler->feedback: 	 1: on feedback
[2021-05-10 17:21:48,068 INFO] pbft_handler->feedback: 	 1: receive preprepare msg from 0
[2021-05-10 17:21:48,068 DEBUG] pbft_handler->_post: 	 make request to 0, FEEDBACK
[2021-05-10 17:21:48,074 INFO] pbft_handler->fast_reply: 	 1: on fast_reply
[2021-05-10 17:21:48,074 INFO] pbft_handler->fast_reply: 	 1: receive confirm msg from 0
[2021-05-10 17:21:48,074 DEBUG] pbft_handler->fast_reply: 	 Add commit certifiacte to slot 6
[2021-05-10 17:21:48,075 INFO] pbft_handler->fast_reply: 	 1 fast reply to http://localhost:20001/reply successfully!!
[2021-05-10 17:21:48,342 INFO] pbft_handler->feedback: 	 1: on feedback
[2021-05-10 17:21:48,342 INFO] pbft_handler->feedback: 	 1: receive preprepare msg from 0
[2021-05-10 17:21:48,342 DEBUG] pbft_handler->_post: 	 make request to 0, FEEDBACK
[2021-05-10 17:21:48,348 INFO] pbft_handler->fast_reply: 	 1: on fast_reply
[2021-05-10 17:21:48,348 INFO] pbft_handler->fast_reply: 	 1: receive confirm msg from 0
[2021-05-10 17:21:48,348 DEBUG] pbft_handler->fast_reply: 	 Add commit certifiacte to slot 7
[2021-05-10 17:21:48,349 INFO] pbft_handler->fast_reply: 	 1 fast reply to http://localhost:20001/reply successfully!!
[2021-05-10 17:21:48,464 INFO] pbft_handler->feedback: 	 1: on feedback
[2021-05-10 17:21:48,464 INFO] pbft_handler->feedback: 	 1: receive preprepare msg from 0
[2021-05-10 17:21:48,464 DEBUG] pbft_handler->_post: 	 make request to 0, FEEDBACK
[2021-05-10 17:21:48,469 INFO] pbft_handler->fast_reply: 	 1: on fast_reply
[2021-05-10 17:21:48,470 INFO] pbft_handler->fast_reply: 	 1: receive confirm msg from 0
[2021-05-10 17:21:48,470 DEBUG] pbft_handler->fast_reply: 	 Add commit certifiacte to slot 8
[2021-05-10 17:21:48,470 INFO] pbft_handler->fast_reply: 	 1 fast reply to http://localhost:20001/reply successfully!!
[2021-05-10 17:21:49,427 INFO] pbft_handler->feedback: 	 1: on feedback
[2021-05-10 17:21:49,427 INFO] pbft_handler->feedback: 	 1: receive preprepare msg from 0
[2021-05-10 17:21:49,427 DEBUG] pbft_handler->_post: 	 make request to 0, FEEDBACK
[2021-05-10 17:21:49,433 INFO] pbft_handler->fast_reply: 	 1: on fast_reply
[2021-05-10 17:21:49,433 INFO] pbft_handler->fast_reply: 	 1: receive confirm msg from 0
[2021-05-10 17:21:49,433 DEBUG] pbft_handler->fast_reply: 	 Add commit certifiacte to slot 9
[2021-05-10 17:21:49,433 DEBUG] pbft_handler->dump_to_file: 	 ready to dump, last_commit_slot = 9
[2021-05-10 17:21:49,433 DEBUG] pbft_handler->dump_to_file: 	 collect 10 transactions
[2021-05-10 17:21:49,433 DEBUG] pbft_handler->dump_to_file: 	 write block 0 to 2
[2021-05-10 17:21:49,434 INFO] pbft_handler->fast_reply: 	 1 fast reply to http://localhost:20001/reply successfully!!
[2021-05-10 17:21:49,502 INFO] pbft_handler->feedback: 	 1: on feedback
[2021-05-10 17:21:49,502 INFO] pbft_handler->feedback: 	 1: receive preprepare msg from 0
[2021-05-10 17:21:49,502 DEBUG] pbft_handler->_post: 	 make request to 0, FEEDBACK
[2021-05-10 17:21:49,508 INFO] pbft_handler->fast_reply: 	 1: on fast_reply
[2021-05-10 17:21:49,508 INFO] pbft_handler->fast_reply: 	 1: receive confirm msg from 0
[2021-05-10 17:21:49,508 DEBUG] pbft_handler->fast_reply: 	 Add commit certifiacte to slot 10
[2021-05-10 17:21:49,509 INFO] pbft_handler->fast_reply: 	 1 fast reply to http://localhost:20001/reply successfully!!
[2021-05-10 17:21:50,449 INFO] pbft_handler->feedback: 	 1: on feedback
[2021-05-10 17:21:50,449 INFO] pbft_handler->feedback: 	 1: receive preprepare msg from 0
[2021-05-10 17:21:50,449 DEBUG] pbft_handler->_post: 	 make request to 0, FEEDBACK
[2021-05-10 17:21:50,455 INFO] pbft_handler->fast_reply: 	 1: on fast_reply
[2021-05-10 17:21:50,455 INFO] pbft_handler->fast_reply: 	 1: receive confirm msg from 0
[2021-05-10 17:21:50,455 DEBUG] pbft_handler->fast_reply: 	 Add commit certifiacte to slot 11
[2021-05-10 17:21:50,456 INFO] pbft_handler->fast_reply: 	 1 fast reply to http://localhost:20001/reply successfully!!
[2021-05-10 17:21:50,942 INFO] pbft_handler->feedback: 	 1: on feedback
[2021-05-10 17:21:50,942 INFO] pbft_handler->feedback: 	 1: receive preprepare msg from 0
[2021-05-10 17:21:50,942 DEBUG] pbft_handler->_post: 	 make request to 0, FEEDBACK
[2021-05-10 17:21:50,948 INFO] pbft_handler->fast_reply: 	 1: on fast_reply
[2021-05-10 17:21:50,948 INFO] pbft_handler->fast_reply: 	 1: receive confirm msg from 0
[2021-05-10 17:21:50,948 DEBUG] pbft_handler->fast_reply: 	 Add commit certifiacte to slot 12
[2021-05-10 17:21:50,949 INFO] pbft_handler->fast_reply: 	 1 fast reply to http://localhost:20001/reply successfully!!
[2021-05-10 17:21:51,808 INFO] pbft_handler->feedback: 	 1: on feedback
[2021-05-10 17:21:51,808 INFO] pbft_handler->feedback: 	 1: receive preprepare msg from 0
[2021-05-10 17:21:51,808 DEBUG] pbft_handler->_post: 	 make request to 0, FEEDBACK
[2021-05-10 17:21:51,815 INFO] pbft_handler->fast_reply: 	 1: on fast_reply
[2021-05-10 17:21:51,815 INFO] pbft_handler->fast_reply: 	 1: receive confirm msg from 0
[2021-05-10 17:21:51,815 DEBUG] pbft_handler->fast_reply: 	 Add commit certifiacte to slot 13
[2021-05-10 17:21:51,816 INFO] pbft_handler->fast_reply: 	 1 fast reply to http://localhost:20001/reply successfully!!
[2021-05-10 17:21:52,796 INFO] pbft_handler->feedback: 	 1: on feedback
[2021-05-10 17:21:52,796 INFO] pbft_handler->feedback: 	 1: receive preprepare msg from 0
[2021-05-10 17:21:52,796 DEBUG] pbft_handler->_post: 	 make request to 0, FEEDBACK
[2021-05-10 17:21:52,804 INFO] pbft_handler->fast_reply: 	 1: on fast_reply
[2021-05-10 17:21:52,804 INFO] pbft_handler->fast_reply: 	 1: receive confirm msg from 0
[2021-05-10 17:21:52,804 DEBUG] pbft_handler->fast_reply: 	 Add commit certifiacte to slot 14
[2021-05-10 17:21:52,805 INFO] pbft_handler->fast_reply: 	 1 fast reply to http://localhost:20001/reply successfully!!
[2021-05-10 17:21:53,052 INFO] pbft_handler->feedback: 	 1: on feedback
[2021-05-10 17:21:53,052 INFO] pbft_handler->feedback: 	 1: receive preprepare msg from 0
[2021-05-10 17:21:53,052 DEBUG] pbft_handler->_post: 	 make request to 0, FEEDBACK
[2021-05-10 17:21:53,060 INFO] pbft_handler->fast_reply: 	 1: on fast_reply
[2021-05-10 17:21:53,060 INFO] pbft_handler->fast_reply: 	 1: receive confirm msg from 0
[2021-05-10 17:21:53,060 DEBUG] pbft_handler->fast_reply: 	 Add commit certifiacte to slot 15
[2021-05-10 17:21:53,060 INFO] pbft_handler->fast_reply: 	 1 fast reply to http://localhost:20001/reply successfully!!
[2021-05-10 17:21:53,451 INFO] pbft_handler->feedback: 	 1: on feedback
[2021-05-10 17:21:53,451 INFO] pbft_handler->feedback: 	 1: receive preprepare msg from 0
[2021-05-10 17:21:53,451 DEBUG] pbft_handler->_post: 	 make request to 0, FEEDBACK
[2021-05-10 17:21:53,458 INFO] pbft_handler->fast_reply: 	 1: on fast_reply
[2021-05-10 17:21:53,458 INFO] pbft_handler->fast_reply: 	 1: receive confirm msg from 0
[2021-05-10 17:21:53,458 DEBUG] pbft_handler->fast_reply: 	 Add commit certifiacte to slot 16
[2021-05-10 17:21:53,459 INFO] pbft_handler->fast_reply: 	 1 fast reply to http://localhost:20001/reply successfully!!
[2021-05-10 17:21:54,239 INFO] pbft_handler->feedback: 	 1: on feedback
[2021-05-10 17:21:54,239 INFO] pbft_handler->feedback: 	 1: receive preprepare msg from 0
[2021-05-10 17:21:54,239 DEBUG] pbft_handler->_post: 	 make request to 0, FEEDBACK
[2021-05-10 17:21:54,246 INFO] pbft_handler->fast_reply: 	 1: on fast_reply
[2021-05-10 17:21:54,246 INFO] pbft_handler->fast_reply: 	 1: receive confirm msg from 0
[2021-05-10 17:21:54,246 DEBUG] pbft_handler->fast_reply: 	 Add commit certifiacte to slot 17
[2021-05-10 17:21:54,246 INFO] pbft_handler->fast_reply: 	 1 fast reply to http://localhost:20001/reply successfully!!
[2021-05-10 17:21:54,635 INFO] pbft_handler->feedback: 	 1: on feedback
[2021-05-10 17:21:54,635 INFO] pbft_handler->feedback: 	 1: receive preprepare msg from 0
[2021-05-10 17:21:54,635 DEBUG] pbft_handler->_post: 	 make request to 0, FEEDBACK
[2021-05-10 17:21:54,641 INFO] pbft_handler->fast_reply: 	 1: on fast_reply
[2021-05-10 17:21:54,641 INFO] pbft_handler->fast_reply: 	 1: receive confirm msg from 0
[2021-05-10 17:21:54,641 DEBUG] pbft_handler->fast_reply: 	 Add commit certifiacte to slot 18
[2021-05-10 17:21:54,642 INFO] pbft_handler->fast_reply: 	 1 fast reply to http://localhost:20001/reply successfully!!
[2021-05-10 17:21:55,413 INFO] pbft_handler->feedback: 	 1: on feedback
[2021-05-10 17:21:55,414 INFO] pbft_handler->feedback: 	 1: receive preprepare msg from 0
[2021-05-10 17:21:55,414 DEBUG] pbft_handler->_post: 	 make request to 0, FEEDBACK
[2021-05-10 17:21:55,420 INFO] pbft_handler->fast_reply: 	 1: on fast_reply
[2021-05-10 17:21:55,420 INFO] pbft_handler->fast_reply: 	 1: receive confirm msg from 0
[2021-05-10 17:21:55,420 DEBUG] pbft_handler->fast_reply: 	 Add commit certifiacte to slot 19
[2021-05-10 17:21:55,420 DEBUG] pbft_handler->dump_to_file: 	 ready to dump, last_commit_slot = 19
[2021-05-10 17:21:55,420 DEBUG] pbft_handler->dump_to_file: 	 collect 10 transactions
[2021-05-10 17:21:55,420 DEBUG] pbft_handler->dump_to_file: 	 write block 2 to 3
[2021-05-10 17:21:55,421 INFO] pbft_handler->fast_reply: 	 1 fast reply to http://localhost:20001/reply successfully!!
