[2021-05-09 19:02:37,786 DEBUG] blockchain_client->setup: 	 {'nodes': [{'host': 'localhost', 'port': 30000}, {'host': 'localhost', 'port': 30001}, {'host': 'localhost', 'port': 30002}, {'host': 'localhost', 'port': 30003}], 'clients': [{'host': 'localhost', 'port': 20001}, {'host': 'localhost', 'port': 20002}], 'loss%': 0, 'ckpt_interval': 10, 'retry_times_before_view_change': 2, 'sync_interval': 5, 'misc': {'network_timeout': 50}}
[2021-05-09 19:02:37,786 INFO] blockchain_client->setup: 	 begin
[2021-05-09 19:02:37,786 DEBUG] selector_events->__init__: 	 Using selector: EpollSelector
[2021-05-09 19:02:38,377 INFO] blockchain_client->send_request: 	 client 0's  message 0 sent.
[2021-05-09 19:02:38,413 INFO] blockchain_client->get_reply: 	 Get reply from 0
[2021-05-09 19:02:38,417 INFO] blockchain_client->get_reply: 	 Get reply from 1
[2021-05-09 19:02:38,417 INFO] blockchain_client->get_reply: 	 check majority for message [0, 0] passed!
[2021-05-09 19:02:38,419 INFO] blockchain_client->get_reply: 	 Get reply from 2
[2021-05-09 19:02:38,420 INFO] blockchain_client->get_reply: 	 check majority for message [0, 0] passed!
[2021-05-09 19:02:38,444 INFO] blockchain_client->send_request: 	 client 0's  message 0 processed successfully.
[2021-05-09 19:02:39,001 INFO] blockchain_client->send_request: 	 client 0's  message 1 sent.
[2021-05-09 19:02:39,025 INFO] blockchain_client->get_reply: 	 Get reply from 0
[2021-05-09 19:02:39,027 INFO] blockchain_client->get_reply: 	 Get reply from 1
[2021-05-09 19:02:39,027 INFO] blockchain_client->get_reply: 	 check majority for message [0, 1] passed!
[2021-05-09 19:02:39,029 INFO] blockchain_client->get_reply: 	 Get reply from 2
[2021-05-09 19:02:39,029 INFO] blockchain_client->get_reply: 	 check majority for message [0, 1] passed!
[2021-05-09 19:02:39,031 INFO] blockchain_client->get_reply: 	 Get reply from 3
[2021-05-09 19:02:39,031 INFO] blockchain_client->get_reply: 	 check majority for message [0, 1] passed!
[2021-05-09 19:02:39,052 INFO] blockchain_client->send_request: 	 client 0's  message 1 processed successfully.
[2021-05-09 19:02:39,422 INFO] blockchain_client->send_request: 	 client 0's  message 2 sent.
[2021-05-09 19:02:39,446 INFO] blockchain_client->get_reply: 	 Get reply from 0
[2021-05-09 19:02:39,448 INFO] blockchain_client->get_reply: 	 Get reply from 1
[2021-05-09 19:02:39,448 INFO] blockchain_client->get_reply: 	 check majority for message [0, 2] passed!
[2021-05-09 19:02:39,449 INFO] blockchain_client->get_reply: 	 Get reply from 2
[2021-05-09 19:02:39,449 INFO] blockchain_client->get_reply: 	 check majority for message [0, 2] passed!
[2021-05-09 19:02:39,451 INFO] blockchain_client->get_reply: 	 Get reply from 3
[2021-05-09 19:02:39,451 INFO] blockchain_client->get_reply: 	 check majority for message [0, 2] passed!
[2021-05-09 19:02:39,471 INFO] blockchain_client->send_request: 	 client 0's  message 2 processed successfully.
[2021-05-09 19:02:40,075 INFO] blockchain_client->send_request: 	 client 0's  message 3 sent.
[2021-05-09 19:02:40,097 INFO] blockchain_client->get_reply: 	 Get reply from 0
[2021-05-09 19:02:40,099 INFO] blockchain_client->get_reply: 	 Get reply from 1
[2021-05-09 19:02:40,099 INFO] blockchain_client->get_reply: 	 check majority for message [0, 3] passed!
[2021-05-09 19:02:40,101 INFO] blockchain_client->get_reply: 	 Get reply from 2
[2021-05-09 19:02:40,101 INFO] blockchain_client->get_reply: 	 check majority for message [0, 3] passed!
[2021-05-09 19:02:40,103 INFO] blockchain_client->get_reply: 	 Get reply from 3
[2021-05-09 19:02:40,103 INFO] blockchain_client->get_reply: 	 check majority for message [0, 3] passed!
[2021-05-09 19:02:40,122 INFO] blockchain_client->send_request: 	 client 0's  message 3 processed successfully.
[2021-05-09 19:02:41,056 INFO] blockchain_client->send_request: 	 client 0's  message 4 sent.
[2021-05-09 19:02:41,081 INFO] blockchain_client->get_reply: 	 Get reply from 0
[2021-05-09 19:02:41,082 INFO] blockchain_client->get_reply: 	 Get reply from 1
[2021-05-09 19:02:41,083 INFO] blockchain_client->get_reply: 	 check majority for message [0, 4] passed!
[2021-05-09 19:02:41,084 INFO] blockchain_client->get_reply: 	 Get reply from 2
[2021-05-09 19:02:41,084 INFO] blockchain_client->get_reply: 	 check majority for message [0, 4] passed!
[2021-05-09 19:02:41,086 INFO] blockchain_client->get_reply: 	 Get reply from 3
[2021-05-09 19:02:41,086 INFO] blockchain_client->get_reply: 	 check majority for message [0, 4] passed!
[2021-05-09 19:02:41,106 INFO] blockchain_client->send_request: 	 client 0's  message 4 processed successfully.
[2021-05-09 19:02:41,220 INFO] blockchain_client->send_request: 	 client 0's  message 5 sent.
[2021-05-09 19:02:41,244 INFO] blockchain_client->get_reply: 	 Get reply from 0
[2021-05-09 19:02:41,246 INFO] blockchain_client->get_reply: 	 Get reply from 1
[2021-05-09 19:02:41,246 INFO] blockchain_client->get_reply: 	 check majority for message [0, 5] passed!
[2021-05-09 19:02:41,247 INFO] blockchain_client->get_reply: 	 Get reply from 2
[2021-05-09 19:02:41,247 INFO] blockchain_client->get_reply: 	 check majority for message [0, 5] passed!
[2021-05-09 19:02:41,249 INFO] blockchain_client->get_reply: 	 Get reply from 3
[2021-05-09 19:02:41,249 INFO] blockchain_client->get_reply: 	 check majority for message [0, 5] passed!
[2021-05-09 19:02:41,270 INFO] blockchain_client->send_request: 	 client 0's  message 5 processed successfully.
[2021-05-09 19:02:42,155 INFO] blockchain_client->send_request: 	 client 0's  message 6 sent.
[2021-05-09 19:02:42,178 INFO] blockchain_client->get_reply: 	 Get reply from 0
[2021-05-09 19:02:42,179 INFO] blockchain_client->get_reply: 	 Get reply from 1
[2021-05-09 19:02:42,179 INFO] blockchain_client->get_reply: 	 check majority for message [0, 6] passed!
[2021-05-09 19:02:42,181 INFO] blockchain_client->get_reply: 	 Get reply from 2
[2021-05-09 19:02:42,181 INFO] blockchain_client->get_reply: 	 check majority for message [0, 6] passed!
[2021-05-09 19:02:42,182 INFO] blockchain_client->get_reply: 	 Get reply from 3
[2021-05-09 19:02:42,182 INFO] blockchain_client->get_reply: 	 check majority for message [0, 6] passed!
[2021-05-09 19:02:42,203 INFO] blockchain_client->send_request: 	 client 0's  message 6 processed successfully.
[2021-05-09 19:02:42,967 INFO] blockchain_client->send_request: 	 client 0's  message 7 sent.
[2021-05-09 19:02:42,988 INFO] blockchain_client->get_reply: 	 Get reply from 0
[2021-05-09 19:02:42,990 INFO] blockchain_client->get_reply: 	 Get reply from 1
[2021-05-09 19:02:42,990 INFO] blockchain_client->get_reply: 	 check majority for message [0, 7] passed!
[2021-05-09 19:02:42,992 INFO] blockchain_client->get_reply: 	 Get reply from 2
[2021-05-09 19:02:42,992 INFO] blockchain_client->get_reply: 	 check majority for message [0, 7] passed!
[2021-05-09 19:02:42,993 INFO] blockchain_client->get_reply: 	 Get reply from 3
[2021-05-09 19:02:42,993 INFO] blockchain_client->get_reply: 	 check majority for message [0, 7] passed!
[2021-05-09 19:02:43,014 INFO] blockchain_client->send_request: 	 client 0's  message 7 processed successfully.
[2021-05-09 19:02:43,854 INFO] blockchain_client->send_request: 	 client 0's  message 8 sent.
[2021-05-09 19:02:43,874 INFO] blockchain_client->get_reply: 	 Get reply from 0
[2021-05-09 19:02:43,876 INFO] blockchain_client->get_reply: 	 Get reply from 1
[2021-05-09 19:02:43,876 INFO] blockchain_client->get_reply: 	 check majority for message [0, 8] passed!
[2021-05-09 19:02:43,878 INFO] blockchain_client->get_reply: 	 Get reply from 2
[2021-05-09 19:02:43,878 INFO] blockchain_client->get_reply: 	 check majority for message [0, 8] passed!
[2021-05-09 19:02:43,880 INFO] blockchain_client->get_reply: 	 Get reply from 3
[2021-05-09 19:02:43,880 INFO] blockchain_client->get_reply: 	 check majority for message [0, 8] passed!
[2021-05-09 19:02:43,902 INFO] blockchain_client->send_request: 	 client 0's  message 8 processed successfully.
[2021-05-09 19:02:44,209 INFO] blockchain_client->send_request: 	 client 0's  message 9 sent.
[2021-05-09 19:02:44,240 INFO] blockchain_client->get_reply: 	 Get reply from 0
[2021-05-09 19:02:44,246 INFO] blockchain_client->get_reply: 	 Get reply from 1
[2021-05-09 19:02:44,246 INFO] blockchain_client->get_reply: 	 check majority for message [0, 9] passed!
[2021-05-09 19:02:44,252 INFO] blockchain_client->get_reply: 	 Get reply from 2
[2021-05-09 19:02:44,252 INFO] blockchain_client->get_reply: 	 check majority for message [0, 9] passed!
[2021-05-09 19:02:44,255 INFO] blockchain_client->send_request: 	 client 0's  message 9 processed successfully.
