[2021-05-10 00:26:53,419 DEBUG] node->main: 	 {'nodes': [{'host': 'localhost', 'port': 30000}, {'host': 'localhost', 'port': 30001}, {'host': 'localhost', 'port': 30002}, {'host': 'localhost', 'port': 30003}], 'clients': [{'host': 'localhost', 'port': 20001}, {'host': 'localhost', 'port': 20002}], 'loss%': 0, 'ckpt_interval': 10, 'retry_times_before_view_change': 2, 'sync_interval': 5, 'misc': {'network_timeout': 1000}}
[2021-05-10 00:26:53,420 INFO] checkpoint->__init__: 	 ---> 3: Create checkpoint.
[2021-05-10 00:26:53,420 DEBUG] selector_events->__init__: 	 Using selector: EpollSelector
[2021-05-10 00:27:01,540 INFO] pbft_handler->feedback: 	 ---> 3: on feedback
[2021-05-10 00:27:01,540 INFO] pbft_handler->feedback: 	 ---> 3: receive preprepare msg from 0
[2021-05-10 00:27:01,540 DEBUG] pbft_handler->_post: 	 make request to 0, FEEDBACK
[2021-05-10 00:27:01,548 INFO] pbft_handler->fast_reply: 	 ---> 3: on fast_reply
[2021-05-10 00:27:01,548 INFO] pbft_handler->fast_reply: 	 ---> 3: receive confirm msg from 0
[2021-05-10 00:27:01,549 DEBUG] pbft_handler->fast_reply: 	 Add commit certifiacte to slot 0
[2021-05-10 00:27:01,550 INFO] pbft_handler->fast_reply: 	 3 fast reply to http://localhost:20001/reply successfully!!
[2021-05-10 00:27:02,292 INFO] pbft_handler->feedback: 	 ---> 3: on feedback
[2021-05-10 00:27:02,292 INFO] pbft_handler->feedback: 	 ---> 3: receive preprepare msg from 0
[2021-05-10 00:27:02,292 DEBUG] pbft_handler->_post: 	 make request to 0, FEEDBACK
[2021-05-10 00:27:02,297 INFO] pbft_handler->fast_reply: 	 ---> 3: on fast_reply
[2021-05-10 00:27:02,298 INFO] pbft_handler->fast_reply: 	 ---> 3: receive confirm msg from 0
[2021-05-10 00:27:02,298 DEBUG] pbft_handler->fast_reply: 	 Add commit certifiacte to slot 1
[2021-05-10 00:27:02,298 INFO] pbft_handler->fast_reply: 	 3 fast reply to http://localhost:20001/reply successfully!!
[2021-05-10 00:27:02,787 INFO] pbft_handler->feedback: 	 ---> 3: on feedback
[2021-05-10 00:27:02,787 INFO] pbft_handler->feedback: 	 ---> 3: receive preprepare msg from 0
[2021-05-10 00:27:02,787 DEBUG] pbft_handler->_post: 	 make request to 0, FEEDBACK
[2021-05-10 00:27:02,793 INFO] pbft_handler->fast_reply: 	 ---> 3: on fast_reply
[2021-05-10 00:27:02,793 INFO] pbft_handler->fast_reply: 	 ---> 3: receive confirm msg from 0
[2021-05-10 00:27:02,793 DEBUG] pbft_handler->fast_reply: 	 Add commit certifiacte to slot 2
[2021-05-10 00:27:02,794 INFO] pbft_handler->fast_reply: 	 3 fast reply to http://localhost:20001/reply successfully!!
[2021-05-10 00:27:03,577 INFO] pbft_handler->feedback: 	 ---> 3: on feedback
[2021-05-10 00:27:03,577 INFO] pbft_handler->feedback: 	 ---> 3: receive preprepare msg from 0
[2021-05-10 00:27:03,577 DEBUG] pbft_handler->_post: 	 make request to 0, FEEDBACK
[2021-05-10 00:27:03,583 INFO] pbft_handler->fast_reply: 	 ---> 3: on fast_reply
[2021-05-10 00:27:03,583 INFO] pbft_handler->fast_reply: 	 ---> 3: receive confirm msg from 0
[2021-05-10 00:27:03,583 DEBUG] pbft_handler->fast_reply: 	 Add commit certifiacte to slot 3
[2021-05-10 00:27:03,584 INFO] pbft_handler->fast_reply: 	 3 fast reply to http://localhost:20001/reply successfully!!
[2021-05-10 00:27:03,663 INFO] pbft_handler->feedback: 	 ---> 3: on feedback
[2021-05-10 00:27:03,663 INFO] pbft_handler->feedback: 	 ---> 3: receive preprepare msg from 0
[2021-05-10 00:27:03,663 DEBUG] pbft_handler->_post: 	 make request to 0, FEEDBACK
[2021-05-10 00:27:03,669 INFO] pbft_handler->fast_reply: 	 ---> 3: on fast_reply
[2021-05-10 00:27:03,669 INFO] pbft_handler->fast_reply: 	 ---> 3: receive confirm msg from 0
[2021-05-10 00:27:03,669 DEBUG] pbft_handler->fast_reply: 	 Add commit certifiacte to slot 4
[2021-05-10 00:27:03,670 INFO] pbft_handler->fast_reply: 	 3 fast reply to http://localhost:20001/reply successfully!!
[2021-05-10 00:27:04,004 INFO] pbft_handler->feedback: 	 ---> 3: on feedback
[2021-05-10 00:27:04,004 INFO] pbft_handler->feedback: 	 ---> 3: receive preprepare msg from 0
[2021-05-10 00:27:04,004 DEBUG] pbft_handler->_post: 	 make request to 0, FEEDBACK
[2021-05-10 00:27:04,010 INFO] pbft_handler->fast_reply: 	 ---> 3: on fast_reply
[2021-05-10 00:27:04,010 INFO] pbft_handler->fast_reply: 	 ---> 3: receive confirm msg from 0
[2021-05-10 00:27:04,010 DEBUG] pbft_handler->fast_reply: 	 Add commit certifiacte to slot 5
[2021-05-10 00:27:04,011 INFO] pbft_handler->fast_reply: 	 3 fast reply to http://localhost:20001/reply successfully!!
[2021-05-10 00:27:04,402 INFO] pbft_handler->feedback: 	 ---> 3: on feedback
[2021-05-10 00:27:04,402 INFO] pbft_handler->feedback: 	 ---> 3: receive preprepare msg from 0
[2021-05-10 00:27:04,402 DEBUG] pbft_handler->_post: 	 make request to 0, FEEDBACK
[2021-05-10 00:27:04,407 INFO] pbft_handler->fast_reply: 	 ---> 3: on fast_reply
[2021-05-10 00:27:04,407 INFO] pbft_handler->fast_reply: 	 ---> 3: receive confirm msg from 0
[2021-05-10 00:27:04,407 DEBUG] pbft_handler->fast_reply: 	 Add commit certifiacte to slot 6
[2021-05-10 00:27:04,408 INFO] pbft_handler->fast_reply: 	 3 fast reply to http://localhost:20001/reply successfully!!
[2021-05-10 00:27:04,892 INFO] pbft_handler->feedback: 	 ---> 3: on feedback
[2021-05-10 00:27:04,892 INFO] pbft_handler->feedback: 	 ---> 3: receive preprepare msg from 0
[2021-05-10 00:27:04,892 DEBUG] pbft_handler->_post: 	 make request to 0, FEEDBACK
[2021-05-10 00:27:04,898 INFO] pbft_handler->fast_reply: 	 ---> 3: on fast_reply
[2021-05-10 00:27:04,898 INFO] pbft_handler->fast_reply: 	 ---> 3: receive confirm msg from 0
[2021-05-10 00:27:04,898 DEBUG] pbft_handler->fast_reply: 	 Add commit certifiacte to slot 7
[2021-05-10 00:27:04,899 INFO] pbft_handler->fast_reply: 	 3 fast reply to http://localhost:20001/reply successfully!!
[2021-05-10 00:27:05,038 INFO] pbft_handler->feedback: 	 ---> 3: on feedback
[2021-05-10 00:27:05,038 INFO] pbft_handler->feedback: 	 ---> 3: receive preprepare msg from 0
[2021-05-10 00:27:05,039 DEBUG] pbft_handler->_post: 	 make request to 0, FEEDBACK
[2021-05-10 00:27:05,045 INFO] pbft_handler->fast_reply: 	 ---> 3: on fast_reply
[2021-05-10 00:27:05,045 INFO] pbft_handler->fast_reply: 	 ---> 3: receive confirm msg from 0
[2021-05-10 00:27:05,045 DEBUG] pbft_handler->fast_reply: 	 Add commit certifiacte to slot 8
[2021-05-10 00:27:05,046 INFO] pbft_handler->fast_reply: 	 3 fast reply to http://localhost:20001/reply successfully!!
[2021-05-10 00:27:06,032 INFO] pbft_handler->feedback: 	 ---> 3: on feedback
[2021-05-10 00:27:06,033 INFO] pbft_handler->feedback: 	 ---> 3: receive preprepare msg from 0
[2021-05-10 00:27:06,033 DEBUG] pbft_handler->_post: 	 make request to 0, FEEDBACK
[2021-05-10 00:27:06,038 INFO] pbft_handler->receive_ckpt_vote: 	 ---> 3: receive checkpoint vote.
[2021-05-10 00:27:06,039 DEBUG] checkpoint->receive_vote: 	 ---> 3: Receive checkpoint votes
[2021-05-10 00:27:06,045 INFO] pbft_handler->receive_ckpt_vote: 	 ---> 3: receive checkpoint vote.
[2021-05-10 00:27:06,045 DEBUG] checkpoint->receive_vote: 	 ---> 3: Receive checkpoint votes
[2021-05-10 00:27:06,051 INFO] pbft_handler->receive_ckpt_vote: 	 ---> 3: receive checkpoint vote.
[2021-05-10 00:27:06,051 DEBUG] checkpoint->receive_vote: 	 ---> 3: Receive checkpoint votes
[2021-05-10 00:27:06,052 INFO] checkpoint->receive_vote: 	 ---> 3: Update checkpoint by receiving votes
[2021-05-10 00:27:06,053 INFO] pbft_handler->fast_reply: 	 ---> 3: on fast_reply
[2021-05-10 00:27:06,053 INFO] pbft_handler->fast_reply: 	 ---> 3: receive confirm msg from 0
