[2021-05-09 18:59:19,769 DEBUG] node->main: 	 {'nodes': [{'host': 'localhost', 'port': 30000}, {'host': 'localhost', 'port': 30001}, {'host': 'localhost', 'port': 30002}, {'host': 'localhost', 'port': 30003}], 'clients': [{'host': 'localhost', 'port': 20001}, {'host': 'localhost', 'port': 20002}], 'loss%': 0, 'ckpt_interval': 10, 'retry_times_before_view_change': 2, 'sync_interval': 5, 'misc': {'network_timeout': 50}}
[2021-05-09 18:59:19,770 INFO] checkpoint->__init__: 	 ---> 0: Create checkpoint.
[2021-05-09 18:59:19,770 DEBUG] selector_events->__init__: 	 Using selector: EpollSelector
[2021-05-09 19:02:38,382 INFO] pbft_handler->get_request: 	 ---> 0: on request
[2021-05-09 19:02:38,383 INFO] pbft_handler->preprepare: 	 ---> 0: on preprepare, propose at slot: 0
[2021-05-09 19:02:38,383 DEBUG] pbft_handler->_post: 	 make request to 0, preprepare
[2021-05-09 19:02:38,388 INFO] pbft_handler->prepare: 	 ---> 0: on prepare
[2021-05-09 19:02:38,388 INFO] pbft_handler->prepare: 	 ---> 0: receive preprepare msg from 0
[2021-05-09 19:02:38,388 DEBUG] pbft_handler->_post: 	 make request to 0, prepare
[2021-05-09 19:02:38,389 INFO] pbft_handler->commit: 	 ---> 0: on commit
[2021-05-09 19:02:38,390 INFO] pbft_handler->commit: 	 ---> 0: receive prepare msg from 0
[2021-05-09 19:02:38,390 DEBUG] pbft_handler->_post: 	 make request to 1, prepare
[2021-05-09 19:02:38,391 DEBUG] pbft_handler->_post: 	 make request to 2, prepare
[2021-05-09 19:02:38,393 DEBUG] pbft_handler->_post: 	 make request to 3, prepare
[2021-05-09 19:02:38,394 DEBUG] pbft_handler->_post: 	 make request to 1, preprepare
[2021-05-09 19:02:38,396 INFO] pbft_handler->commit: 	 ---> 0: on commit
[2021-05-09 19:02:38,396 INFO] pbft_handler->commit: 	 ---> 0: receive prepare msg from 1
[2021-05-09 19:02:38,400 DEBUG] pbft_handler->_post: 	 make request to 2, preprepare
[2021-05-09 19:02:38,402 INFO] pbft_handler->commit: 	 ---> 0: on commit
[2021-05-09 19:02:38,402 INFO] pbft_handler->commit: 	 ---> 0: receive prepare msg from 2
[2021-05-09 19:02:38,402 DEBUG] pbft_handler->_post: 	 make request to 0, commit
[2021-05-09 19:02:38,403 INFO] pbft_handler->reply: 	 ---> 0: on reply
[2021-05-09 19:02:38,403 INFO] pbft_handler->reply: 	 ---> 0: receive commit msg from 0
[2021-05-09 19:02:38,403 DEBUG] pbft_handler->_post: 	 make request to 1, commit
[2021-05-09 19:02:38,404 DEBUG] pbft_handler->_post: 	 make request to 2, commit
[2021-05-09 19:02:38,405 DEBUG] pbft_handler->_post: 	 make request to 3, commit
[2021-05-09 19:02:38,407 INFO] pbft_handler->reply: 	 ---> 0: on reply
[2021-05-09 19:02:38,408 INFO] pbft_handler->reply: 	 ---> 0: receive commit msg from 1
[2021-05-09 19:02:38,412 INFO] pbft_handler->reply: 	 ---> 0: on reply
[2021-05-09 19:02:38,412 INFO] pbft_handler->reply: 	 ---> 0: receive commit msg from 2
[2021-05-09 19:02:38,412 DEBUG] pbft_handler->reply: 	 Add commit certifiacte to slot 0
[2021-05-09 19:02:38,414 INFO] pbft_handler->reply: 	 0 reply to http://localhost:20001/reply successfully!!
[2021-05-09 19:02:38,423 INFO] pbft_handler->reply: 	 ---> 0: on reply
[2021-05-09 19:02:38,423 INFO] pbft_handler->reply: 	 ---> 0: receive commit msg from 3
[2021-05-09 19:02:38,427 DEBUG] pbft_handler->_post: 	 make request to 3, preprepare
[2021-05-09 19:02:38,428 INFO] pbft_handler->commit: 	 ---> 0: on commit
[2021-05-09 19:02:38,428 INFO] pbft_handler->commit: 	 ---> 0: receive prepare msg from 3
[2021-05-09 19:02:38,429 DEBUG] pbft_handler->_post: 	 make request to 0, commit
[2021-05-09 19:02:38,429 INFO] pbft_handler->reply: 	 ---> 0: on reply
[2021-05-09 19:02:38,429 INFO] pbft_handler->reply: 	 ---> 0: receive commit msg from 0
[2021-05-09 19:02:38,430 DEBUG] pbft_handler->_post: 	 make request to 1, commit
[2021-05-09 19:02:38,430 DEBUG] pbft_handler->_post: 	 make request to 2, commit
[2021-05-09 19:02:38,431 DEBUG] pbft_handler->_post: 	 make request to 3, commit
[2021-05-09 19:02:38,433 INFO] pbft_handler->reply: 	 ---> 0: on reply
[2021-05-09 19:02:38,434 INFO] pbft_handler->reply: 	 ---> 0: receive commit msg from 1
[2021-05-09 19:02:38,437 INFO] pbft_handler->reply: 	 ---> 0: on reply
[2021-05-09 19:02:38,437 INFO] pbft_handler->reply: 	 ---> 0: receive commit msg from 2
[2021-05-09 19:02:38,441 INFO] pbft_handler->reply: 	 ---> 0: on reply
[2021-05-09 19:02:38,441 INFO] pbft_handler->reply: 	 ---> 0: receive commit msg from 3
[2021-05-09 19:02:39,004 INFO] pbft_handler->get_request: 	 ---> 0: on request
[2021-05-09 19:02:39,004 INFO] pbft_handler->preprepare: 	 ---> 0: on preprepare, propose at slot: 1
[2021-05-09 19:02:39,005 DEBUG] pbft_handler->_post: 	 make request to 0, preprepare
[2021-05-09 19:02:39,006 INFO] pbft_handler->prepare: 	 ---> 0: on prepare
[2021-05-09 19:02:39,006 INFO] pbft_handler->prepare: 	 ---> 0: receive preprepare msg from 0
[2021-05-09 19:02:39,006 DEBUG] pbft_handler->_post: 	 make request to 0, prepare
[2021-05-09 19:02:39,006 INFO] pbft_handler->commit: 	 ---> 0: on commit
[2021-05-09 19:02:39,006 INFO] pbft_handler->commit: 	 ---> 0: receive prepare msg from 0
[2021-05-09 19:02:39,006 DEBUG] pbft_handler->_post: 	 make request to 1, prepare
[2021-05-09 19:02:39,007 DEBUG] pbft_handler->_post: 	 make request to 2, prepare
[2021-05-09 19:02:39,008 DEBUG] pbft_handler->_post: 	 make request to 3, prepare
[2021-05-09 19:02:39,009 DEBUG] pbft_handler->_post: 	 make request to 1, preprepare
[2021-05-09 19:02:39,011 INFO] pbft_handler->commit: 	 ---> 0: on commit
[2021-05-09 19:02:39,011 INFO] pbft_handler->commit: 	 ---> 0: receive prepare msg from 1
[2021-05-09 19:02:39,014 DEBUG] pbft_handler->_post: 	 make request to 2, preprepare
[2021-05-09 19:02:39,016 INFO] pbft_handler->commit: 	 ---> 0: on commit
[2021-05-09 19:02:39,016 INFO] pbft_handler->commit: 	 ---> 0: receive prepare msg from 2
[2021-05-09 19:02:39,016 DEBUG] pbft_handler->_post: 	 make request to 0, commit
[2021-05-09 19:02:39,016 INFO] pbft_handler->reply: 	 ---> 0: on reply
[2021-05-09 19:02:39,016 INFO] pbft_handler->reply: 	 ---> 0: receive commit msg from 0
[2021-05-09 19:02:39,017 DEBUG] pbft_handler->_post: 	 make request to 1, commit
[2021-05-09 19:02:39,017 DEBUG] pbft_handler->_post: 	 make request to 2, commit
[2021-05-09 19:02:39,018 DEBUG] pbft_handler->_post: 	 make request to 3, commit
[2021-05-09 19:02:39,020 INFO] pbft_handler->reply: 	 ---> 0: on reply
[2021-05-09 19:02:39,020 INFO] pbft_handler->reply: 	 ---> 0: receive commit msg from 1
[2021-05-09 19:02:39,025 INFO] pbft_handler->reply: 	 ---> 0: on reply
[2021-05-09 19:02:39,025 INFO] pbft_handler->reply: 	 ---> 0: receive commit msg from 2
[2021-05-09 19:02:39,025 DEBUG] pbft_handler->reply: 	 Add commit certifiacte to slot 1
[2021-05-09 19:02:39,026 INFO] pbft_handler->reply: 	 0 reply to http://localhost:20001/reply successfully!!
[2021-05-09 19:02:39,033 INFO] pbft_handler->reply: 	 ---> 0: on reply
[2021-05-09 19:02:39,033 INFO] pbft_handler->reply: 	 ---> 0: receive commit msg from 3
[2021-05-09 19:02:39,036 DEBUG] pbft_handler->_post: 	 make request to 3, preprepare
[2021-05-09 19:02:39,037 INFO] pbft_handler->commit: 	 ---> 0: on commit
[2021-05-09 19:02:39,038 INFO] pbft_handler->commit: 	 ---> 0: receive prepare msg from 3
[2021-05-09 19:02:39,038 DEBUG] pbft_handler->_post: 	 make request to 0, commit
[2021-05-09 19:02:39,038 INFO] pbft_handler->reply: 	 ---> 0: on reply
[2021-05-09 19:02:39,038 INFO] pbft_handler->reply: 	 ---> 0: receive commit msg from 0
[2021-05-09 19:02:39,038 DEBUG] pbft_handler->_post: 	 make request to 1, commit
[2021-05-09 19:02:39,039 DEBUG] pbft_handler->_post: 	 make request to 2, commit
[2021-05-09 19:02:39,040 DEBUG] pbft_handler->_post: 	 make request to 3, commit
[2021-05-09 19:02:39,042 INFO] pbft_handler->reply: 	 ---> 0: on reply
[2021-05-09 19:02:39,042 INFO] pbft_handler->reply: 	 ---> 0: receive commit msg from 1
[2021-05-09 19:02:39,046 INFO] pbft_handler->reply: 	 ---> 0: on reply
[2021-05-09 19:02:39,046 INFO] pbft_handler->reply: 	 ---> 0: receive commit msg from 2
[2021-05-09 19:02:39,049 INFO] pbft_handler->reply: 	 ---> 0: on reply
[2021-05-09 19:02:39,050 INFO] pbft_handler->reply: 	 ---> 0: receive commit msg from 3
[2021-05-09 19:02:39,425 INFO] pbft_handler->get_request: 	 ---> 0: on request
[2021-05-09 19:02:39,425 INFO] pbft_handler->preprepare: 	 ---> 0: on preprepare, propose at slot: 2
[2021-05-09 19:02:39,425 DEBUG] pbft_handler->_post: 	 make request to 0, preprepare
[2021-05-09 19:02:39,427 INFO] pbft_handler->prepare: 	 ---> 0: on prepare
[2021-05-09 19:02:39,428 INFO] pbft_handler->prepare: 	 ---> 0: receive preprepare msg from 0
[2021-05-09 19:02:39,428 DEBUG] pbft_handler->_post: 	 make request to 0, prepare
[2021-05-09 19:02:39,429 INFO] pbft_handler->commit: 	 ---> 0: on commit
[2021-05-09 19:02:39,429 INFO] pbft_handler->commit: 	 ---> 0: receive prepare msg from 0
[2021-05-09 19:02:39,429 DEBUG] pbft_handler->_post: 	 make request to 1, prepare
[2021-05-09 19:02:39,430 DEBUG] pbft_handler->_post: 	 make request to 2, prepare
[2021-05-09 19:02:39,431 DEBUG] pbft_handler->_post: 	 make request to 3, prepare
[2021-05-09 19:02:39,432 DEBUG] pbft_handler->_post: 	 make request to 1, preprepare
[2021-05-09 19:02:39,433 INFO] pbft_handler->commit: 	 ---> 0: on commit
[2021-05-09 19:02:39,433 INFO] pbft_handler->commit: 	 ---> 0: receive prepare msg from 1
[2021-05-09 19:02:39,436 DEBUG] pbft_handler->_post: 	 make request to 2, preprepare
[2021-05-09 19:02:39,437 INFO] pbft_handler->commit: 	 ---> 0: on commit
[2021-05-09 19:02:39,437 INFO] pbft_handler->commit: 	 ---> 0: receive prepare msg from 2
[2021-05-09 19:02:39,437 DEBUG] pbft_handler->_post: 	 make request to 0, commit
[2021-05-09 19:02:39,438 INFO] pbft_handler->reply: 	 ---> 0: on reply
[2021-05-09 19:02:39,438 INFO] pbft_handler->reply: 	 ---> 0: receive commit msg from 0
[2021-05-09 19:02:39,438 DEBUG] pbft_handler->_post: 	 make request to 1, commit
[2021-05-09 19:02:39,439 DEBUG] pbft_handler->_post: 	 make request to 2, commit
[2021-05-09 19:02:39,440 DEBUG] pbft_handler->_post: 	 make request to 3, commit
[2021-05-09 19:02:39,442 INFO] pbft_handler->reply: 	 ---> 0: on reply
[2021-05-09 19:02:39,442 INFO] pbft_handler->reply: 	 ---> 0: receive commit msg from 1
[2021-05-09 19:02:39,446 INFO] pbft_handler->reply: 	 ---> 0: on reply
[2021-05-09 19:02:39,446 INFO] pbft_handler->reply: 	 ---> 0: receive commit msg from 2
[2021-05-09 19:02:39,446 DEBUG] pbft_handler->reply: 	 Add commit certifiacte to slot 2
[2021-05-09 19:02:39,447 INFO] pbft_handler->reply: 	 0 reply to http://localhost:20001/reply successfully!!
[2021-05-09 19:02:39,452 INFO] pbft_handler->reply: 	 ---> 0: on reply
[2021-05-09 19:02:39,452 INFO] pbft_handler->reply: 	 ---> 0: receive commit msg from 3
[2021-05-09 19:02:39,455 DEBUG] pbft_handler->_post: 	 make request to 3, preprepare
[2021-05-09 19:02:39,456 INFO] pbft_handler->commit: 	 ---> 0: on commit
[2021-05-09 19:02:39,456 INFO] pbft_handler->commit: 	 ---> 0: receive prepare msg from 3
[2021-05-09 19:02:39,456 DEBUG] pbft_handler->_post: 	 make request to 0, commit
[2021-05-09 19:02:39,457 INFO] pbft_handler->reply: 	 ---> 0: on reply
[2021-05-09 19:02:39,457 INFO] pbft_handler->reply: 	 ---> 0: receive commit msg from 0
[2021-05-09 19:02:39,457 DEBUG] pbft_handler->_post: 	 make request to 1, commit
[2021-05-09 19:02:39,458 DEBUG] pbft_handler->_post: 	 make request to 2, commit
[2021-05-09 19:02:39,459 DEBUG] pbft_handler->_post: 	 make request to 3, commit
[2021-05-09 19:02:39,461 INFO] pbft_handler->reply: 	 ---> 0: on reply
[2021-05-09 19:02:39,461 INFO] pbft_handler->reply: 	 ---> 0: receive commit msg from 1
[2021-05-09 19:02:39,465 INFO] pbft_handler->reply: 	 ---> 0: on reply
[2021-05-09 19:02:39,465 INFO] pbft_handler->reply: 	 ---> 0: receive commit msg from 2
[2021-05-09 19:02:39,468 INFO] pbft_handler->reply: 	 ---> 0: on reply
[2021-05-09 19:02:39,468 INFO] pbft_handler->reply: 	 ---> 0: receive commit msg from 3
[2021-05-09 19:02:40,077 INFO] pbft_handler->get_request: 	 ---> 0: on request
[2021-05-09 19:02:40,078 INFO] pbft_handler->preprepare: 	 ---> 0: on preprepare, propose at slot: 3
[2021-05-09 19:02:40,078 DEBUG] pbft_handler->_post: 	 make request to 0, preprepare
[2021-05-09 19:02:40,080 INFO] pbft_handler->prepare: 	 ---> 0: on prepare
[2021-05-09 19:02:40,080 INFO] pbft_handler->prepare: 	 ---> 0: receive preprepare msg from 0
[2021-05-09 19:02:40,080 DEBUG] pbft_handler->_post: 	 make request to 0, prepare
[2021-05-09 19:02:40,081 INFO] pbft_handler->commit: 	 ---> 0: on commit
[2021-05-09 19:02:40,082 INFO] pbft_handler->commit: 	 ---> 0: receive prepare msg from 0
[2021-05-09 19:02:40,082 DEBUG] pbft_handler->_post: 	 make request to 1, prepare
[2021-05-09 19:02:40,083 DEBUG] pbft_handler->_post: 	 make request to 2, prepare
[2021-05-09 19:02:40,084 DEBUG] pbft_handler->_post: 	 make request to 3, prepare
[2021-05-09 19:02:40,085 DEBUG] pbft_handler->_post: 	 make request to 1, preprepare
[2021-05-09 19:02:40,086 INFO] pbft_handler->commit: 	 ---> 0: on commit
[2021-05-09 19:02:40,086 INFO] pbft_handler->commit: 	 ---> 0: receive prepare msg from 1
[2021-05-09 19:02:40,088 DEBUG] pbft_handler->_post: 	 make request to 2, preprepare
[2021-05-09 19:02:40,089 INFO] pbft_handler->commit: 	 ---> 0: on commit
[2021-05-09 19:02:40,089 INFO] pbft_handler->commit: 	 ---> 0: receive prepare msg from 2
[2021-05-09 19:02:40,089 DEBUG] pbft_handler->_post: 	 make request to 0, commit
[2021-05-09 19:02:40,090 INFO] pbft_handler->reply: 	 ---> 0: on reply
[2021-05-09 19:02:40,090 INFO] pbft_handler->reply: 	 ---> 0: receive commit msg from 0
[2021-05-09 19:02:40,090 DEBUG] pbft_handler->_post: 	 make request to 1, commit
[2021-05-09 19:02:40,090 DEBUG] pbft_handler->_post: 	 make request to 2, commit
[2021-05-09 19:02:40,091 DEBUG] pbft_handler->_post: 	 make request to 3, commit
[2021-05-09 19:02:40,093 INFO] pbft_handler->reply: 	 ---> 0: on reply
[2021-05-09 19:02:40,093 INFO] pbft_handler->reply: 	 ---> 0: receive commit msg from 1
[2021-05-09 19:02:40,097 INFO] pbft_handler->reply: 	 ---> 0: on reply
[2021-05-09 19:02:40,097 INFO] pbft_handler->reply: 	 ---> 0: receive commit msg from 2
[2021-05-09 19:02:40,097 DEBUG] pbft_handler->reply: 	 Add commit certifiacte to slot 3
[2021-05-09 19:02:40,098 INFO] pbft_handler->reply: 	 0 reply to http://localhost:20001/reply successfully!!
[2021-05-09 19:02:40,105 INFO] pbft_handler->reply: 	 ---> 0: on reply
[2021-05-09 19:02:40,105 INFO] pbft_handler->reply: 	 ---> 0: receive commit msg from 3
[2021-05-09 19:02:40,108 DEBUG] pbft_handler->_post: 	 make request to 3, preprepare
[2021-05-09 19:02:40,109 INFO] pbft_handler->commit: 	 ---> 0: on commit
[2021-05-09 19:02:40,109 INFO] pbft_handler->commit: 	 ---> 0: receive prepare msg from 3
[2021-05-09 19:02:40,109 DEBUG] pbft_handler->_post: 	 make request to 0, commit
[2021-05-09 19:02:40,110 INFO] pbft_handler->reply: 	 ---> 0: on reply
[2021-05-09 19:02:40,110 INFO] pbft_handler->reply: 	 ---> 0: receive commit msg from 0
[2021-05-09 19:02:40,110 DEBUG] pbft_handler->_post: 	 make request to 1, commit
[2021-05-09 19:02:40,111 DEBUG] pbft_handler->_post: 	 make request to 2, commit
[2021-05-09 19:02:40,111 DEBUG] pbft_handler->_post: 	 make request to 3, commit
[2021-05-09 19:02:40,113 INFO] pbft_handler->reply: 	 ---> 0: on reply
[2021-05-09 19:02:40,113 INFO] pbft_handler->reply: 	 ---> 0: receive commit msg from 1
[2021-05-09 19:02:40,116 INFO] pbft_handler->reply: 	 ---> 0: on reply
[2021-05-09 19:02:40,116 INFO] pbft_handler->reply: 	 ---> 0: receive commit msg from 2
[2021-05-09 19:02:40,120 INFO] pbft_handler->reply: 	 ---> 0: on reply
[2021-05-09 19:02:40,120 INFO] pbft_handler->reply: 	 ---> 0: receive commit msg from 3
[2021-05-09 19:02:41,058 INFO] pbft_handler->get_request: 	 ---> 0: on request
[2021-05-09 19:02:41,059 INFO] pbft_handler->preprepare: 	 ---> 0: on preprepare, propose at slot: 4
[2021-05-09 19:02:41,059 DEBUG] pbft_handler->_post: 	 make request to 0, preprepare
[2021-05-09 19:02:41,061 INFO] pbft_handler->prepare: 	 ---> 0: on prepare
[2021-05-09 19:02:41,061 INFO] pbft_handler->prepare: 	 ---> 0: receive preprepare msg from 0
[2021-05-09 19:02:41,061 DEBUG] pbft_handler->_post: 	 make request to 0, prepare
[2021-05-09 19:02:41,063 INFO] pbft_handler->commit: 	 ---> 0: on commit
[2021-05-09 19:02:41,063 INFO] pbft_handler->commit: 	 ---> 0: receive prepare msg from 0
[2021-05-09 19:02:41,064 DEBUG] pbft_handler->_post: 	 make request to 1, prepare
[2021-05-09 19:02:41,064 DEBUG] pbft_handler->_post: 	 make request to 2, prepare
[2021-05-09 19:02:41,065 DEBUG] pbft_handler->_post: 	 make request to 3, prepare
[2021-05-09 19:02:41,066 DEBUG] pbft_handler->_post: 	 make request to 1, preprepare
[2021-05-09 19:02:41,067 INFO] pbft_handler->commit: 	 ---> 0: on commit
[2021-05-09 19:02:41,067 INFO] pbft_handler->commit: 	 ---> 0: receive prepare msg from 1
[2021-05-09 19:02:41,070 DEBUG] pbft_handler->_post: 	 make request to 2, preprepare
[2021-05-09 19:02:41,072 INFO] pbft_handler->commit: 	 ---> 0: on commit
[2021-05-09 19:02:41,072 INFO] pbft_handler->commit: 	 ---> 0: receive prepare msg from 2
[2021-05-09 19:02:41,072 DEBUG] pbft_handler->_post: 	 make request to 0, commit
[2021-05-09 19:02:41,072 INFO] pbft_handler->reply: 	 ---> 0: on reply
[2021-05-09 19:02:41,072 INFO] pbft_handler->reply: 	 ---> 0: receive commit msg from 0
[2021-05-09 19:02:41,073 DEBUG] pbft_handler->_post: 	 make request to 1, commit
[2021-05-09 19:02:41,073 DEBUG] pbft_handler->_post: 	 make request to 2, commit
[2021-05-09 19:02:41,074 DEBUG] pbft_handler->_post: 	 make request to 3, commit
[2021-05-09 19:02:41,077 INFO] pbft_handler->reply: 	 ---> 0: on reply
[2021-05-09 19:02:41,077 INFO] pbft_handler->reply: 	 ---> 0: receive commit msg from 1
[2021-05-09 19:02:41,080 INFO] pbft_handler->reply: 	 ---> 0: on reply
[2021-05-09 19:02:41,080 INFO] pbft_handler->reply: 	 ---> 0: receive commit msg from 2
[2021-05-09 19:02:41,080 DEBUG] pbft_handler->reply: 	 Add commit certifiacte to slot 4
[2021-05-09 19:02:41,081 INFO] pbft_handler->reply: 	 0 reply to http://localhost:20001/reply successfully!!
[2021-05-09 19:02:41,087 INFO] pbft_handler->reply: 	 ---> 0: on reply
[2021-05-09 19:02:41,087 INFO] pbft_handler->reply: 	 ---> 0: receive commit msg from 3
[2021-05-09 19:02:41,090 DEBUG] pbft_handler->_post: 	 make request to 3, preprepare
[2021-05-09 19:02:41,091 INFO] pbft_handler->commit: 	 ---> 0: on commit
[2021-05-09 19:02:41,091 INFO] pbft_handler->commit: 	 ---> 0: receive prepare msg from 3
[2021-05-09 19:02:41,092 DEBUG] pbft_handler->_post: 	 make request to 0, commit
[2021-05-09 19:02:41,092 INFO] pbft_handler->reply: 	 ---> 0: on reply
[2021-05-09 19:02:41,092 INFO] pbft_handler->reply: 	 ---> 0: receive commit msg from 0
[2021-05-09 19:02:41,092 DEBUG] pbft_handler->_post: 	 make request to 1, commit
[2021-05-09 19:02:41,093 DEBUG] pbft_handler->_post: 	 make request to 2, commit
[2021-05-09 19:02:41,094 DEBUG] pbft_handler->_post: 	 make request to 3, commit
[2021-05-09 19:02:41,096 INFO] pbft_handler->reply: 	 ---> 0: on reply
[2021-05-09 19:02:41,096 INFO] pbft_handler->reply: 	 ---> 0: receive commit msg from 1
[2021-05-09 19:02:41,100 INFO] pbft_handler->reply: 	 ---> 0: on reply
[2021-05-09 19:02:41,100 INFO] pbft_handler->reply: 	 ---> 0: receive commit msg from 2
[2021-05-09 19:02:41,103 INFO] pbft_handler->reply: 	 ---> 0: on reply
[2021-05-09 19:02:41,103 INFO] pbft_handler->reply: 	 ---> 0: receive commit msg from 3
[2021-05-09 19:02:41,221 INFO] pbft_handler->get_request: 	 ---> 0: on request
[2021-05-09 19:02:41,221 INFO] pbft_handler->preprepare: 	 ---> 0: on preprepare, propose at slot: 5
[2021-05-09 19:02:41,221 DEBUG] pbft_handler->_post: 	 make request to 0, preprepare
[2021-05-09 19:02:41,223 INFO] pbft_handler->prepare: 	 ---> 0: on prepare
[2021-05-09 19:02:41,223 INFO] pbft_handler->prepare: 	 ---> 0: receive preprepare msg from 0
[2021-05-09 19:02:41,223 DEBUG] pbft_handler->_post: 	 make request to 0, prepare
[2021-05-09 19:02:41,225 INFO] pbft_handler->commit: 	 ---> 0: on commit
[2021-05-09 19:02:41,225 INFO] pbft_handler->commit: 	 ---> 0: receive prepare msg from 0
[2021-05-09 19:02:41,226 DEBUG] pbft_handler->_post: 	 make request to 1, prepare
[2021-05-09 19:02:41,228 DEBUG] pbft_handler->_post: 	 make request to 2, prepare
[2021-05-09 19:02:41,229 DEBUG] pbft_handler->_post: 	 make request to 3, prepare
[2021-05-09 19:02:41,230 DEBUG] pbft_handler->_post: 	 make request to 1, preprepare
[2021-05-09 19:02:41,231 INFO] pbft_handler->commit: 	 ---> 0: on commit
[2021-05-09 19:02:41,231 INFO] pbft_handler->commit: 	 ---> 0: receive prepare msg from 1
[2021-05-09 19:02:41,234 DEBUG] pbft_handler->_post: 	 make request to 2, preprepare
[2021-05-09 19:02:41,235 INFO] pbft_handler->commit: 	 ---> 0: on commit
[2021-05-09 19:02:41,235 INFO] pbft_handler->commit: 	 ---> 0: receive prepare msg from 2
[2021-05-09 19:02:41,235 DEBUG] pbft_handler->_post: 	 make request to 0, commit
[2021-05-09 19:02:41,236 INFO] pbft_handler->reply: 	 ---> 0: on reply
[2021-05-09 19:02:41,236 INFO] pbft_handler->reply: 	 ---> 0: receive commit msg from 0
[2021-05-09 19:02:41,236 DEBUG] pbft_handler->_post: 	 make request to 1, commit
[2021-05-09 19:02:41,237 DEBUG] pbft_handler->_post: 	 make request to 2, commit
[2021-05-09 19:02:41,237 DEBUG] pbft_handler->_post: 	 make request to 3, commit
[2021-05-09 19:02:41,240 INFO] pbft_handler->reply: 	 ---> 0: on reply
[2021-05-09 19:02:41,240 INFO] pbft_handler->reply: 	 ---> 0: receive commit msg from 1
[2021-05-09 19:02:41,243 INFO] pbft_handler->reply: 	 ---> 0: on reply
[2021-05-09 19:02:41,244 INFO] pbft_handler->reply: 	 ---> 0: receive commit msg from 2
[2021-05-09 19:02:41,244 DEBUG] pbft_handler->reply: 	 Add commit certifiacte to slot 5
[2021-05-09 19:02:41,244 INFO] pbft_handler->reply: 	 0 reply to http://localhost:20001/reply successfully!!
[2021-05-09 19:02:41,251 INFO] pbft_handler->reply: 	 ---> 0: on reply
[2021-05-09 19:02:41,251 INFO] pbft_handler->reply: 	 ---> 0: receive commit msg from 3
[2021-05-09 19:02:41,254 DEBUG] pbft_handler->_post: 	 make request to 3, preprepare
[2021-05-09 19:02:41,255 INFO] pbft_handler->commit: 	 ---> 0: on commit
[2021-05-09 19:02:41,255 INFO] pbft_handler->commit: 	 ---> 0: receive prepare msg from 3
[2021-05-09 19:02:41,255 DEBUG] pbft_handler->_post: 	 make request to 0, commit
[2021-05-09 19:02:41,256 INFO] pbft_handler->reply: 	 ---> 0: on reply
[2021-05-09 19:02:41,256 INFO] pbft_handler->reply: 	 ---> 0: receive commit msg from 0
[2021-05-09 19:02:41,256 DEBUG] pbft_handler->_post: 	 make request to 1, commit
[2021-05-09 19:02:41,257 DEBUG] pbft_handler->_post: 	 make request to 2, commit
[2021-05-09 19:02:41,258 DEBUG] pbft_handler->_post: 	 make request to 3, commit
[2021-05-09 19:02:41,260 INFO] pbft_handler->reply: 	 ---> 0: on reply
[2021-05-09 19:02:41,260 INFO] pbft_handler->reply: 	 ---> 0: receive commit msg from 1
[2021-05-09 19:02:41,263 INFO] pbft_handler->reply: 	 ---> 0: on reply
[2021-05-09 19:02:41,264 INFO] pbft_handler->reply: 	 ---> 0: receive commit msg from 2
[2021-05-09 19:02:41,267 INFO] pbft_handler->reply: 	 ---> 0: on reply
[2021-05-09 19:02:41,267 INFO] pbft_handler->reply: 	 ---> 0: receive commit msg from 3
[2021-05-09 19:02:42,157 INFO] pbft_handler->get_request: 	 ---> 0: on request
[2021-05-09 19:02:42,157 INFO] pbft_handler->preprepare: 	 ---> 0: on preprepare, propose at slot: 6
[2021-05-09 19:02:42,158 DEBUG] pbft_handler->_post: 	 make request to 0, preprepare
[2021-05-09 19:02:42,160 INFO] pbft_handler->prepare: 	 ---> 0: on prepare
[2021-05-09 19:02:42,160 INFO] pbft_handler->prepare: 	 ---> 0: receive preprepare msg from 0
[2021-05-09 19:02:42,160 DEBUG] pbft_handler->_post: 	 make request to 0, prepare
[2021-05-09 19:02:42,161 INFO] pbft_handler->commit: 	 ---> 0: on commit
[2021-05-09 19:02:42,161 INFO] pbft_handler->commit: 	 ---> 0: receive prepare msg from 0
[2021-05-09 19:02:42,162 DEBUG] pbft_handler->_post: 	 make request to 1, prepare
[2021-05-09 19:02:42,163 DEBUG] pbft_handler->_post: 	 make request to 2, prepare
[2021-05-09 19:02:42,164 DEBUG] pbft_handler->_post: 	 make request to 3, prepare
[2021-05-09 19:02:42,165 DEBUG] pbft_handler->_post: 	 make request to 1, preprepare
[2021-05-09 19:02:42,166 INFO] pbft_handler->commit: 	 ---> 0: on commit
[2021-05-09 19:02:42,166 INFO] pbft_handler->commit: 	 ---> 0: receive prepare msg from 1
[2021-05-09 19:02:42,169 DEBUG] pbft_handler->_post: 	 make request to 2, preprepare
[2021-05-09 19:02:42,170 INFO] pbft_handler->commit: 	 ---> 0: on commit
[2021-05-09 19:02:42,170 INFO] pbft_handler->commit: 	 ---> 0: receive prepare msg from 2
[2021-05-09 19:02:42,170 DEBUG] pbft_handler->_post: 	 make request to 0, commit
[2021-05-09 19:02:42,171 INFO] pbft_handler->reply: 	 ---> 0: on reply
[2021-05-09 19:02:42,171 INFO] pbft_handler->reply: 	 ---> 0: receive commit msg from 0
[2021-05-09 19:02:42,171 DEBUG] pbft_handler->_post: 	 make request to 1, commit
[2021-05-09 19:02:42,172 DEBUG] pbft_handler->_post: 	 make request to 2, commit
[2021-05-09 19:02:42,172 DEBUG] pbft_handler->_post: 	 make request to 3, commit
[2021-05-09 19:02:42,174 INFO] pbft_handler->reply: 	 ---> 0: on reply
[2021-05-09 19:02:42,174 INFO] pbft_handler->reply: 	 ---> 0: receive commit msg from 1
[2021-05-09 19:02:42,177 INFO] pbft_handler->reply: 	 ---> 0: on reply
[2021-05-09 19:02:42,177 INFO] pbft_handler->reply: 	 ---> 0: receive commit msg from 2
[2021-05-09 19:02:42,177 DEBUG] pbft_handler->reply: 	 Add commit certifiacte to slot 6
[2021-05-09 19:02:42,178 INFO] pbft_handler->reply: 	 0 reply to http://localhost:20001/reply successfully!!
[2021-05-09 19:02:42,184 INFO] pbft_handler->reply: 	 ---> 0: on reply
[2021-05-09 19:02:42,184 INFO] pbft_handler->reply: 	 ---> 0: receive commit msg from 3
[2021-05-09 19:02:42,187 DEBUG] pbft_handler->_post: 	 make request to 3, preprepare
[2021-05-09 19:02:42,188 INFO] pbft_handler->commit: 	 ---> 0: on commit
[2021-05-09 19:02:42,188 INFO] pbft_handler->commit: 	 ---> 0: receive prepare msg from 3
[2021-05-09 19:02:42,188 DEBUG] pbft_handler->_post: 	 make request to 0, commit
[2021-05-09 19:02:42,188 INFO] pbft_handler->reply: 	 ---> 0: on reply
[2021-05-09 19:02:42,188 INFO] pbft_handler->reply: 	 ---> 0: receive commit msg from 0
[2021-05-09 19:02:42,189 DEBUG] pbft_handler->_post: 	 make request to 1, commit
[2021-05-09 19:02:42,190 DEBUG] pbft_handler->_post: 	 make request to 2, commit
[2021-05-09 19:02:42,190 DEBUG] pbft_handler->_post: 	 make request to 3, commit
[2021-05-09 19:02:42,193 INFO] pbft_handler->reply: 	 ---> 0: on reply
[2021-05-09 19:02:42,193 INFO] pbft_handler->reply: 	 ---> 0: receive commit msg from 1
[2021-05-09 19:02:42,196 INFO] pbft_handler->reply: 	 ---> 0: on reply
[2021-05-09 19:02:42,196 INFO] pbft_handler->reply: 	 ---> 0: receive commit msg from 2
[2021-05-09 19:02:42,200 INFO] pbft_handler->reply: 	 ---> 0: on reply
[2021-05-09 19:02:42,200 INFO] pbft_handler->reply: 	 ---> 0: receive commit msg from 3
[2021-05-09 19:02:42,969 INFO] pbft_handler->get_request: 	 ---> 0: on request
[2021-05-09 19:02:42,969 INFO] pbft_handler->preprepare: 	 ---> 0: on preprepare, propose at slot: 7
[2021-05-09 19:02:42,970 DEBUG] pbft_handler->_post: 	 make request to 0, preprepare
[2021-05-09 19:02:42,972 INFO] pbft_handler->prepare: 	 ---> 0: on prepare
[2021-05-09 19:02:42,972 INFO] pbft_handler->prepare: 	 ---> 0: receive preprepare msg from 0
[2021-05-09 19:02:42,972 DEBUG] pbft_handler->_post: 	 make request to 0, prepare
[2021-05-09 19:02:42,973 INFO] pbft_handler->commit: 	 ---> 0: on commit
[2021-05-09 19:02:42,973 INFO] pbft_handler->commit: 	 ---> 0: receive prepare msg from 0
[2021-05-09 19:02:42,973 DEBUG] pbft_handler->_post: 	 make request to 1, prepare
[2021-05-09 19:02:42,974 DEBUG] pbft_handler->_post: 	 make request to 2, prepare
[2021-05-09 19:02:42,975 DEBUG] pbft_handler->_post: 	 make request to 3, prepare
[2021-05-09 19:02:42,976 DEBUG] pbft_handler->_post: 	 make request to 1, preprepare
[2021-05-09 19:02:42,977 INFO] pbft_handler->commit: 	 ---> 0: on commit
[2021-05-09 19:02:42,977 INFO] pbft_handler->commit: 	 ---> 0: receive prepare msg from 1
[2021-05-09 19:02:42,979 DEBUG] pbft_handler->_post: 	 make request to 2, preprepare
[2021-05-09 19:02:42,980 INFO] pbft_handler->commit: 	 ---> 0: on commit
[2021-05-09 19:02:42,980 INFO] pbft_handler->commit: 	 ---> 0: receive prepare msg from 2
[2021-05-09 19:02:42,980 DEBUG] pbft_handler->_post: 	 make request to 0, commit
[2021-05-09 19:02:42,981 INFO] pbft_handler->reply: 	 ---> 0: on reply
[2021-05-09 19:02:42,981 INFO] pbft_handler->reply: 	 ---> 0: receive commit msg from 0
[2021-05-09 19:02:42,981 DEBUG] pbft_handler->_post: 	 make request to 1, commit
[2021-05-09 19:02:42,982 DEBUG] pbft_handler->_post: 	 make request to 2, commit
[2021-05-09 19:02:42,983 DEBUG] pbft_handler->_post: 	 make request to 3, commit
[2021-05-09 19:02:42,984 INFO] pbft_handler->reply: 	 ---> 0: on reply
[2021-05-09 19:02:42,984 INFO] pbft_handler->reply: 	 ---> 0: receive commit msg from 1
[2021-05-09 19:02:42,988 INFO] pbft_handler->reply: 	 ---> 0: on reply
[2021-05-09 19:02:42,988 INFO] pbft_handler->reply: 	 ---> 0: receive commit msg from 2
[2021-05-09 19:02:42,988 DEBUG] pbft_handler->reply: 	 Add commit certifiacte to slot 7
[2021-05-09 19:02:42,989 INFO] pbft_handler->reply: 	 0 reply to http://localhost:20001/reply successfully!!
[2021-05-09 19:02:42,995 INFO] pbft_handler->reply: 	 ---> 0: on reply
[2021-05-09 19:02:42,995 INFO] pbft_handler->reply: 	 ---> 0: receive commit msg from 3
[2021-05-09 19:02:42,998 DEBUG] pbft_handler->_post: 	 make request to 3, preprepare
[2021-05-09 19:02:42,999 INFO] pbft_handler->commit: 	 ---> 0: on commit
[2021-05-09 19:02:42,999 INFO] pbft_handler->commit: 	 ---> 0: receive prepare msg from 3
[2021-05-09 19:02:42,999 DEBUG] pbft_handler->_post: 	 make request to 0, commit
[2021-05-09 19:02:42,999 INFO] pbft_handler->reply: 	 ---> 0: on reply
[2021-05-09 19:02:42,999 INFO] pbft_handler->reply: 	 ---> 0: receive commit msg from 0
[2021-05-09 19:02:43,000 DEBUG] pbft_handler->_post: 	 make request to 1, commit
[2021-05-09 19:02:43,001 DEBUG] pbft_handler->_post: 	 make request to 2, commit
[2021-05-09 19:02:43,001 DEBUG] pbft_handler->_post: 	 make request to 3, commit
[2021-05-09 19:02:43,004 INFO] pbft_handler->reply: 	 ---> 0: on reply
[2021-05-09 19:02:43,004 INFO] pbft_handler->reply: 	 ---> 0: receive commit msg from 1
[2021-05-09 19:02:43,008 INFO] pbft_handler->reply: 	 ---> 0: on reply
[2021-05-09 19:02:43,008 INFO] pbft_handler->reply: 	 ---> 0: receive commit msg from 2
[2021-05-09 19:02:43,011 INFO] pbft_handler->reply: 	 ---> 0: on reply
[2021-05-09 19:02:43,011 INFO] pbft_handler->reply: 	 ---> 0: receive commit msg from 3
[2021-05-09 19:02:43,855 INFO] pbft_handler->get_request: 	 ---> 0: on request
[2021-05-09 19:02:43,855 INFO] pbft_handler->preprepare: 	 ---> 0: on preprepare, propose at slot: 8
[2021-05-09 19:02:43,855 DEBUG] pbft_handler->_post: 	 make request to 0, preprepare
[2021-05-09 19:02:43,856 INFO] pbft_handler->prepare: 	 ---> 0: on prepare
[2021-05-09 19:02:43,856 INFO] pbft_handler->prepare: 	 ---> 0: receive preprepare msg from 0
[2021-05-09 19:02:43,857 DEBUG] pbft_handler->_post: 	 make request to 0, prepare
[2021-05-09 19:02:43,857 INFO] pbft_handler->commit: 	 ---> 0: on commit
[2021-05-09 19:02:43,857 INFO] pbft_handler->commit: 	 ---> 0: receive prepare msg from 0
[2021-05-09 19:02:43,858 DEBUG] pbft_handler->_post: 	 make request to 1, prepare
[2021-05-09 19:02:43,859 DEBUG] pbft_handler->_post: 	 make request to 2, prepare
[2021-05-09 19:02:43,860 DEBUG] pbft_handler->_post: 	 make request to 3, prepare
[2021-05-09 19:02:43,861 DEBUG] pbft_handler->_post: 	 make request to 1, preprepare
[2021-05-09 19:02:43,862 INFO] pbft_handler->commit: 	 ---> 0: on commit
[2021-05-09 19:02:43,862 INFO] pbft_handler->commit: 	 ---> 0: receive prepare msg from 1
[2021-05-09 19:02:43,865 DEBUG] pbft_handler->_post: 	 make request to 2, preprepare
[2021-05-09 19:02:43,866 INFO] pbft_handler->commit: 	 ---> 0: on commit
[2021-05-09 19:02:43,866 INFO] pbft_handler->commit: 	 ---> 0: receive prepare msg from 2
[2021-05-09 19:02:43,866 DEBUG] pbft_handler->_post: 	 make request to 0, commit
[2021-05-09 19:02:43,867 INFO] pbft_handler->reply: 	 ---> 0: on reply
[2021-05-09 19:02:43,867 INFO] pbft_handler->reply: 	 ---> 0: receive commit msg from 0
[2021-05-09 19:02:43,867 DEBUG] pbft_handler->_post: 	 make request to 1, commit
[2021-05-09 19:02:43,868 DEBUG] pbft_handler->_post: 	 make request to 2, commit
[2021-05-09 19:02:43,868 DEBUG] pbft_handler->_post: 	 make request to 3, commit
[2021-05-09 19:02:43,870 INFO] pbft_handler->reply: 	 ---> 0: on reply
[2021-05-09 19:02:43,870 INFO] pbft_handler->reply: 	 ---> 0: receive commit msg from 1
[2021-05-09 19:02:43,874 INFO] pbft_handler->reply: 	 ---> 0: on reply
[2021-05-09 19:02:43,874 INFO] pbft_handler->reply: 	 ---> 0: receive commit msg from 2
[2021-05-09 19:02:43,874 DEBUG] pbft_handler->reply: 	 Add commit certifiacte to slot 8
[2021-05-09 19:02:43,875 INFO] pbft_handler->reply: 	 0 reply to http://localhost:20001/reply successfully!!
[2021-05-09 19:02:43,882 INFO] pbft_handler->reply: 	 ---> 0: on reply
[2021-05-09 19:02:43,882 INFO] pbft_handler->reply: 	 ---> 0: receive commit msg from 3
[2021-05-09 19:02:43,885 DEBUG] pbft_handler->_post: 	 make request to 3, preprepare
[2021-05-09 19:02:43,886 INFO] pbft_handler->commit: 	 ---> 0: on commit
[2021-05-09 19:02:43,886 INFO] pbft_handler->commit: 	 ---> 0: receive prepare msg from 3
[2021-05-09 19:02:43,886 DEBUG] pbft_handler->_post: 	 make request to 0, commit
[2021-05-09 19:02:43,886 INFO] pbft_handler->reply: 	 ---> 0: on reply
[2021-05-09 19:02:43,886 INFO] pbft_handler->reply: 	 ---> 0: receive commit msg from 0
[2021-05-09 19:02:43,887 DEBUG] pbft_handler->_post: 	 make request to 1, commit
[2021-05-09 19:02:43,887 DEBUG] pbft_handler->_post: 	 make request to 2, commit
[2021-05-09 19:02:43,888 DEBUG] pbft_handler->_post: 	 make request to 3, commit
[2021-05-09 19:02:43,890 INFO] pbft_handler->reply: 	 ---> 0: on reply
[2021-05-09 19:02:43,891 INFO] pbft_handler->reply: 	 ---> 0: receive commit msg from 1
[2021-05-09 19:02:43,895 INFO] pbft_handler->reply: 	 ---> 0: on reply
[2021-05-09 19:02:43,895 INFO] pbft_handler->reply: 	 ---> 0: receive commit msg from 2
[2021-05-09 19:02:43,899 INFO] pbft_handler->reply: 	 ---> 0: on reply
[2021-05-09 19:02:43,899 INFO] pbft_handler->reply: 	 ---> 0: receive commit msg from 3
[2021-05-09 19:02:44,211 INFO] pbft_handler->get_request: 	 ---> 0: on request
[2021-05-09 19:02:44,211 INFO] pbft_handler->preprepare: 	 ---> 0: on preprepare, propose at slot: 9
[2021-05-09 19:02:44,212 DEBUG] pbft_handler->_post: 	 make request to 0, preprepare
[2021-05-09 19:02:44,214 INFO] pbft_handler->prepare: 	 ---> 0: on prepare
[2021-05-09 19:02:44,214 INFO] pbft_handler->prepare: 	 ---> 0: receive preprepare msg from 0
[2021-05-09 19:02:44,215 DEBUG] pbft_handler->_post: 	 make request to 0, prepare
[2021-05-09 19:02:44,217 INFO] pbft_handler->commit: 	 ---> 0: on commit
[2021-05-09 19:02:44,217 INFO] pbft_handler->commit: 	 ---> 0: receive prepare msg from 0
[2021-05-09 19:02:44,218 DEBUG] pbft_handler->_post: 	 make request to 1, prepare
[2021-05-09 19:02:44,221 DEBUG] pbft_handler->_post: 	 make request to 2, prepare
[2021-05-09 19:02:44,222 DEBUG] pbft_handler->_post: 	 make request to 3, prepare
[2021-05-09 19:02:44,223 DEBUG] pbft_handler->_post: 	 make request to 1, preprepare
[2021-05-09 19:02:44,224 INFO] pbft_handler->commit: 	 ---> 0: on commit
[2021-05-09 19:02:44,224 INFO] pbft_handler->commit: 	 ---> 0: receive prepare msg from 1
[2021-05-09 19:02:44,227 DEBUG] pbft_handler->_post: 	 make request to 2, preprepare
[2021-05-09 19:02:44,228 INFO] pbft_handler->commit: 	 ---> 0: on commit
[2021-05-09 19:02:44,228 INFO] pbft_handler->commit: 	 ---> 0: receive prepare msg from 2
[2021-05-09 19:02:44,228 DEBUG] pbft_handler->_post: 	 make request to 0, commit
[2021-05-09 19:02:44,228 INFO] pbft_handler->reply: 	 ---> 0: on reply
[2021-05-09 19:02:44,228 INFO] pbft_handler->reply: 	 ---> 0: receive commit msg from 0
[2021-05-09 19:02:44,228 DEBUG] pbft_handler->_post: 	 make request to 1, commit
[2021-05-09 19:02:44,229 DEBUG] pbft_handler->_post: 	 make request to 2, commit
[2021-05-09 19:02:44,230 DEBUG] pbft_handler->_post: 	 make request to 3, commit
[2021-05-09 19:02:44,231 INFO] pbft_handler->reply: 	 ---> 0: on reply
[2021-05-09 19:02:44,231 INFO] pbft_handler->reply: 	 ---> 0: receive commit msg from 1
[2021-05-09 19:02:44,234 INFO] pbft_handler->reply: 	 ---> 0: on reply
[2021-05-09 19:02:44,234 INFO] pbft_handler->reply: 	 ---> 0: receive commit msg from 2
[2021-05-09 19:02:44,235 DEBUG] pbft_handler->reply: 	 Add commit certifiacte to slot 9
[2021-05-09 19:02:44,235 DEBUG] checkpoint->_post: 	 make request to 0, receive_ckpt_vote
[2021-05-09 19:02:44,236 INFO] pbft_handler->receive_ckpt_vote: 	 ---> 0: receive checkpoint vote.
[2021-05-09 19:02:44,236 DEBUG] checkpoint->receive_vote: 	 ---> 0: Receive checkpoint votes
[2021-05-09 19:02:44,236 DEBUG] checkpoint->_post: 	 make request to 1, receive_ckpt_vote
[2021-05-09 19:02:44,237 DEBUG] checkpoint->_post: 	 make request to 2, receive_ckpt_vote
[2021-05-09 19:02:44,238 DEBUG] checkpoint->_post: 	 make request to 3, receive_ckpt_vote
[2021-05-09 19:02:44,239 INFO] pbft_handler->reply: 	 ---> 0: Propose checkpoint with last slot: 9. In addition, current checkpoint's next_slot is: 0
[2021-05-09 19:02:44,240 INFO] pbft_handler->reply: 	 0 reply to http://localhost:20001/reply successfully!!
[2021-05-09 19:02:44,242 INFO] pbft_handler->receive_ckpt_vote: 	 ---> 0: receive checkpoint vote.
[2021-05-09 19:02:44,242 DEBUG] checkpoint->receive_vote: 	 ---> 0: Receive checkpoint votes
[2021-05-09 19:02:44,248 INFO] pbft_handler->receive_ckpt_vote: 	 ---> 0: receive checkpoint vote.
[2021-05-09 19:02:44,248 DEBUG] checkpoint->receive_vote: 	 ---> 0: Receive checkpoint votes
[2021-05-09 19:02:44,248 INFO] checkpoint->receive_vote: 	 ---> 0: Update checkpoint by receiving votes
[2021-05-09 19:02:44,254 DEBUG] pbft_handler->_post: 	 make request to 3, preprepare
