[2021-05-09 18:59:19,770 DEBUG] node->main: 	 {'nodes': [{'host': 'localhost', 'port': 30000}, {'host': 'localhost', 'port': 30001}, {'host': 'localhost', 'port': 30002}, {'host': 'localhost', 'port': 30003}], 'clients': [{'host': 'localhost', 'port': 20001}, {'host': 'localhost', 'port': 20002}], 'loss%': 0, 'ckpt_interval': 10, 'retry_times_before_view_change': 2, 'sync_interval': 5, 'misc': {'network_timeout': 50}}
[2021-05-09 18:59:19,771 INFO] checkpoint->__init__: 	 ---> 3: Create checkpoint.
[2021-05-09 18:59:19,771 DEBUG] selector_events->__init__: 	 Using selector: EpollSelector
[2021-05-09 19:02:38,394 INFO] pbft_handler->commit: 	 ---> 3: on commit
[2021-05-09 19:02:38,394 INFO] pbft_handler->commit: 	 ---> 3: receive prepare msg from 0
[2021-05-09 19:02:38,399 INFO] pbft_handler->commit: 	 ---> 3: on commit
[2021-05-09 19:02:38,400 INFO] pbft_handler->commit: 	 ---> 3: receive prepare msg from 1
[2021-05-09 19:02:38,405 INFO] pbft_handler->reply: 	 ---> 3: on reply
[2021-05-09 19:02:38,405 INFO] pbft_handler->reply: 	 ---> 3: receive commit msg from 0
[2021-05-09 19:02:38,410 INFO] pbft_handler->reply: 	 ---> 3: on reply
[2021-05-09 19:02:38,410 INFO] pbft_handler->reply: 	 ---> 3: receive commit msg from 1
[2021-05-09 19:02:38,421 INFO] pbft_handler->reply: 	 ---> 3: on reply
[2021-05-09 19:02:38,421 INFO] pbft_handler->reply: 	 ---> 3: receive commit msg from 2
[2021-05-09 19:02:38,421 DEBUG] pbft_handler->reply: 	 Add commit certifiacte to slot 0
[2021-05-09 19:02:38,421 ERROR] pbft_handler->reply: 	 Send message failed to http://localhost:20001/reply
[2021-05-09 19:02:38,422 INFO] pbft_handler->commit: 	 ---> 3: on commit
[2021-05-09 19:02:38,422 INFO] pbft_handler->commit: 	 ---> 3: receive prepare msg from 2
[2021-05-09 19:02:38,422 DEBUG] pbft_handler->_post: 	 make request to 0, commit
[2021-05-09 19:02:38,424 DEBUG] pbft_handler->_post: 	 make request to 1, commit
[2021-05-09 19:02:38,425 DEBUG] pbft_handler->_post: 	 make request to 2, commit
[2021-05-09 19:02:38,426 DEBUG] pbft_handler->_post: 	 make request to 3, commit
[2021-05-09 19:02:38,427 INFO] pbft_handler->reply: 	 ---> 3: on reply
[2021-05-09 19:02:38,427 INFO] pbft_handler->reply: 	 ---> 3: receive commit msg from 3
[2021-05-09 19:02:38,428 INFO] pbft_handler->prepare: 	 ---> 3: on prepare
[2021-05-09 19:02:38,428 INFO] pbft_handler->prepare: 	 ---> 3: receive preprepare msg from 0
[2021-05-09 19:02:38,428 DEBUG] pbft_handler->_post: 	 make request to 0, prepare
[2021-05-09 19:02:38,432 INFO] pbft_handler->reply: 	 ---> 3: on reply
[2021-05-09 19:02:38,432 INFO] pbft_handler->reply: 	 ---> 3: receive commit msg from 0
[2021-05-09 19:02:38,432 DEBUG] pbft_handler->_post: 	 make request to 1, prepare
[2021-05-09 19:02:38,436 INFO] pbft_handler->reply: 	 ---> 3: on reply
[2021-05-09 19:02:38,436 INFO] pbft_handler->reply: 	 ---> 3: receive commit msg from 1
[2021-05-09 19:02:38,436 DEBUG] pbft_handler->_post: 	 make request to 2, prepare
[2021-05-09 19:02:38,439 INFO] pbft_handler->reply: 	 ---> 3: on reply
[2021-05-09 19:02:38,439 INFO] pbft_handler->reply: 	 ---> 3: receive commit msg from 2
[2021-05-09 19:02:38,440 DEBUG] pbft_handler->_post: 	 make request to 3, prepare
[2021-05-09 19:02:38,440 INFO] pbft_handler->commit: 	 ---> 3: on commit
[2021-05-09 19:02:38,440 INFO] pbft_handler->commit: 	 ---> 3: receive prepare msg from 3
[2021-05-09 19:02:38,440 DEBUG] pbft_handler->_post: 	 make request to 0, commit
[2021-05-09 19:02:38,441 DEBUG] pbft_handler->_post: 	 make request to 1, commit
[2021-05-09 19:02:38,442 DEBUG] pbft_handler->_post: 	 make request to 2, commit
[2021-05-09 19:02:38,443 DEBUG] pbft_handler->_post: 	 make request to 3, commit
[2021-05-09 19:02:38,443 INFO] pbft_handler->reply: 	 ---> 3: on reply
[2021-05-09 19:02:38,443 INFO] pbft_handler->reply: 	 ---> 3: receive commit msg from 3
[2021-05-09 19:02:39,009 INFO] pbft_handler->commit: 	 ---> 3: on commit
[2021-05-09 19:02:39,009 INFO] pbft_handler->commit: 	 ---> 3: receive prepare msg from 0
[2021-05-09 19:02:39,014 INFO] pbft_handler->commit: 	 ---> 3: on commit
[2021-05-09 19:02:39,014 INFO] pbft_handler->commit: 	 ---> 3: receive prepare msg from 1
[2021-05-09 19:02:39,019 INFO] pbft_handler->reply: 	 ---> 3: on reply
[2021-05-09 19:02:39,019 INFO] pbft_handler->reply: 	 ---> 3: receive commit msg from 0
[2021-05-09 19:02:39,023 INFO] pbft_handler->reply: 	 ---> 3: on reply
[2021-05-09 19:02:39,023 INFO] pbft_handler->reply: 	 ---> 3: receive commit msg from 1
[2021-05-09 19:02:39,030 INFO] pbft_handler->reply: 	 ---> 3: on reply
[2021-05-09 19:02:39,030 INFO] pbft_handler->reply: 	 ---> 3: receive commit msg from 2
[2021-05-09 19:02:39,030 DEBUG] pbft_handler->reply: 	 Add commit certifiacte to slot 1
[2021-05-09 19:02:39,032 INFO] pbft_handler->reply: 	 3 reply to http://localhost:20001/reply successfully!!
[2021-05-09 19:02:39,033 INFO] pbft_handler->commit: 	 ---> 3: on commit
[2021-05-09 19:02:39,033 INFO] pbft_handler->commit: 	 ---> 3: receive prepare msg from 2
[2021-05-09 19:02:39,033 DEBUG] pbft_handler->_post: 	 make request to 0, commit
[2021-05-09 19:02:39,034 DEBUG] pbft_handler->_post: 	 make request to 1, commit
[2021-05-09 19:02:39,034 DEBUG] pbft_handler->_post: 	 make request to 2, commit
[2021-05-09 19:02:39,035 DEBUG] pbft_handler->_post: 	 make request to 3, commit
[2021-05-09 19:02:39,036 INFO] pbft_handler->reply: 	 ---> 3: on reply
[2021-05-09 19:02:39,036 INFO] pbft_handler->reply: 	 ---> 3: receive commit msg from 3
[2021-05-09 19:02:39,037 INFO] pbft_handler->prepare: 	 ---> 3: on prepare
[2021-05-09 19:02:39,037 INFO] pbft_handler->prepare: 	 ---> 3: receive preprepare msg from 0
[2021-05-09 19:02:39,037 DEBUG] pbft_handler->_post: 	 make request to 0, prepare
[2021-05-09 19:02:39,041 INFO] pbft_handler->reply: 	 ---> 3: on reply
[2021-05-09 19:02:39,041 INFO] pbft_handler->reply: 	 ---> 3: receive commit msg from 0
[2021-05-09 19:02:39,041 DEBUG] pbft_handler->_post: 	 make request to 1, prepare
[2021-05-09 19:02:39,045 INFO] pbft_handler->reply: 	 ---> 3: on reply
[2021-05-09 19:02:39,045 INFO] pbft_handler->reply: 	 ---> 3: receive commit msg from 1
[2021-05-09 19:02:39,045 DEBUG] pbft_handler->_post: 	 make request to 2, prepare
[2021-05-09 19:02:39,048 INFO] pbft_handler->reply: 	 ---> 3: on reply
[2021-05-09 19:02:39,048 INFO] pbft_handler->reply: 	 ---> 3: receive commit msg from 2
[2021-05-09 19:02:39,049 DEBUG] pbft_handler->_post: 	 make request to 3, prepare
[2021-05-09 19:02:39,049 INFO] pbft_handler->commit: 	 ---> 3: on commit
[2021-05-09 19:02:39,049 INFO] pbft_handler->commit: 	 ---> 3: receive prepare msg from 3
[2021-05-09 19:02:39,049 DEBUG] pbft_handler->_post: 	 make request to 0, commit
[2021-05-09 19:02:39,050 DEBUG] pbft_handler->_post: 	 make request to 1, commit
[2021-05-09 19:02:39,050 DEBUG] pbft_handler->_post: 	 make request to 2, commit
[2021-05-09 19:02:39,051 DEBUG] pbft_handler->_post: 	 make request to 3, commit
[2021-05-09 19:02:39,052 INFO] pbft_handler->reply: 	 ---> 3: on reply
[2021-05-09 19:02:39,052 INFO] pbft_handler->reply: 	 ---> 3: receive commit msg from 3
[2021-05-09 19:02:39,431 INFO] pbft_handler->commit: 	 ---> 3: on commit
[2021-05-09 19:02:39,431 INFO] pbft_handler->commit: 	 ---> 3: receive prepare msg from 0
[2021-05-09 19:02:39,435 INFO] pbft_handler->commit: 	 ---> 3: on commit
[2021-05-09 19:02:39,435 INFO] pbft_handler->commit: 	 ---> 3: receive prepare msg from 1
[2021-05-09 19:02:39,440 INFO] pbft_handler->reply: 	 ---> 3: on reply
[2021-05-09 19:02:39,440 INFO] pbft_handler->reply: 	 ---> 3: receive commit msg from 0
[2021-05-09 19:02:39,444 INFO] pbft_handler->reply: 	 ---> 3: on reply
[2021-05-09 19:02:39,444 INFO] pbft_handler->reply: 	 ---> 3: receive commit msg from 1
[2021-05-09 19:02:39,450 INFO] pbft_handler->reply: 	 ---> 3: on reply
[2021-05-09 19:02:39,450 INFO] pbft_handler->reply: 	 ---> 3: receive commit msg from 2
[2021-05-09 19:02:39,450 DEBUG] pbft_handler->reply: 	 Add commit certifiacte to slot 2
[2021-05-09 19:02:39,451 INFO] pbft_handler->reply: 	 3 reply to http://localhost:20001/reply successfully!!
[2021-05-09 19:02:39,452 INFO] pbft_handler->commit: 	 ---> 3: on commit
[2021-05-09 19:02:39,452 INFO] pbft_handler->commit: 	 ---> 3: receive prepare msg from 2
[2021-05-09 19:02:39,452 DEBUG] pbft_handler->_post: 	 make request to 0, commit
[2021-05-09 19:02:39,453 DEBUG] pbft_handler->_post: 	 make request to 1, commit
[2021-05-09 19:02:39,453 DEBUG] pbft_handler->_post: 	 make request to 2, commit
[2021-05-09 19:02:39,454 DEBUG] pbft_handler->_post: 	 make request to 3, commit
[2021-05-09 19:02:39,454 INFO] pbft_handler->reply: 	 ---> 3: on reply
[2021-05-09 19:02:39,455 INFO] pbft_handler->reply: 	 ---> 3: receive commit msg from 3
[2021-05-09 19:02:39,456 INFO] pbft_handler->prepare: 	 ---> 3: on prepare
[2021-05-09 19:02:39,456 INFO] pbft_handler->prepare: 	 ---> 3: receive preprepare msg from 0
[2021-05-09 19:02:39,456 DEBUG] pbft_handler->_post: 	 make request to 0, prepare
[2021-05-09 19:02:39,459 INFO] pbft_handler->reply: 	 ---> 3: on reply
[2021-05-09 19:02:39,460 INFO] pbft_handler->reply: 	 ---> 3: receive commit msg from 0
[2021-05-09 19:02:39,460 DEBUG] pbft_handler->_post: 	 make request to 1, prepare
[2021-05-09 19:02:39,463 INFO] pbft_handler->reply: 	 ---> 3: on reply
[2021-05-09 19:02:39,463 INFO] pbft_handler->reply: 	 ---> 3: receive commit msg from 1
[2021-05-09 19:02:39,464 DEBUG] pbft_handler->_post: 	 make request to 2, prepare
[2021-05-09 19:02:39,467 INFO] pbft_handler->reply: 	 ---> 3: on reply
[2021-05-09 19:02:39,467 INFO] pbft_handler->reply: 	 ---> 3: receive commit msg from 2
[2021-05-09 19:02:39,467 DEBUG] pbft_handler->_post: 	 make request to 3, prepare
[2021-05-09 19:02:39,468 INFO] pbft_handler->commit: 	 ---> 3: on commit
[2021-05-09 19:02:39,468 INFO] pbft_handler->commit: 	 ---> 3: receive prepare msg from 3
[2021-05-09 19:02:39,468 DEBUG] pbft_handler->_post: 	 make request to 0, commit
[2021-05-09 19:02:39,469 DEBUG] pbft_handler->_post: 	 make request to 1, commit
[2021-05-09 19:02:39,470 DEBUG] pbft_handler->_post: 	 make request to 2, commit
[2021-05-09 19:02:39,470 DEBUG] pbft_handler->_post: 	 make request to 3, commit
[2021-05-09 19:02:39,471 INFO] pbft_handler->reply: 	 ---> 3: on reply
[2021-05-09 19:02:39,471 INFO] pbft_handler->reply: 	 ---> 3: receive commit msg from 3
[2021-05-09 19:02:40,084 INFO] pbft_handler->commit: 	 ---> 3: on commit
[2021-05-09 19:02:40,084 INFO] pbft_handler->commit: 	 ---> 3: receive prepare msg from 0
[2021-05-09 19:02:40,088 INFO] pbft_handler->commit: 	 ---> 3: on commit
[2021-05-09 19:02:40,088 INFO] pbft_handler->commit: 	 ---> 3: receive prepare msg from 1
[2021-05-09 19:02:40,092 INFO] pbft_handler->reply: 	 ---> 3: on reply
[2021-05-09 19:02:40,092 INFO] pbft_handler->reply: 	 ---> 3: receive commit msg from 0
[2021-05-09 19:02:40,095 INFO] pbft_handler->reply: 	 ---> 3: on reply
[2021-05-09 19:02:40,095 INFO] pbft_handler->reply: 	 ---> 3: receive commit msg from 1
[2021-05-09 19:02:40,102 INFO] pbft_handler->reply: 	 ---> 3: on reply
[2021-05-09 19:02:40,102 INFO] pbft_handler->reply: 	 ---> 3: receive commit msg from 2
[2021-05-09 19:02:40,102 DEBUG] pbft_handler->reply: 	 Add commit certifiacte to slot 3
[2021-05-09 19:02:40,103 INFO] pbft_handler->reply: 	 3 reply to http://localhost:20001/reply successfully!!
[2021-05-09 19:02:40,104 INFO] pbft_handler->commit: 	 ---> 3: on commit
[2021-05-09 19:02:40,104 INFO] pbft_handler->commit: 	 ---> 3: receive prepare msg from 2
[2021-05-09 19:02:40,104 DEBUG] pbft_handler->_post: 	 make request to 0, commit
[2021-05-09 19:02:40,105 DEBUG] pbft_handler->_post: 	 make request to 1, commit
[2021-05-09 19:02:40,106 DEBUG] pbft_handler->_post: 	 make request to 2, commit
[2021-05-09 19:02:40,107 DEBUG] pbft_handler->_post: 	 make request to 3, commit
[2021-05-09 19:02:40,107 INFO] pbft_handler->reply: 	 ---> 3: on reply
[2021-05-09 19:02:40,107 INFO] pbft_handler->reply: 	 ---> 3: receive commit msg from 3
[2021-05-09 19:02:40,109 INFO] pbft_handler->prepare: 	 ---> 3: on prepare
[2021-05-09 19:02:40,109 INFO] pbft_handler->prepare: 	 ---> 3: receive preprepare msg from 0
[2021-05-09 19:02:40,109 DEBUG] pbft_handler->_post: 	 make request to 0, prepare
[2021-05-09 19:02:40,112 INFO] pbft_handler->reply: 	 ---> 3: on reply
[2021-05-09 19:02:40,112 INFO] pbft_handler->reply: 	 ---> 3: receive commit msg from 0
[2021-05-09 19:02:40,112 DEBUG] pbft_handler->_post: 	 make request to 1, prepare
[2021-05-09 19:02:40,115 INFO] pbft_handler->reply: 	 ---> 3: on reply
[2021-05-09 19:02:40,115 INFO] pbft_handler->reply: 	 ---> 3: receive commit msg from 1
[2021-05-09 19:02:40,115 DEBUG] pbft_handler->_post: 	 make request to 2, prepare
[2021-05-09 19:02:40,118 INFO] pbft_handler->reply: 	 ---> 3: on reply
[2021-05-09 19:02:40,118 INFO] pbft_handler->reply: 	 ---> 3: receive commit msg from 2
[2021-05-09 19:02:40,119 DEBUG] pbft_handler->_post: 	 make request to 3, prepare
[2021-05-09 19:02:40,119 INFO] pbft_handler->commit: 	 ---> 3: on commit
[2021-05-09 19:02:40,119 INFO] pbft_handler->commit: 	 ---> 3: receive prepare msg from 3
[2021-05-09 19:02:40,119 DEBUG] pbft_handler->_post: 	 make request to 0, commit
[2021-05-09 19:02:40,120 DEBUG] pbft_handler->_post: 	 make request to 1, commit
[2021-05-09 19:02:40,121 DEBUG] pbft_handler->_post: 	 make request to 2, commit
[2021-05-09 19:02:40,121 DEBUG] pbft_handler->_post: 	 make request to 3, commit
[2021-05-09 19:02:40,122 INFO] pbft_handler->reply: 	 ---> 3: on reply
[2021-05-09 19:02:40,122 INFO] pbft_handler->reply: 	 ---> 3: receive commit msg from 3
[2021-05-09 19:02:41,066 INFO] pbft_handler->commit: 	 ---> 3: on commit
[2021-05-09 19:02:41,066 INFO] pbft_handler->commit: 	 ---> 3: receive prepare msg from 0
[2021-05-09 19:02:41,070 INFO] pbft_handler->commit: 	 ---> 3: on commit
[2021-05-09 19:02:41,070 INFO] pbft_handler->commit: 	 ---> 3: receive prepare msg from 1
[2021-05-09 19:02:41,075 INFO] pbft_handler->reply: 	 ---> 3: on reply
[2021-05-09 19:02:41,075 INFO] pbft_handler->reply: 	 ---> 3: receive commit msg from 0
[2021-05-09 19:02:41,079 INFO] pbft_handler->reply: 	 ---> 3: on reply
[2021-05-09 19:02:41,079 INFO] pbft_handler->reply: 	 ---> 3: receive commit msg from 1
[2021-05-09 19:02:41,085 INFO] pbft_handler->reply: 	 ---> 3: on reply
[2021-05-09 19:02:41,085 INFO] pbft_handler->reply: 	 ---> 3: receive commit msg from 2
[2021-05-09 19:02:41,085 DEBUG] pbft_handler->reply: 	 Add commit certifiacte to slot 4
[2021-05-09 19:02:41,086 INFO] pbft_handler->reply: 	 3 reply to http://localhost:20001/reply successfully!!
[2021-05-09 19:02:41,087 INFO] pbft_handler->commit: 	 ---> 3: on commit
[2021-05-09 19:02:41,087 INFO] pbft_handler->commit: 	 ---> 3: receive prepare msg from 2
[2021-05-09 19:02:41,087 DEBUG] pbft_handler->_post: 	 make request to 0, commit
[2021-05-09 19:02:41,088 DEBUG] pbft_handler->_post: 	 make request to 1, commit
[2021-05-09 19:02:41,088 DEBUG] pbft_handler->_post: 	 make request to 2, commit
[2021-05-09 19:02:41,089 DEBUG] pbft_handler->_post: 	 make request to 3, commit
[2021-05-09 19:02:41,090 INFO] pbft_handler->reply: 	 ---> 3: on reply
[2021-05-09 19:02:41,090 INFO] pbft_handler->reply: 	 ---> 3: receive commit msg from 3
[2021-05-09 19:02:41,091 INFO] pbft_handler->prepare: 	 ---> 3: on prepare
[2021-05-09 19:02:41,091 INFO] pbft_handler->prepare: 	 ---> 3: receive preprepare msg from 0
[2021-05-09 19:02:41,091 DEBUG] pbft_handler->_post: 	 make request to 0, prepare
[2021-05-09 19:02:41,095 INFO] pbft_handler->reply: 	 ---> 3: on reply
[2021-05-09 19:02:41,095 INFO] pbft_handler->reply: 	 ---> 3: receive commit msg from 0
[2021-05-09 19:02:41,095 DEBUG] pbft_handler->_post: 	 make request to 1, prepare
[2021-05-09 19:02:41,098 INFO] pbft_handler->reply: 	 ---> 3: on reply
[2021-05-09 19:02:41,098 INFO] pbft_handler->reply: 	 ---> 3: receive commit msg from 1
[2021-05-09 19:02:41,099 DEBUG] pbft_handler->_post: 	 make request to 2, prepare
[2021-05-09 19:02:41,102 INFO] pbft_handler->reply: 	 ---> 3: on reply
[2021-05-09 19:02:41,102 INFO] pbft_handler->reply: 	 ---> 3: receive commit msg from 2
[2021-05-09 19:02:41,102 DEBUG] pbft_handler->_post: 	 make request to 3, prepare
[2021-05-09 19:02:41,103 INFO] pbft_handler->commit: 	 ---> 3: on commit
[2021-05-09 19:02:41,103 INFO] pbft_handler->commit: 	 ---> 3: receive prepare msg from 3
[2021-05-09 19:02:41,103 DEBUG] pbft_handler->_post: 	 make request to 0, commit
[2021-05-09 19:02:41,103 DEBUG] pbft_handler->_post: 	 make request to 1, commit
[2021-05-09 19:02:41,104 DEBUG] pbft_handler->_post: 	 make request to 2, commit
[2021-05-09 19:02:41,105 DEBUG] pbft_handler->_post: 	 make request to 3, commit
[2021-05-09 19:02:41,105 INFO] pbft_handler->reply: 	 ---> 3: on reply
[2021-05-09 19:02:41,105 INFO] pbft_handler->reply: 	 ---> 3: receive commit msg from 3
[2021-05-09 19:02:41,230 INFO] pbft_handler->commit: 	 ---> 3: on commit
[2021-05-09 19:02:41,230 INFO] pbft_handler->commit: 	 ---> 3: receive prepare msg from 0
[2021-05-09 19:02:41,234 INFO] pbft_handler->commit: 	 ---> 3: on commit
[2021-05-09 19:02:41,234 INFO] pbft_handler->commit: 	 ---> 3: receive prepare msg from 1
[2021-05-09 19:02:41,238 INFO] pbft_handler->reply: 	 ---> 3: on reply
[2021-05-09 19:02:41,238 INFO] pbft_handler->reply: 	 ---> 3: receive commit msg from 0
[2021-05-09 19:02:41,242 INFO] pbft_handler->reply: 	 ---> 3: on reply
[2021-05-09 19:02:41,242 INFO] pbft_handler->reply: 	 ---> 3: receive commit msg from 1
[2021-05-09 19:02:41,248 INFO] pbft_handler->reply: 	 ---> 3: on reply
[2021-05-09 19:02:41,248 INFO] pbft_handler->reply: 	 ---> 3: receive commit msg from 2
[2021-05-09 19:02:41,248 DEBUG] pbft_handler->reply: 	 Add commit certifiacte to slot 5
[2021-05-09 19:02:41,249 INFO] pbft_handler->reply: 	 3 reply to http://localhost:20001/reply successfully!!
[2021-05-09 19:02:41,250 INFO] pbft_handler->commit: 	 ---> 3: on commit
[2021-05-09 19:02:41,250 INFO] pbft_handler->commit: 	 ---> 3: receive prepare msg from 2
[2021-05-09 19:02:41,250 DEBUG] pbft_handler->_post: 	 make request to 0, commit
[2021-05-09 19:02:41,251 DEBUG] pbft_handler->_post: 	 make request to 1, commit
[2021-05-09 19:02:41,252 DEBUG] pbft_handler->_post: 	 make request to 2, commit
[2021-05-09 19:02:41,253 DEBUG] pbft_handler->_post: 	 make request to 3, commit
[2021-05-09 19:02:41,253 INFO] pbft_handler->reply: 	 ---> 3: on reply
[2021-05-09 19:02:41,253 INFO] pbft_handler->reply: 	 ---> 3: receive commit msg from 3
[2021-05-09 19:02:41,254 INFO] pbft_handler->prepare: 	 ---> 3: on prepare
[2021-05-09 19:02:41,255 INFO] pbft_handler->prepare: 	 ---> 3: receive preprepare msg from 0
[2021-05-09 19:02:41,255 DEBUG] pbft_handler->_post: 	 make request to 0, prepare
[2021-05-09 19:02:41,258 INFO] pbft_handler->reply: 	 ---> 3: on reply
[2021-05-09 19:02:41,258 INFO] pbft_handler->reply: 	 ---> 3: receive commit msg from 0
[2021-05-09 19:02:41,259 DEBUG] pbft_handler->_post: 	 make request to 1, prepare
[2021-05-09 19:02:41,262 INFO] pbft_handler->reply: 	 ---> 3: on reply
[2021-05-09 19:02:41,262 INFO] pbft_handler->reply: 	 ---> 3: receive commit msg from 1
[2021-05-09 19:02:41,262 DEBUG] pbft_handler->_post: 	 make request to 2, prepare
[2021-05-09 19:02:41,266 INFO] pbft_handler->reply: 	 ---> 3: on reply
[2021-05-09 19:02:41,266 INFO] pbft_handler->reply: 	 ---> 3: receive commit msg from 2
[2021-05-09 19:02:41,266 DEBUG] pbft_handler->_post: 	 make request to 3, prepare
[2021-05-09 19:02:41,266 INFO] pbft_handler->commit: 	 ---> 3: on commit
[2021-05-09 19:02:41,267 INFO] pbft_handler->commit: 	 ---> 3: receive prepare msg from 3
[2021-05-09 19:02:41,267 DEBUG] pbft_handler->_post: 	 make request to 0, commit
[2021-05-09 19:02:41,267 DEBUG] pbft_handler->_post: 	 make request to 1, commit
[2021-05-09 19:02:41,268 DEBUG] pbft_handler->_post: 	 make request to 2, commit
[2021-05-09 19:02:41,269 DEBUG] pbft_handler->_post: 	 make request to 3, commit
[2021-05-09 19:02:41,269 INFO] pbft_handler->reply: 	 ---> 3: on reply
[2021-05-09 19:02:41,269 INFO] pbft_handler->reply: 	 ---> 3: receive commit msg from 3
[2021-05-09 19:02:42,164 INFO] pbft_handler->commit: 	 ---> 3: on commit
[2021-05-09 19:02:42,164 INFO] pbft_handler->commit: 	 ---> 3: receive prepare msg from 0
[2021-05-09 19:02:42,168 INFO] pbft_handler->commit: 	 ---> 3: on commit
[2021-05-09 19:02:42,168 INFO] pbft_handler->commit: 	 ---> 3: receive prepare msg from 1
[2021-05-09 19:02:42,173 INFO] pbft_handler->reply: 	 ---> 3: on reply
[2021-05-09 19:02:42,173 INFO] pbft_handler->reply: 	 ---> 3: receive commit msg from 0
[2021-05-09 19:02:42,176 INFO] pbft_handler->reply: 	 ---> 3: on reply
[2021-05-09 19:02:42,176 INFO] pbft_handler->reply: 	 ---> 3: receive commit msg from 1
[2021-05-09 19:02:42,182 INFO] pbft_handler->reply: 	 ---> 3: on reply
[2021-05-09 19:02:42,182 INFO] pbft_handler->reply: 	 ---> 3: receive commit msg from 2
[2021-05-09 19:02:42,182 DEBUG] pbft_handler->reply: 	 Add commit certifiacte to slot 6
[2021-05-09 19:02:42,183 INFO] pbft_handler->reply: 	 3 reply to http://localhost:20001/reply successfully!!
[2021-05-09 19:02:42,183 INFO] pbft_handler->commit: 	 ---> 3: on commit
[2021-05-09 19:02:42,183 INFO] pbft_handler->commit: 	 ---> 3: receive prepare msg from 2
[2021-05-09 19:02:42,184 DEBUG] pbft_handler->_post: 	 make request to 0, commit
[2021-05-09 19:02:42,184 DEBUG] pbft_handler->_post: 	 make request to 1, commit
[2021-05-09 19:02:42,185 DEBUG] pbft_handler->_post: 	 make request to 2, commit
[2021-05-09 19:02:42,186 DEBUG] pbft_handler->_post: 	 make request to 3, commit
[2021-05-09 19:02:42,186 INFO] pbft_handler->reply: 	 ---> 3: on reply
[2021-05-09 19:02:42,186 INFO] pbft_handler->reply: 	 ---> 3: receive commit msg from 3
[2021-05-09 19:02:42,187 INFO] pbft_handler->prepare: 	 ---> 3: on prepare
[2021-05-09 19:02:42,187 INFO] pbft_handler->prepare: 	 ---> 3: receive preprepare msg from 0
[2021-05-09 19:02:42,187 DEBUG] pbft_handler->_post: 	 make request to 0, prepare
[2021-05-09 19:02:42,191 INFO] pbft_handler->reply: 	 ---> 3: on reply
[2021-05-09 19:02:42,191 INFO] pbft_handler->reply: 	 ---> 3: receive commit msg from 0
[2021-05-09 19:02:42,191 DEBUG] pbft_handler->_post: 	 make request to 1, prepare
[2021-05-09 19:02:42,195 INFO] pbft_handler->reply: 	 ---> 3: on reply
[2021-05-09 19:02:42,195 INFO] pbft_handler->reply: 	 ---> 3: receive commit msg from 1
[2021-05-09 19:02:42,195 DEBUG] pbft_handler->_post: 	 make request to 2, prepare
[2021-05-09 19:02:42,198 INFO] pbft_handler->reply: 	 ---> 3: on reply
[2021-05-09 19:02:42,198 INFO] pbft_handler->reply: 	 ---> 3: receive commit msg from 2
[2021-05-09 19:02:42,199 DEBUG] pbft_handler->_post: 	 make request to 3, prepare
[2021-05-09 19:02:42,199 INFO] pbft_handler->commit: 	 ---> 3: on commit
[2021-05-09 19:02:42,199 INFO] pbft_handler->commit: 	 ---> 3: receive prepare msg from 3
[2021-05-09 19:02:42,199 DEBUG] pbft_handler->_post: 	 make request to 0, commit
[2021-05-09 19:02:42,200 DEBUG] pbft_handler->_post: 	 make request to 1, commit
[2021-05-09 19:02:42,201 DEBUG] pbft_handler->_post: 	 make request to 2, commit
[2021-05-09 19:02:42,201 DEBUG] pbft_handler->_post: 	 make request to 3, commit
[2021-05-09 19:02:42,202 INFO] pbft_handler->reply: 	 ---> 3: on reply
[2021-05-09 19:02:42,202 INFO] pbft_handler->reply: 	 ---> 3: receive commit msg from 3
[2021-05-09 19:02:42,975 INFO] pbft_handler->commit: 	 ---> 3: on commit
[2021-05-09 19:02:42,975 INFO] pbft_handler->commit: 	 ---> 3: receive prepare msg from 0
[2021-05-09 19:02:42,979 INFO] pbft_handler->commit: 	 ---> 3: on commit
[2021-05-09 19:02:42,979 INFO] pbft_handler->commit: 	 ---> 3: receive prepare msg from 1
[2021-05-09 19:02:42,983 INFO] pbft_handler->reply: 	 ---> 3: on reply
[2021-05-09 19:02:42,983 INFO] pbft_handler->reply: 	 ---> 3: receive commit msg from 0
[2021-05-09 19:02:42,986 INFO] pbft_handler->reply: 	 ---> 3: on reply
[2021-05-09 19:02:42,986 INFO] pbft_handler->reply: 	 ---> 3: receive commit msg from 1
[2021-05-09 19:02:42,992 INFO] pbft_handler->reply: 	 ---> 3: on reply
[2021-05-09 19:02:42,992 INFO] pbft_handler->reply: 	 ---> 3: receive commit msg from 2
[2021-05-09 19:02:42,993 DEBUG] pbft_handler->reply: 	 Add commit certifiacte to slot 7
[2021-05-09 19:02:42,993 INFO] pbft_handler->reply: 	 3 reply to http://localhost:20001/reply successfully!!
[2021-05-09 19:02:42,994 INFO] pbft_handler->commit: 	 ---> 3: on commit
[2021-05-09 19:02:42,994 INFO] pbft_handler->commit: 	 ---> 3: receive prepare msg from 2
[2021-05-09 19:02:42,994 DEBUG] pbft_handler->_post: 	 make request to 0, commit
[2021-05-09 19:02:42,995 DEBUG] pbft_handler->_post: 	 make request to 1, commit
[2021-05-09 19:02:42,996 DEBUG] pbft_handler->_post: 	 make request to 2, commit
[2021-05-09 19:02:42,997 DEBUG] pbft_handler->_post: 	 make request to 3, commit
[2021-05-09 19:02:42,997 INFO] pbft_handler->reply: 	 ---> 3: on reply
[2021-05-09 19:02:42,997 INFO] pbft_handler->reply: 	 ---> 3: receive commit msg from 3
[2021-05-09 19:02:42,998 INFO] pbft_handler->prepare: 	 ---> 3: on prepare
[2021-05-09 19:02:42,998 INFO] pbft_handler->prepare: 	 ---> 3: receive preprepare msg from 0
[2021-05-09 19:02:42,998 DEBUG] pbft_handler->_post: 	 make request to 0, prepare
[2021-05-09 19:02:43,002 INFO] pbft_handler->reply: 	 ---> 3: on reply
[2021-05-09 19:02:43,002 INFO] pbft_handler->reply: 	 ---> 3: receive commit msg from 0
[2021-05-09 19:02:43,002 DEBUG] pbft_handler->_post: 	 make request to 1, prepare
[2021-05-09 19:02:43,006 INFO] pbft_handler->reply: 	 ---> 3: on reply
[2021-05-09 19:02:43,006 INFO] pbft_handler->reply: 	 ---> 3: receive commit msg from 1
[2021-05-09 19:02:43,007 DEBUG] pbft_handler->_post: 	 make request to 2, prepare
[2021-05-09 19:02:43,010 INFO] pbft_handler->reply: 	 ---> 3: on reply
[2021-05-09 19:02:43,010 INFO] pbft_handler->reply: 	 ---> 3: receive commit msg from 2
[2021-05-09 19:02:43,010 DEBUG] pbft_handler->_post: 	 make request to 3, prepare
[2021-05-09 19:02:43,010 INFO] pbft_handler->commit: 	 ---> 3: on commit
[2021-05-09 19:02:43,011 INFO] pbft_handler->commit: 	 ---> 3: receive prepare msg from 3
[2021-05-09 19:02:43,011 DEBUG] pbft_handler->_post: 	 make request to 0, commit
[2021-05-09 19:02:43,011 DEBUG] pbft_handler->_post: 	 make request to 1, commit
[2021-05-09 19:02:43,012 DEBUG] pbft_handler->_post: 	 make request to 2, commit
[2021-05-09 19:02:43,013 DEBUG] pbft_handler->_post: 	 make request to 3, commit
[2021-05-09 19:02:43,013 INFO] pbft_handler->reply: 	 ---> 3: on reply
[2021-05-09 19:02:43,013 INFO] pbft_handler->reply: 	 ---> 3: receive commit msg from 3
[2021-05-09 19:02:43,860 INFO] pbft_handler->commit: 	 ---> 3: on commit
[2021-05-09 19:02:43,860 INFO] pbft_handler->commit: 	 ---> 3: receive prepare msg from 0
[2021-05-09 19:02:43,864 INFO] pbft_handler->commit: 	 ---> 3: on commit
[2021-05-09 19:02:43,865 INFO] pbft_handler->commit: 	 ---> 3: receive prepare msg from 1
[2021-05-09 19:02:43,869 INFO] pbft_handler->reply: 	 ---> 3: on reply
[2021-05-09 19:02:43,869 INFO] pbft_handler->reply: 	 ---> 3: receive commit msg from 0
[2021-05-09 19:02:43,872 INFO] pbft_handler->reply: 	 ---> 3: on reply
[2021-05-09 19:02:43,872 INFO] pbft_handler->reply: 	 ---> 3: receive commit msg from 1
[2021-05-09 19:02:43,879 INFO] pbft_handler->reply: 	 ---> 3: on reply
[2021-05-09 19:02:43,879 INFO] pbft_handler->reply: 	 ---> 3: receive commit msg from 2
[2021-05-09 19:02:43,879 DEBUG] pbft_handler->reply: 	 Add commit certifiacte to slot 8
[2021-05-09 19:02:43,880 INFO] pbft_handler->reply: 	 3 reply to http://localhost:20001/reply successfully!!
[2021-05-09 19:02:43,881 INFO] pbft_handler->commit: 	 ---> 3: on commit
[2021-05-09 19:02:43,881 INFO] pbft_handler->commit: 	 ---> 3: receive prepare msg from 2
[2021-05-09 19:02:43,881 DEBUG] pbft_handler->_post: 	 make request to 0, commit
[2021-05-09 19:02:43,882 DEBUG] pbft_handler->_post: 	 make request to 1, commit
[2021-05-09 19:02:43,883 DEBUG] pbft_handler->_post: 	 make request to 2, commit
[2021-05-09 19:02:43,884 DEBUG] pbft_handler->_post: 	 make request to 3, commit
[2021-05-09 19:02:43,884 INFO] pbft_handler->reply: 	 ---> 3: on reply
[2021-05-09 19:02:43,884 INFO] pbft_handler->reply: 	 ---> 3: receive commit msg from 3
[2021-05-09 19:02:43,885 INFO] pbft_handler->prepare: 	 ---> 3: on prepare
[2021-05-09 19:02:43,885 INFO] pbft_handler->prepare: 	 ---> 3: receive preprepare msg from 0
[2021-05-09 19:02:43,885 DEBUG] pbft_handler->_post: 	 make request to 0, prepare
[2021-05-09 19:02:43,889 INFO] pbft_handler->reply: 	 ---> 3: on reply
[2021-05-09 19:02:43,889 INFO] pbft_handler->reply: 	 ---> 3: receive commit msg from 0
[2021-05-09 19:02:43,889 DEBUG] pbft_handler->_post: 	 make request to 1, prepare
[2021-05-09 19:02:43,893 INFO] pbft_handler->reply: 	 ---> 3: on reply
[2021-05-09 19:02:43,893 INFO] pbft_handler->reply: 	 ---> 3: receive commit msg from 1
[2021-05-09 19:02:43,893 DEBUG] pbft_handler->_post: 	 make request to 2, prepare
[2021-05-09 19:02:43,897 INFO] pbft_handler->reply: 	 ---> 3: on reply
[2021-05-09 19:02:43,897 INFO] pbft_handler->reply: 	 ---> 3: receive commit msg from 2
[2021-05-09 19:02:43,898 DEBUG] pbft_handler->_post: 	 make request to 3, prepare
[2021-05-09 19:02:43,898 INFO] pbft_handler->commit: 	 ---> 3: on commit
[2021-05-09 19:02:43,898 INFO] pbft_handler->commit: 	 ---> 3: receive prepare msg from 3
[2021-05-09 19:02:43,898 DEBUG] pbft_handler->_post: 	 make request to 0, commit
[2021-05-09 19:02:43,899 DEBUG] pbft_handler->_post: 	 make request to 1, commit
[2021-05-09 19:02:43,900 DEBUG] pbft_handler->_post: 	 make request to 2, commit
[2021-05-09 19:02:43,901 DEBUG] pbft_handler->_post: 	 make request to 3, commit
[2021-05-09 19:02:43,901 INFO] pbft_handler->reply: 	 ---> 3: on reply
[2021-05-09 19:02:43,901 INFO] pbft_handler->reply: 	 ---> 3: receive commit msg from 3
[2021-05-09 19:02:44,222 INFO] pbft_handler->commit: 	 ---> 3: on commit
[2021-05-09 19:02:44,222 INFO] pbft_handler->commit: 	 ---> 3: receive prepare msg from 0
[2021-05-09 19:02:44,226 INFO] pbft_handler->commit: 	 ---> 3: on commit
[2021-05-09 19:02:44,226 INFO] pbft_handler->commit: 	 ---> 3: receive prepare msg from 1
[2021-05-09 19:02:44,230 INFO] pbft_handler->reply: 	 ---> 3: on reply
[2021-05-09 19:02:44,230 INFO] pbft_handler->reply: 	 ---> 3: receive commit msg from 0
[2021-05-09 19:02:44,233 INFO] pbft_handler->reply: 	 ---> 3: on reply
[2021-05-09 19:02:44,233 INFO] pbft_handler->reply: 	 ---> 3: receive commit msg from 1
[2021-05-09 19:02:44,239 INFO] pbft_handler->receive_ckpt_vote: 	 ---> 3: receive checkpoint vote.
[2021-05-09 19:02:44,239 DEBUG] checkpoint->receive_vote: 	 ---> 3: Receive checkpoint votes
[2021-05-09 19:02:44,245 INFO] pbft_handler->receive_ckpt_vote: 	 ---> 3: receive checkpoint vote.
[2021-05-09 19:02:44,245 DEBUG] checkpoint->receive_vote: 	 ---> 3: Receive checkpoint votes
[2021-05-09 19:02:44,251 INFO] pbft_handler->receive_ckpt_vote: 	 ---> 3: receive checkpoint vote.
[2021-05-09 19:02:44,252 DEBUG] checkpoint->receive_vote: 	 ---> 3: Receive checkpoint votes
[2021-05-09 19:02:44,252 INFO] checkpoint->receive_vote: 	 ---> 3: Update checkpoint by receiving votes
[2021-05-09 19:02:44,253 INFO] pbft_handler->reply: 	 ---> 3: on reply
[2021-05-09 19:02:44,253 INFO] pbft_handler->reply: 	 ---> 3: receive commit msg from 2
[2021-05-09 19:02:44,254 INFO] pbft_handler->commit: 	 ---> 3: on commit
[2021-05-09 19:02:44,254 INFO] pbft_handler->commit: 	 ---> 3: receive prepare msg from 2
[2021-05-09 19:02:44,255 INFO] pbft_handler->prepare: 	 ---> 3: on prepare
[2021-05-09 19:02:44,255 INFO] pbft_handler->prepare: 	 ---> 3: receive preprepare msg from 0
