[2021-05-09 18:59:19,788 DEBUG] node->main: 	 {'nodes': [{'host': 'localhost', 'port': 30000}, {'host': 'localhost', 'port': 30001}, {'host': 'localhost', 'port': 30002}, {'host': 'localhost', 'port': 30003}], 'clients': [{'host': 'localhost', 'port': 20001}, {'host': 'localhost', 'port': 20002}], 'loss%': 0, 'ckpt_interval': 10, 'retry_times_before_view_change': 2, 'sync_interval': 5, 'misc': {'network_timeout': 50}}
[2021-05-09 18:59:19,788 INFO] checkpoint->__init__: 	 ---> 1: Create checkpoint.
[2021-05-09 18:59:19,789 DEBUG] selector_events->__init__: 	 Using selector: EpollSelector
[2021-05-09 19:02:38,391 INFO] pbft_handler->commit: 	 ---> 1: on commit
[2021-05-09 19:02:38,391 INFO] pbft_handler->commit: 	 ---> 1: receive prepare msg from 0
[2021-05-09 19:02:38,395 INFO] pbft_handler->prepare: 	 ---> 1: on prepare
[2021-05-09 19:02:38,395 INFO] pbft_handler->prepare: 	 ---> 1: receive preprepare msg from 0
[2021-05-09 19:02:38,395 DEBUG] pbft_handler->_post: 	 make request to 0, prepare
[2021-05-09 19:02:38,396 DEBUG] pbft_handler->_post: 	 make request to 1, prepare
[2021-05-09 19:02:38,397 INFO] pbft_handler->commit: 	 ---> 1: on commit
[2021-05-09 19:02:38,397 INFO] pbft_handler->commit: 	 ---> 1: receive prepare msg from 1
[2021-05-09 19:02:38,397 DEBUG] pbft_handler->_post: 	 make request to 2, prepare
[2021-05-09 19:02:38,399 DEBUG] pbft_handler->_post: 	 make request to 3, prepare
[2021-05-09 19:02:38,403 INFO] pbft_handler->reply: 	 ---> 1: on reply
[2021-05-09 19:02:38,403 INFO] pbft_handler->reply: 	 ---> 1: receive commit msg from 0
[2021-05-09 19:02:38,407 INFO] pbft_handler->commit: 	 ---> 1: on commit
[2021-05-09 19:02:38,407 INFO] pbft_handler->commit: 	 ---> 1: receive prepare msg from 2
[2021-05-09 19:02:38,407 DEBUG] pbft_handler->_post: 	 make request to 0, commit
[2021-05-09 19:02:38,408 DEBUG] pbft_handler->_post: 	 make request to 1, commit
[2021-05-09 19:02:38,408 INFO] pbft_handler->reply: 	 ---> 1: on reply
[2021-05-09 19:02:38,408 INFO] pbft_handler->reply: 	 ---> 1: receive commit msg from 1
[2021-05-09 19:02:38,409 DEBUG] pbft_handler->_post: 	 make request to 2, commit
[2021-05-09 19:02:38,409 DEBUG] pbft_handler->_post: 	 make request to 3, commit
[2021-05-09 19:02:38,415 INFO] pbft_handler->reply: 	 ---> 1: on reply
[2021-05-09 19:02:38,415 INFO] pbft_handler->reply: 	 ---> 1: receive commit msg from 2
[2021-05-09 19:02:38,415 DEBUG] pbft_handler->reply: 	 Add commit certifiacte to slot 0
[2021-05-09 19:02:38,417 INFO] pbft_handler->reply: 	 1 reply to http://localhost:20001/reply successfully!!
[2021-05-09 19:02:38,424 INFO] pbft_handler->reply: 	 ---> 1: on reply
[2021-05-09 19:02:38,425 INFO] pbft_handler->reply: 	 ---> 1: receive commit msg from 3
[2021-05-09 19:02:38,430 INFO] pbft_handler->reply: 	 ---> 1: on reply
[2021-05-09 19:02:38,430 INFO] pbft_handler->reply: 	 ---> 1: receive commit msg from 0
[2021-05-09 19:02:38,433 INFO] pbft_handler->commit: 	 ---> 1: on commit
[2021-05-09 19:02:38,433 INFO] pbft_handler->commit: 	 ---> 1: receive prepare msg from 3
[2021-05-09 19:02:38,433 DEBUG] pbft_handler->_post: 	 make request to 0, commit
[2021-05-09 19:02:38,434 DEBUG] pbft_handler->_post: 	 make request to 1, commit
[2021-05-09 19:02:38,434 INFO] pbft_handler->reply: 	 ---> 1: on reply
[2021-05-09 19:02:38,434 INFO] pbft_handler->reply: 	 ---> 1: receive commit msg from 1
[2021-05-09 19:02:38,434 DEBUG] pbft_handler->_post: 	 make request to 2, commit
[2021-05-09 19:02:38,435 DEBUG] pbft_handler->_post: 	 make request to 3, commit
[2021-05-09 19:02:38,438 INFO] pbft_handler->reply: 	 ---> 1: on reply
[2021-05-09 19:02:38,438 INFO] pbft_handler->reply: 	 ---> 1: receive commit msg from 2
[2021-05-09 19:02:38,442 INFO] pbft_handler->reply: 	 ---> 1: on reply
[2021-05-09 19:02:38,442 INFO] pbft_handler->reply: 	 ---> 1: receive commit msg from 3
[2021-05-09 19:02:39,007 INFO] pbft_handler->commit: 	 ---> 1: on commit
[2021-05-09 19:02:39,007 INFO] pbft_handler->commit: 	 ---> 1: receive prepare msg from 0
[2021-05-09 19:02:39,010 INFO] pbft_handler->prepare: 	 ---> 1: on prepare
[2021-05-09 19:02:39,010 INFO] pbft_handler->prepare: 	 ---> 1: receive preprepare msg from 0
[2021-05-09 19:02:39,010 DEBUG] pbft_handler->_post: 	 make request to 0, prepare
[2021-05-09 19:02:39,011 DEBUG] pbft_handler->_post: 	 make request to 1, prepare
[2021-05-09 19:02:39,012 INFO] pbft_handler->commit: 	 ---> 1: on commit
[2021-05-09 19:02:39,012 INFO] pbft_handler->commit: 	 ---> 1: receive prepare msg from 1
[2021-05-09 19:02:39,012 DEBUG] pbft_handler->_post: 	 make request to 2, prepare
[2021-05-09 19:02:39,013 DEBUG] pbft_handler->_post: 	 make request to 3, prepare
[2021-05-09 19:02:39,017 INFO] pbft_handler->reply: 	 ---> 1: on reply
[2021-05-09 19:02:39,017 INFO] pbft_handler->reply: 	 ---> 1: receive commit msg from 0
[2021-05-09 19:02:39,020 INFO] pbft_handler->commit: 	 ---> 1: on commit
[2021-05-09 19:02:39,020 INFO] pbft_handler->commit: 	 ---> 1: receive prepare msg from 2
[2021-05-09 19:02:39,020 DEBUG] pbft_handler->_post: 	 make request to 0, commit
[2021-05-09 19:02:39,021 DEBUG] pbft_handler->_post: 	 make request to 1, commit
[2021-05-09 19:02:39,021 INFO] pbft_handler->reply: 	 ---> 1: on reply
[2021-05-09 19:02:39,021 INFO] pbft_handler->reply: 	 ---> 1: receive commit msg from 1
[2021-05-09 19:02:39,021 DEBUG] pbft_handler->_post: 	 make request to 2, commit
[2021-05-09 19:02:39,022 DEBUG] pbft_handler->_post: 	 make request to 3, commit
[2021-05-09 19:02:39,026 INFO] pbft_handler->reply: 	 ---> 1: on reply
[2021-05-09 19:02:39,026 INFO] pbft_handler->reply: 	 ---> 1: receive commit msg from 2
[2021-05-09 19:02:39,027 DEBUG] pbft_handler->reply: 	 Add commit certifiacte to slot 1
[2021-05-09 19:02:39,027 INFO] pbft_handler->reply: 	 1 reply to http://localhost:20001/reply successfully!!
[2021-05-09 19:02:39,034 INFO] pbft_handler->reply: 	 ---> 1: on reply
[2021-05-09 19:02:39,034 INFO] pbft_handler->reply: 	 ---> 1: receive commit msg from 3
[2021-05-09 19:02:39,039 INFO] pbft_handler->reply: 	 ---> 1: on reply
[2021-05-09 19:02:39,039 INFO] pbft_handler->reply: 	 ---> 1: receive commit msg from 0
[2021-05-09 19:02:39,042 INFO] pbft_handler->commit: 	 ---> 1: on commit
[2021-05-09 19:02:39,042 INFO] pbft_handler->commit: 	 ---> 1: receive prepare msg from 3
[2021-05-09 19:02:39,042 DEBUG] pbft_handler->_post: 	 make request to 0, commit
[2021-05-09 19:02:39,043 DEBUG] pbft_handler->_post: 	 make request to 1, commit
[2021-05-09 19:02:39,043 INFO] pbft_handler->reply: 	 ---> 1: on reply
[2021-05-09 19:02:39,043 INFO] pbft_handler->reply: 	 ---> 1: receive commit msg from 1
[2021-05-09 19:02:39,043 DEBUG] pbft_handler->_post: 	 make request to 2, commit
[2021-05-09 19:02:39,044 DEBUG] pbft_handler->_post: 	 make request to 3, commit
[2021-05-09 19:02:39,047 INFO] pbft_handler->reply: 	 ---> 1: on reply
[2021-05-09 19:02:39,047 INFO] pbft_handler->reply: 	 ---> 1: receive commit msg from 2
[2021-05-09 19:02:39,050 INFO] pbft_handler->reply: 	 ---> 1: on reply
[2021-05-09 19:02:39,050 INFO] pbft_handler->reply: 	 ---> 1: receive commit msg from 3
[2021-05-09 19:02:39,430 INFO] pbft_handler->commit: 	 ---> 1: on commit
[2021-05-09 19:02:39,430 INFO] pbft_handler->commit: 	 ---> 1: receive prepare msg from 0
[2021-05-09 19:02:39,432 INFO] pbft_handler->prepare: 	 ---> 1: on prepare
[2021-05-09 19:02:39,432 INFO] pbft_handler->prepare: 	 ---> 1: receive preprepare msg from 0
[2021-05-09 19:02:39,433 DEBUG] pbft_handler->_post: 	 make request to 0, prepare
[2021-05-09 19:02:39,433 DEBUG] pbft_handler->_post: 	 make request to 1, prepare
[2021-05-09 19:02:39,434 INFO] pbft_handler->commit: 	 ---> 1: on commit
[2021-05-09 19:02:39,434 INFO] pbft_handler->commit: 	 ---> 1: receive prepare msg from 1
[2021-05-09 19:02:39,434 DEBUG] pbft_handler->_post: 	 make request to 2, prepare
[2021-05-09 19:02:39,435 DEBUG] pbft_handler->_post: 	 make request to 3, prepare
[2021-05-09 19:02:39,438 INFO] pbft_handler->reply: 	 ---> 1: on reply
[2021-05-09 19:02:39,439 INFO] pbft_handler->reply: 	 ---> 1: receive commit msg from 0
[2021-05-09 19:02:39,441 INFO] pbft_handler->commit: 	 ---> 1: on commit
[2021-05-09 19:02:39,442 INFO] pbft_handler->commit: 	 ---> 1: receive prepare msg from 2
[2021-05-09 19:02:39,442 DEBUG] pbft_handler->_post: 	 make request to 0, commit
[2021-05-09 19:02:39,442 DEBUG] pbft_handler->_post: 	 make request to 1, commit
[2021-05-09 19:02:39,443 INFO] pbft_handler->reply: 	 ---> 1: on reply
[2021-05-09 19:02:39,443 INFO] pbft_handler->reply: 	 ---> 1: receive commit msg from 1
[2021-05-09 19:02:39,443 DEBUG] pbft_handler->_post: 	 make request to 2, commit
[2021-05-09 19:02:39,444 DEBUG] pbft_handler->_post: 	 make request to 3, commit
[2021-05-09 19:02:39,447 INFO] pbft_handler->reply: 	 ---> 1: on reply
[2021-05-09 19:02:39,447 INFO] pbft_handler->reply: 	 ---> 1: receive commit msg from 2
[2021-05-09 19:02:39,447 DEBUG] pbft_handler->reply: 	 Add commit certifiacte to slot 2
[2021-05-09 19:02:39,448 INFO] pbft_handler->reply: 	 1 reply to http://localhost:20001/reply successfully!!
[2021-05-09 19:02:39,453 INFO] pbft_handler->reply: 	 ---> 1: on reply
[2021-05-09 19:02:39,453 INFO] pbft_handler->reply: 	 ---> 1: receive commit msg from 3
[2021-05-09 19:02:39,458 INFO] pbft_handler->reply: 	 ---> 1: on reply
[2021-05-09 19:02:39,458 INFO] pbft_handler->reply: 	 ---> 1: receive commit msg from 0
[2021-05-09 19:02:39,461 INFO] pbft_handler->commit: 	 ---> 1: on commit
[2021-05-09 19:02:39,461 INFO] pbft_handler->commit: 	 ---> 1: receive prepare msg from 3
[2021-05-09 19:02:39,461 DEBUG] pbft_handler->_post: 	 make request to 0, commit
[2021-05-09 19:02:39,462 DEBUG] pbft_handler->_post: 	 make request to 1, commit
[2021-05-09 19:02:39,462 INFO] pbft_handler->reply: 	 ---> 1: on reply
[2021-05-09 19:02:39,462 INFO] pbft_handler->reply: 	 ---> 1: receive commit msg from 1
[2021-05-09 19:02:39,462 DEBUG] pbft_handler->_post: 	 make request to 2, commit
[2021-05-09 19:02:39,463 DEBUG] pbft_handler->_post: 	 make request to 3, commit
[2021-05-09 19:02:39,465 INFO] pbft_handler->reply: 	 ---> 1: on reply
[2021-05-09 19:02:39,466 INFO] pbft_handler->reply: 	 ---> 1: receive commit msg from 2
[2021-05-09 19:02:39,469 INFO] pbft_handler->reply: 	 ---> 1: on reply
[2021-05-09 19:02:39,469 INFO] pbft_handler->reply: 	 ---> 1: receive commit msg from 3
[2021-05-09 19:02:40,082 INFO] pbft_handler->commit: 	 ---> 1: on commit
[2021-05-09 19:02:40,082 INFO] pbft_handler->commit: 	 ---> 1: receive prepare msg from 0
[2021-05-09 19:02:40,085 INFO] pbft_handler->prepare: 	 ---> 1: on prepare
[2021-05-09 19:02:40,085 INFO] pbft_handler->prepare: 	 ---> 1: receive preprepare msg from 0
[2021-05-09 19:02:40,085 DEBUG] pbft_handler->_post: 	 make request to 0, prepare
[2021-05-09 19:02:40,086 DEBUG] pbft_handler->_post: 	 make request to 1, prepare
[2021-05-09 19:02:40,086 INFO] pbft_handler->commit: 	 ---> 1: on commit
[2021-05-09 19:02:40,086 INFO] pbft_handler->commit: 	 ---> 1: receive prepare msg from 1
[2021-05-09 19:02:40,087 DEBUG] pbft_handler->_post: 	 make request to 2, prepare
[2021-05-09 19:02:40,087 DEBUG] pbft_handler->_post: 	 make request to 3, prepare
[2021-05-09 19:02:40,090 INFO] pbft_handler->reply: 	 ---> 1: on reply
[2021-05-09 19:02:40,090 INFO] pbft_handler->reply: 	 ---> 1: receive commit msg from 0
[2021-05-09 19:02:40,092 INFO] pbft_handler->commit: 	 ---> 1: on commit
[2021-05-09 19:02:40,093 INFO] pbft_handler->commit: 	 ---> 1: receive prepare msg from 2
[2021-05-09 19:02:40,093 DEBUG] pbft_handler->_post: 	 make request to 0, commit
[2021-05-09 19:02:40,093 DEBUG] pbft_handler->_post: 	 make request to 1, commit
[2021-05-09 19:02:40,094 INFO] pbft_handler->reply: 	 ---> 1: on reply
[2021-05-09 19:02:40,094 INFO] pbft_handler->reply: 	 ---> 1: receive commit msg from 1
[2021-05-09 19:02:40,094 DEBUG] pbft_handler->_post: 	 make request to 2, commit
[2021-05-09 19:02:40,095 DEBUG] pbft_handler->_post: 	 make request to 3, commit
[2021-05-09 19:02:40,098 INFO] pbft_handler->reply: 	 ---> 1: on reply
[2021-05-09 19:02:40,098 INFO] pbft_handler->reply: 	 ---> 1: receive commit msg from 2
[2021-05-09 19:02:40,099 DEBUG] pbft_handler->reply: 	 Add commit certifiacte to slot 3
[2021-05-09 19:02:40,100 INFO] pbft_handler->reply: 	 1 reply to http://localhost:20001/reply successfully!!
[2021-05-09 19:02:40,106 INFO] pbft_handler->reply: 	 ---> 1: on reply
[2021-05-09 19:02:40,106 INFO] pbft_handler->reply: 	 ---> 1: receive commit msg from 3
[2021-05-09 19:02:40,110 INFO] pbft_handler->reply: 	 ---> 1: on reply
[2021-05-09 19:02:40,110 INFO] pbft_handler->reply: 	 ---> 1: receive commit msg from 0
[2021-05-09 19:02:40,113 INFO] pbft_handler->commit: 	 ---> 1: on commit
[2021-05-09 19:02:40,113 INFO] pbft_handler->commit: 	 ---> 1: receive prepare msg from 3
[2021-05-09 19:02:40,113 DEBUG] pbft_handler->_post: 	 make request to 0, commit
[2021-05-09 19:02:40,113 DEBUG] pbft_handler->_post: 	 make request to 1, commit
[2021-05-09 19:02:40,114 INFO] pbft_handler->reply: 	 ---> 1: on reply
[2021-05-09 19:02:40,114 INFO] pbft_handler->reply: 	 ---> 1: receive commit msg from 1
[2021-05-09 19:02:40,114 DEBUG] pbft_handler->_post: 	 make request to 2, commit
[2021-05-09 19:02:40,115 DEBUG] pbft_handler->_post: 	 make request to 3, commit
[2021-05-09 19:02:40,117 INFO] pbft_handler->reply: 	 ---> 1: on reply
[2021-05-09 19:02:40,117 INFO] pbft_handler->reply: 	 ---> 1: receive commit msg from 2
[2021-05-09 19:02:40,120 INFO] pbft_handler->reply: 	 ---> 1: on reply
[2021-05-09 19:02:40,120 INFO] pbft_handler->reply: 	 ---> 1: receive commit msg from 3
[2021-05-09 19:02:41,064 INFO] pbft_handler->commit: 	 ---> 1: on commit
[2021-05-09 19:02:41,064 INFO] pbft_handler->commit: 	 ---> 1: receive prepare msg from 0
[2021-05-09 19:02:41,067 INFO] pbft_handler->prepare: 	 ---> 1: on prepare
[2021-05-09 19:02:41,067 INFO] pbft_handler->prepare: 	 ---> 1: receive preprepare msg from 0
[2021-05-09 19:02:41,067 DEBUG] pbft_handler->_post: 	 make request to 0, prepare
[2021-05-09 19:02:41,067 DEBUG] pbft_handler->_post: 	 make request to 1, prepare
[2021-05-09 19:02:41,068 INFO] pbft_handler->commit: 	 ---> 1: on commit
[2021-05-09 19:02:41,068 INFO] pbft_handler->commit: 	 ---> 1: receive prepare msg from 1
[2021-05-09 19:02:41,068 DEBUG] pbft_handler->_post: 	 make request to 2, prepare
[2021-05-09 19:02:41,069 DEBUG] pbft_handler->_post: 	 make request to 3, prepare
[2021-05-09 19:02:41,073 INFO] pbft_handler->reply: 	 ---> 1: on reply
[2021-05-09 19:02:41,073 INFO] pbft_handler->reply: 	 ---> 1: receive commit msg from 0
[2021-05-09 19:02:41,076 INFO] pbft_handler->commit: 	 ---> 1: on commit
[2021-05-09 19:02:41,076 INFO] pbft_handler->commit: 	 ---> 1: receive prepare msg from 2
[2021-05-09 19:02:41,076 DEBUG] pbft_handler->_post: 	 make request to 0, commit
[2021-05-09 19:02:41,077 DEBUG] pbft_handler->_post: 	 make request to 1, commit
[2021-05-09 19:02:41,077 INFO] pbft_handler->reply: 	 ---> 1: on reply
[2021-05-09 19:02:41,078 INFO] pbft_handler->reply: 	 ---> 1: receive commit msg from 1
[2021-05-09 19:02:41,078 DEBUG] pbft_handler->_post: 	 make request to 2, commit
[2021-05-09 19:02:41,078 DEBUG] pbft_handler->_post: 	 make request to 3, commit
[2021-05-09 19:02:41,082 INFO] pbft_handler->reply: 	 ---> 1: on reply
[2021-05-09 19:02:41,082 INFO] pbft_handler->reply: 	 ---> 1: receive commit msg from 2
[2021-05-09 19:02:41,082 DEBUG] pbft_handler->reply: 	 Add commit certifiacte to slot 4
[2021-05-09 19:02:41,083 INFO] pbft_handler->reply: 	 1 reply to http://localhost:20001/reply successfully!!
[2021-05-09 19:02:41,088 INFO] pbft_handler->reply: 	 ---> 1: on reply
[2021-05-09 19:02:41,088 INFO] pbft_handler->reply: 	 ---> 1: receive commit msg from 3
[2021-05-09 19:02:41,093 INFO] pbft_handler->reply: 	 ---> 1: on reply
[2021-05-09 19:02:41,093 INFO] pbft_handler->reply: 	 ---> 1: receive commit msg from 0
[2021-05-09 19:02:41,096 INFO] pbft_handler->commit: 	 ---> 1: on commit
[2021-05-09 19:02:41,096 INFO] pbft_handler->commit: 	 ---> 1: receive prepare msg from 3
[2021-05-09 19:02:41,096 DEBUG] pbft_handler->_post: 	 make request to 0, commit
[2021-05-09 19:02:41,096 DEBUG] pbft_handler->_post: 	 make request to 1, commit
[2021-05-09 19:02:41,097 INFO] pbft_handler->reply: 	 ---> 1: on reply
[2021-05-09 19:02:41,097 INFO] pbft_handler->reply: 	 ---> 1: receive commit msg from 1
[2021-05-09 19:02:41,097 DEBUG] pbft_handler->_post: 	 make request to 2, commit
[2021-05-09 19:02:41,098 DEBUG] pbft_handler->_post: 	 make request to 3, commit
[2021-05-09 19:02:41,100 INFO] pbft_handler->reply: 	 ---> 1: on reply
[2021-05-09 19:02:41,101 INFO] pbft_handler->reply: 	 ---> 1: receive commit msg from 2
[2021-05-09 19:02:41,104 INFO] pbft_handler->reply: 	 ---> 1: on reply
[2021-05-09 19:02:41,104 INFO] pbft_handler->reply: 	 ---> 1: receive commit msg from 3
[2021-05-09 19:02:41,228 INFO] pbft_handler->commit: 	 ---> 1: on commit
[2021-05-09 19:02:41,228 INFO] pbft_handler->commit: 	 ---> 1: receive prepare msg from 0
[2021-05-09 19:02:41,231 INFO] pbft_handler->prepare: 	 ---> 1: on prepare
[2021-05-09 19:02:41,231 INFO] pbft_handler->prepare: 	 ---> 1: receive preprepare msg from 0
[2021-05-09 19:02:41,231 DEBUG] pbft_handler->_post: 	 make request to 0, prepare
[2021-05-09 19:02:41,231 DEBUG] pbft_handler->_post: 	 make request to 1, prepare
[2021-05-09 19:02:41,232 INFO] pbft_handler->commit: 	 ---> 1: on commit
[2021-05-09 19:02:41,232 INFO] pbft_handler->commit: 	 ---> 1: receive prepare msg from 1
[2021-05-09 19:02:41,232 DEBUG] pbft_handler->_post: 	 make request to 2, prepare
[2021-05-09 19:02:41,233 DEBUG] pbft_handler->_post: 	 make request to 3, prepare
[2021-05-09 19:02:41,236 INFO] pbft_handler->reply: 	 ---> 1: on reply
[2021-05-09 19:02:41,237 INFO] pbft_handler->reply: 	 ---> 1: receive commit msg from 0
[2021-05-09 19:02:41,239 INFO] pbft_handler->commit: 	 ---> 1: on commit
[2021-05-09 19:02:41,239 INFO] pbft_handler->commit: 	 ---> 1: receive prepare msg from 2
[2021-05-09 19:02:41,239 DEBUG] pbft_handler->_post: 	 make request to 0, commit
[2021-05-09 19:02:41,240 DEBUG] pbft_handler->_post: 	 make request to 1, commit
[2021-05-09 19:02:41,241 INFO] pbft_handler->reply: 	 ---> 1: on reply
[2021-05-09 19:02:41,241 INFO] pbft_handler->reply: 	 ---> 1: receive commit msg from 1
[2021-05-09 19:02:41,241 DEBUG] pbft_handler->_post: 	 make request to 2, commit
[2021-05-09 19:02:41,242 DEBUG] pbft_handler->_post: 	 make request to 3, commit
[2021-05-09 19:02:41,245 INFO] pbft_handler->reply: 	 ---> 1: on reply
[2021-05-09 19:02:41,245 INFO] pbft_handler->reply: 	 ---> 1: receive commit msg from 2
[2021-05-09 19:02:41,245 DEBUG] pbft_handler->reply: 	 Add commit certifiacte to slot 5
[2021-05-09 19:02:41,246 INFO] pbft_handler->reply: 	 1 reply to http://localhost:20001/reply successfully!!
[2021-05-09 19:02:41,252 INFO] pbft_handler->reply: 	 ---> 1: on reply
[2021-05-09 19:02:41,252 INFO] pbft_handler->reply: 	 ---> 1: receive commit msg from 3
[2021-05-09 19:02:41,257 INFO] pbft_handler->reply: 	 ---> 1: on reply
[2021-05-09 19:02:41,257 INFO] pbft_handler->reply: 	 ---> 1: receive commit msg from 0
[2021-05-09 19:02:41,259 INFO] pbft_handler->commit: 	 ---> 1: on commit
[2021-05-09 19:02:41,259 INFO] pbft_handler->commit: 	 ---> 1: receive prepare msg from 3
[2021-05-09 19:02:41,259 DEBUG] pbft_handler->_post: 	 make request to 0, commit
[2021-05-09 19:02:41,260 DEBUG] pbft_handler->_post: 	 make request to 1, commit
[2021-05-09 19:02:41,260 INFO] pbft_handler->reply: 	 ---> 1: on reply
[2021-05-09 19:02:41,261 INFO] pbft_handler->reply: 	 ---> 1: receive commit msg from 1
[2021-05-09 19:02:41,261 DEBUG] pbft_handler->_post: 	 make request to 2, commit
[2021-05-09 19:02:41,262 DEBUG] pbft_handler->_post: 	 make request to 3, commit
[2021-05-09 19:02:41,264 INFO] pbft_handler->reply: 	 ---> 1: on reply
[2021-05-09 19:02:41,264 INFO] pbft_handler->reply: 	 ---> 1: receive commit msg from 2
[2021-05-09 19:02:41,268 INFO] pbft_handler->reply: 	 ---> 1: on reply
[2021-05-09 19:02:41,268 INFO] pbft_handler->reply: 	 ---> 1: receive commit msg from 3
[2021-05-09 19:02:42,162 INFO] pbft_handler->commit: 	 ---> 1: on commit
[2021-05-09 19:02:42,162 INFO] pbft_handler->commit: 	 ---> 1: receive prepare msg from 0
[2021-05-09 19:02:42,165 INFO] pbft_handler->prepare: 	 ---> 1: on prepare
[2021-05-09 19:02:42,165 INFO] pbft_handler->prepare: 	 ---> 1: receive preprepare msg from 0
[2021-05-09 19:02:42,165 DEBUG] pbft_handler->_post: 	 make request to 0, prepare
[2021-05-09 19:02:42,166 DEBUG] pbft_handler->_post: 	 make request to 1, prepare
[2021-05-09 19:02:42,167 INFO] pbft_handler->commit: 	 ---> 1: on commit
[2021-05-09 19:02:42,167 INFO] pbft_handler->commit: 	 ---> 1: receive prepare msg from 1
[2021-05-09 19:02:42,167 DEBUG] pbft_handler->_post: 	 make request to 2, prepare
[2021-05-09 19:02:42,168 DEBUG] pbft_handler->_post: 	 make request to 3, prepare
[2021-05-09 19:02:42,171 INFO] pbft_handler->reply: 	 ---> 1: on reply
[2021-05-09 19:02:42,172 INFO] pbft_handler->reply: 	 ---> 1: receive commit msg from 0
[2021-05-09 19:02:42,174 INFO] pbft_handler->commit: 	 ---> 1: on commit
[2021-05-09 19:02:42,174 INFO] pbft_handler->commit: 	 ---> 1: receive prepare msg from 2
[2021-05-09 19:02:42,174 DEBUG] pbft_handler->_post: 	 make request to 0, commit
[2021-05-09 19:02:42,175 DEBUG] pbft_handler->_post: 	 make request to 1, commit
[2021-05-09 19:02:42,175 INFO] pbft_handler->reply: 	 ---> 1: on reply
[2021-05-09 19:02:42,175 INFO] pbft_handler->reply: 	 ---> 1: receive commit msg from 1
[2021-05-09 19:02:42,175 DEBUG] pbft_handler->_post: 	 make request to 2, commit
[2021-05-09 19:02:42,176 DEBUG] pbft_handler->_post: 	 make request to 3, commit
[2021-05-09 19:02:42,179 INFO] pbft_handler->reply: 	 ---> 1: on reply
[2021-05-09 19:02:42,179 INFO] pbft_handler->reply: 	 ---> 1: receive commit msg from 2
[2021-05-09 19:02:42,179 DEBUG] pbft_handler->reply: 	 Add commit certifiacte to slot 6
[2021-05-09 19:02:42,180 INFO] pbft_handler->reply: 	 1 reply to http://localhost:20001/reply successfully!!
[2021-05-09 19:02:42,185 INFO] pbft_handler->reply: 	 ---> 1: on reply
[2021-05-09 19:02:42,185 INFO] pbft_handler->reply: 	 ---> 1: receive commit msg from 3
[2021-05-09 19:02:42,189 INFO] pbft_handler->reply: 	 ---> 1: on reply
[2021-05-09 19:02:42,189 INFO] pbft_handler->reply: 	 ---> 1: receive commit msg from 0
[2021-05-09 19:02:42,192 INFO] pbft_handler->commit: 	 ---> 1: on commit
[2021-05-09 19:02:42,192 INFO] pbft_handler->commit: 	 ---> 1: receive prepare msg from 3
[2021-05-09 19:02:42,192 DEBUG] pbft_handler->_post: 	 make request to 0, commit
[2021-05-09 19:02:42,193 DEBUG] pbft_handler->_post: 	 make request to 1, commit
[2021-05-09 19:02:42,193 INFO] pbft_handler->reply: 	 ---> 1: on reply
[2021-05-09 19:02:42,193 INFO] pbft_handler->reply: 	 ---> 1: receive commit msg from 1
[2021-05-09 19:02:42,194 DEBUG] pbft_handler->_post: 	 make request to 2, commit
[2021-05-09 19:02:42,195 DEBUG] pbft_handler->_post: 	 make request to 3, commit
[2021-05-09 19:02:42,197 INFO] pbft_handler->reply: 	 ---> 1: on reply
[2021-05-09 19:02:42,197 INFO] pbft_handler->reply: 	 ---> 1: receive commit msg from 2
[2021-05-09 19:02:42,201 INFO] pbft_handler->reply: 	 ---> 1: on reply
[2021-05-09 19:02:42,201 INFO] pbft_handler->reply: 	 ---> 1: receive commit msg from 3
[2021-05-09 19:02:42,973 INFO] pbft_handler->commit: 	 ---> 1: on commit
[2021-05-09 19:02:42,974 INFO] pbft_handler->commit: 	 ---> 1: receive prepare msg from 0
[2021-05-09 19:02:42,976 INFO] pbft_handler->prepare: 	 ---> 1: on prepare
[2021-05-09 19:02:42,976 INFO] pbft_handler->prepare: 	 ---> 1: receive preprepare msg from 0
[2021-05-09 19:02:42,976 DEBUG] pbft_handler->_post: 	 make request to 0, prepare
[2021-05-09 19:02:42,977 DEBUG] pbft_handler->_post: 	 make request to 1, prepare
[2021-05-09 19:02:42,977 INFO] pbft_handler->commit: 	 ---> 1: on commit
[2021-05-09 19:02:42,977 INFO] pbft_handler->commit: 	 ---> 1: receive prepare msg from 1
[2021-05-09 19:02:42,978 DEBUG] pbft_handler->_post: 	 make request to 2, prepare
[2021-05-09 19:02:42,978 DEBUG] pbft_handler->_post: 	 make request to 3, prepare
[2021-05-09 19:02:42,981 INFO] pbft_handler->reply: 	 ---> 1: on reply
[2021-05-09 19:02:42,982 INFO] pbft_handler->reply: 	 ---> 1: receive commit msg from 0
[2021-05-09 19:02:42,984 INFO] pbft_handler->commit: 	 ---> 1: on commit
[2021-05-09 19:02:42,984 INFO] pbft_handler->commit: 	 ---> 1: receive prepare msg from 2
[2021-05-09 19:02:42,984 DEBUG] pbft_handler->_post: 	 make request to 0, commit
[2021-05-09 19:02:42,985 DEBUG] pbft_handler->_post: 	 make request to 1, commit
[2021-05-09 19:02:42,985 INFO] pbft_handler->reply: 	 ---> 1: on reply
[2021-05-09 19:02:42,985 INFO] pbft_handler->reply: 	 ---> 1: receive commit msg from 1
[2021-05-09 19:02:42,985 DEBUG] pbft_handler->_post: 	 make request to 2, commit
[2021-05-09 19:02:42,986 DEBUG] pbft_handler->_post: 	 make request to 3, commit
[2021-05-09 19:02:42,989 INFO] pbft_handler->reply: 	 ---> 1: on reply
[2021-05-09 19:02:42,990 INFO] pbft_handler->reply: 	 ---> 1: receive commit msg from 2
[2021-05-09 19:02:42,990 DEBUG] pbft_handler->reply: 	 Add commit certifiacte to slot 7
[2021-05-09 19:02:42,990 INFO] pbft_handler->reply: 	 1 reply to http://localhost:20001/reply successfully!!
[2021-05-09 19:02:42,996 INFO] pbft_handler->reply: 	 ---> 1: on reply
[2021-05-09 19:02:42,996 INFO] pbft_handler->reply: 	 ---> 1: receive commit msg from 3
[2021-05-09 19:02:43,000 INFO] pbft_handler->reply: 	 ---> 1: on reply
[2021-05-09 19:02:43,000 INFO] pbft_handler->reply: 	 ---> 1: receive commit msg from 0
[2021-05-09 19:02:43,003 INFO] pbft_handler->commit: 	 ---> 1: on commit
[2021-05-09 19:02:43,003 INFO] pbft_handler->commit: 	 ---> 1: receive prepare msg from 3
[2021-05-09 19:02:43,003 DEBUG] pbft_handler->_post: 	 make request to 0, commit
[2021-05-09 19:02:43,004 DEBUG] pbft_handler->_post: 	 make request to 1, commit
[2021-05-09 19:02:43,004 INFO] pbft_handler->reply: 	 ---> 1: on reply
[2021-05-09 19:02:43,004 INFO] pbft_handler->reply: 	 ---> 1: receive commit msg from 1
[2021-05-09 19:02:43,005 DEBUG] pbft_handler->_post: 	 make request to 2, commit
[2021-05-09 19:02:43,006 DEBUG] pbft_handler->_post: 	 make request to 3, commit
[2021-05-09 19:02:43,008 INFO] pbft_handler->reply: 	 ---> 1: on reply
[2021-05-09 19:02:43,009 INFO] pbft_handler->reply: 	 ---> 1: receive commit msg from 2
[2021-05-09 19:02:43,012 INFO] pbft_handler->reply: 	 ---> 1: on reply
[2021-05-09 19:02:43,012 INFO] pbft_handler->reply: 	 ---> 1: receive commit msg from 3
[2021-05-09 19:02:43,858 INFO] pbft_handler->commit: 	 ---> 1: on commit
[2021-05-09 19:02:43,858 INFO] pbft_handler->commit: 	 ---> 1: receive prepare msg from 0
[2021-05-09 19:02:43,861 INFO] pbft_handler->prepare: 	 ---> 1: on prepare
[2021-05-09 19:02:43,861 INFO] pbft_handler->prepare: 	 ---> 1: receive preprepare msg from 0
[2021-05-09 19:02:43,861 DEBUG] pbft_handler->_post: 	 make request to 0, prepare
[2021-05-09 19:02:43,862 DEBUG] pbft_handler->_post: 	 make request to 1, prepare
[2021-05-09 19:02:43,863 INFO] pbft_handler->commit: 	 ---> 1: on commit
[2021-05-09 19:02:43,863 INFO] pbft_handler->commit: 	 ---> 1: receive prepare msg from 1
[2021-05-09 19:02:43,863 DEBUG] pbft_handler->_post: 	 make request to 2, prepare
[2021-05-09 19:02:43,864 DEBUG] pbft_handler->_post: 	 make request to 3, prepare
[2021-05-09 19:02:43,867 INFO] pbft_handler->reply: 	 ---> 1: on reply
[2021-05-09 19:02:43,867 INFO] pbft_handler->reply: 	 ---> 1: receive commit msg from 0
[2021-05-09 19:02:43,869 INFO] pbft_handler->commit: 	 ---> 1: on commit
[2021-05-09 19:02:43,869 INFO] pbft_handler->commit: 	 ---> 1: receive prepare msg from 2
[2021-05-09 19:02:43,870 DEBUG] pbft_handler->_post: 	 make request to 0, commit
[2021-05-09 19:02:43,870 DEBUG] pbft_handler->_post: 	 make request to 1, commit
[2021-05-09 19:02:43,871 INFO] pbft_handler->reply: 	 ---> 1: on reply
[2021-05-09 19:02:43,871 INFO] pbft_handler->reply: 	 ---> 1: receive commit msg from 1
[2021-05-09 19:02:43,871 DEBUG] pbft_handler->_post: 	 make request to 2, commit
[2021-05-09 19:02:43,872 DEBUG] pbft_handler->_post: 	 make request to 3, commit
[2021-05-09 19:02:43,875 INFO] pbft_handler->reply: 	 ---> 1: on reply
[2021-05-09 19:02:43,875 INFO] pbft_handler->reply: 	 ---> 1: receive commit msg from 2
[2021-05-09 19:02:43,875 DEBUG] pbft_handler->reply: 	 Add commit certifiacte to slot 8
[2021-05-09 19:02:43,876 INFO] pbft_handler->reply: 	 1 reply to http://localhost:20001/reply successfully!!
[2021-05-09 19:02:43,882 INFO] pbft_handler->reply: 	 ---> 1: on reply
[2021-05-09 19:02:43,883 INFO] pbft_handler->reply: 	 ---> 1: receive commit msg from 3
[2021-05-09 19:02:43,887 INFO] pbft_handler->reply: 	 ---> 1: on reply
[2021-05-09 19:02:43,887 INFO] pbft_handler->reply: 	 ---> 1: receive commit msg from 0
[2021-05-09 19:02:43,890 INFO] pbft_handler->commit: 	 ---> 1: on commit
[2021-05-09 19:02:43,890 INFO] pbft_handler->commit: 	 ---> 1: receive prepare msg from 3
[2021-05-09 19:02:43,890 DEBUG] pbft_handler->_post: 	 make request to 0, commit
[2021-05-09 19:02:43,891 DEBUG] pbft_handler->_post: 	 make request to 1, commit
[2021-05-09 19:02:43,891 INFO] pbft_handler->reply: 	 ---> 1: on reply
[2021-05-09 19:02:43,891 INFO] pbft_handler->reply: 	 ---> 1: receive commit msg from 1
[2021-05-09 19:02:43,892 DEBUG] pbft_handler->_post: 	 make request to 2, commit
[2021-05-09 19:02:43,892 DEBUG] pbft_handler->_post: 	 make request to 3, commit
[2021-05-09 19:02:43,895 INFO] pbft_handler->reply: 	 ---> 1: on reply
[2021-05-09 19:02:43,896 INFO] pbft_handler->reply: 	 ---> 1: receive commit msg from 2
[2021-05-09 19:02:43,900 INFO] pbft_handler->reply: 	 ---> 1: on reply
[2021-05-09 19:02:43,900 INFO] pbft_handler->reply: 	 ---> 1: receive commit msg from 3
[2021-05-09 19:02:44,220 INFO] pbft_handler->commit: 	 ---> 1: on commit
[2021-05-09 19:02:44,220 INFO] pbft_handler->commit: 	 ---> 1: receive prepare msg from 0
[2021-05-09 19:02:44,223 INFO] pbft_handler->prepare: 	 ---> 1: on prepare
[2021-05-09 19:02:44,223 INFO] pbft_handler->prepare: 	 ---> 1: receive preprepare msg from 0
[2021-05-09 19:02:44,223 DEBUG] pbft_handler->_post: 	 make request to 0, prepare
[2021-05-09 19:02:44,224 DEBUG] pbft_handler->_post: 	 make request to 1, prepare
[2021-05-09 19:02:44,225 INFO] pbft_handler->commit: 	 ---> 1: on commit
[2021-05-09 19:02:44,225 INFO] pbft_handler->commit: 	 ---> 1: receive prepare msg from 1
[2021-05-09 19:02:44,225 DEBUG] pbft_handler->_post: 	 make request to 2, prepare
[2021-05-09 19:02:44,226 DEBUG] pbft_handler->_post: 	 make request to 3, prepare
[2021-05-09 19:02:44,229 INFO] pbft_handler->reply: 	 ---> 1: on reply
[2021-05-09 19:02:44,229 INFO] pbft_handler->reply: 	 ---> 1: receive commit msg from 0
[2021-05-09 19:02:44,231 INFO] pbft_handler->commit: 	 ---> 1: on commit
[2021-05-09 19:02:44,231 INFO] pbft_handler->commit: 	 ---> 1: receive prepare msg from 2
[2021-05-09 19:02:44,231 DEBUG] pbft_handler->_post: 	 make request to 0, commit
[2021-05-09 19:02:44,232 DEBUG] pbft_handler->_post: 	 make request to 1, commit
[2021-05-09 19:02:44,232 INFO] pbft_handler->reply: 	 ---> 1: on reply
[2021-05-09 19:02:44,232 INFO] pbft_handler->reply: 	 ---> 1: receive commit msg from 1
[2021-05-09 19:02:44,232 DEBUG] pbft_handler->_post: 	 make request to 2, commit
[2021-05-09 19:02:44,233 DEBUG] pbft_handler->_post: 	 make request to 3, commit
[2021-05-09 19:02:44,237 INFO] pbft_handler->receive_ckpt_vote: 	 ---> 1: receive checkpoint vote.
[2021-05-09 19:02:44,237 DEBUG] checkpoint->receive_vote: 	 ---> 1: Receive checkpoint votes
[2021-05-09 19:02:44,241 INFO] pbft_handler->reply: 	 ---> 1: on reply
[2021-05-09 19:02:44,241 INFO] pbft_handler->reply: 	 ---> 1: receive commit msg from 2
[2021-05-09 19:02:44,241 DEBUG] pbft_handler->reply: 	 Add commit certifiacte to slot 9
[2021-05-09 19:02:44,241 DEBUG] checkpoint->_post: 	 make request to 0, receive_ckpt_vote
[2021-05-09 19:02:44,242 DEBUG] checkpoint->_post: 	 make request to 1, receive_ckpt_vote
[2021-05-09 19:02:44,243 INFO] pbft_handler->receive_ckpt_vote: 	 ---> 1: receive checkpoint vote.
[2021-05-09 19:02:44,243 DEBUG] checkpoint->receive_vote: 	 ---> 1: Receive checkpoint votes
[2021-05-09 19:02:44,243 DEBUG] checkpoint->_post: 	 make request to 2, receive_ckpt_vote
[2021-05-09 19:02:44,244 DEBUG] checkpoint->_post: 	 make request to 3, receive_ckpt_vote
[2021-05-09 19:02:44,245 INFO] pbft_handler->reply: 	 ---> 1: Propose checkpoint with last slot: 9. In addition, current checkpoint's next_slot is: 0
[2021-05-09 19:02:44,246 INFO] pbft_handler->reply: 	 1 reply to http://localhost:20001/reply successfully!!
[2021-05-09 19:02:44,249 INFO] pbft_handler->receive_ckpt_vote: 	 ---> 1: receive checkpoint vote.
[2021-05-09 19:02:44,249 DEBUG] checkpoint->receive_vote: 	 ---> 1: Receive checkpoint votes
[2021-05-09 19:02:44,249 INFO] checkpoint->receive_vote: 	 ---> 1: Update checkpoint by receiving votes
