[2021-05-09 19:11:08,510 DEBUG] node->main: 	 {'nodes': [{'host': 'localhost', 'port': 30000}, {'host': 'localhost', 'port': 30001}, {'host': 'localhost', 'port': 30002}, {'host': 'localhost', 'port': 30003}, {'host': 'localhost', 'port': 30004}, {'host': 'localhost', 'port': 30005}, {'host': 'localhost', 'port': 30006}], 'clients': [{'host': 'localhost', 'port': 20001}, {'host': 'localhost', 'port': 20002}], 'loss%': 0, 'ckpt_interval': 10, 'retry_times_before_view_change': 2, 'sync_interval': 5, 'misc': {'network_timeout': 1000}}
[2021-05-09 19:11:08,510 INFO] checkpoint->__init__: 	 ---> 6: Create checkpoint.
[2021-05-09 19:11:08,511 DEBUG] selector_events->__init__: 	 Using selector: EpollSelector
[2021-05-09 19:11:38,069 INFO] pbft_handler->commit: 	 ---> 6: on commit
[2021-05-09 19:11:38,069 INFO] pbft_handler->commit: 	 ---> 6: receive prepare msg from 0
[2021-05-09 19:11:38,079 INFO] pbft_handler->commit: 	 ---> 6: on commit
[2021-05-09 19:11:38,079 INFO] pbft_handler->commit: 	 ---> 6: receive prepare msg from 1
[2021-05-09 19:11:38,088 INFO] pbft_handler->commit: 	 ---> 6: on commit
[2021-05-09 19:11:38,088 INFO] pbft_handler->commit: 	 ---> 6: receive prepare msg from 2
[2021-05-09 19:11:38,098 INFO] pbft_handler->commit: 	 ---> 6: on commit
[2021-05-09 19:11:38,098 INFO] pbft_handler->commit: 	 ---> 6: receive prepare msg from 3
[2021-05-09 19:11:38,106 INFO] pbft_handler->reply: 	 ---> 6: on reply
[2021-05-09 19:11:38,106 INFO] pbft_handler->reply: 	 ---> 6: receive commit msg from 0
[2021-05-09 19:11:38,112 INFO] pbft_handler->reply: 	 ---> 6: on reply
[2021-05-09 19:11:38,112 INFO] pbft_handler->reply: 	 ---> 6: receive commit msg from 1
[2021-05-09 19:11:38,119 INFO] pbft_handler->reply: 	 ---> 6: on reply
[2021-05-09 19:11:38,119 INFO] pbft_handler->reply: 	 ---> 6: receive commit msg from 2
[2021-05-09 19:11:38,126 INFO] pbft_handler->reply: 	 ---> 6: on reply
[2021-05-09 19:11:38,126 INFO] pbft_handler->reply: 	 ---> 6: receive commit msg from 3
[2021-05-09 19:11:38,142 INFO] pbft_handler->reply: 	 ---> 6: on reply
[2021-05-09 19:11:38,142 INFO] pbft_handler->reply: 	 ---> 6: receive commit msg from 4
[2021-05-09 19:11:38,142 DEBUG] pbft_handler->reply: 	 Add commit certifiacte to slot 0
[2021-05-09 19:11:38,142 ERROR] pbft_handler->reply: 	 Send message failed to http://localhost:20001/reply
[2021-05-09 19:11:38,152 INFO] pbft_handler->reply: 	 ---> 6: on reply
[2021-05-09 19:11:38,152 INFO] pbft_handler->reply: 	 ---> 6: receive commit msg from 5
[2021-05-09 19:11:38,153 INFO] pbft_handler->commit: 	 ---> 6: on commit
[2021-05-09 19:11:38,154 INFO] pbft_handler->commit: 	 ---> 6: receive prepare msg from 4
[2021-05-09 19:11:38,154 DEBUG] pbft_handler->_post: 	 make request to 0, commit
[2021-05-09 19:11:38,155 DEBUG] pbft_handler->_post: 	 make request to 1, commit
[2021-05-09 19:11:38,156 DEBUG] pbft_handler->_post: 	 make request to 2, commit
[2021-05-09 19:11:38,157 DEBUG] pbft_handler->_post: 	 make request to 3, commit
[2021-05-09 19:11:38,159 DEBUG] pbft_handler->_post: 	 make request to 4, commit
[2021-05-09 19:11:38,160 DEBUG] pbft_handler->_post: 	 make request to 5, commit
[2021-05-09 19:11:38,161 DEBUG] pbft_handler->_post: 	 make request to 6, commit
[2021-05-09 19:11:38,162 INFO] pbft_handler->reply: 	 ---> 6: on reply
[2021-05-09 19:11:38,162 INFO] pbft_handler->reply: 	 ---> 6: receive commit msg from 6
[2021-05-09 19:11:38,168 INFO] pbft_handler->reply: 	 ---> 6: on reply
[2021-05-09 19:11:38,168 INFO] pbft_handler->reply: 	 ---> 6: receive commit msg from 0
[2021-05-09 19:11:38,174 INFO] pbft_handler->reply: 	 ---> 6: on reply
[2021-05-09 19:11:38,174 INFO] pbft_handler->reply: 	 ---> 6: receive commit msg from 1
[2021-05-09 19:11:38,180 INFO] pbft_handler->reply: 	 ---> 6: on reply
[2021-05-09 19:11:38,180 INFO] pbft_handler->reply: 	 ---> 6: receive commit msg from 2
[2021-05-09 19:11:38,186 INFO] pbft_handler->reply: 	 ---> 6: on reply
[2021-05-09 19:11:38,186 INFO] pbft_handler->reply: 	 ---> 6: receive commit msg from 3
[2021-05-09 19:11:38,193 INFO] pbft_handler->reply: 	 ---> 6: on reply
[2021-05-09 19:11:38,193 INFO] pbft_handler->reply: 	 ---> 6: receive commit msg from 4
[2021-05-09 19:11:38,198 INFO] pbft_handler->reply: 	 ---> 6: on reply
[2021-05-09 19:11:38,199 INFO] pbft_handler->reply: 	 ---> 6: receive commit msg from 5
[2021-05-09 19:11:38,199 INFO] pbft_handler->commit: 	 ---> 6: on commit
[2021-05-09 19:11:38,199 INFO] pbft_handler->commit: 	 ---> 6: receive prepare msg from 5
[2021-05-09 19:11:38,199 DEBUG] pbft_handler->_post: 	 make request to 0, commit
[2021-05-09 19:11:38,200 DEBUG] pbft_handler->_post: 	 make request to 1, commit
[2021-05-09 19:11:38,201 DEBUG] pbft_handler->_post: 	 make request to 2, commit
[2021-05-09 19:11:38,201 DEBUG] pbft_handler->_post: 	 make request to 3, commit
[2021-05-09 19:11:38,202 DEBUG] pbft_handler->_post: 	 make request to 4, commit
[2021-05-09 19:11:38,203 DEBUG] pbft_handler->_post: 	 make request to 5, commit
[2021-05-09 19:11:38,203 DEBUG] pbft_handler->_post: 	 make request to 6, commit
[2021-05-09 19:11:38,204 INFO] pbft_handler->reply: 	 ---> 6: on reply
[2021-05-09 19:11:38,204 INFO] pbft_handler->reply: 	 ---> 6: receive commit msg from 6
[2021-05-09 19:11:38,205 INFO] pbft_handler->prepare: 	 ---> 6: on prepare
[2021-05-09 19:11:38,205 INFO] pbft_handler->prepare: 	 ---> 6: receive preprepare msg from 0
[2021-05-09 19:11:38,205 DEBUG] pbft_handler->_post: 	 make request to 0, prepare
[2021-05-09 19:11:38,210 INFO] pbft_handler->reply: 	 ---> 6: on reply
[2021-05-09 19:11:38,211 INFO] pbft_handler->reply: 	 ---> 6: receive commit msg from 0
[2021-05-09 19:11:38,211 DEBUG] pbft_handler->_post: 	 make request to 1, prepare
[2021-05-09 19:11:38,217 INFO] pbft_handler->reply: 	 ---> 6: on reply
[2021-05-09 19:11:38,217 INFO] pbft_handler->reply: 	 ---> 6: receive commit msg from 1
[2021-05-09 19:11:38,217 DEBUG] pbft_handler->_post: 	 make request to 2, prepare
[2021-05-09 19:11:38,223 INFO] pbft_handler->reply: 	 ---> 6: on reply
[2021-05-09 19:11:38,223 INFO] pbft_handler->reply: 	 ---> 6: receive commit msg from 2
[2021-05-09 19:11:38,223 DEBUG] pbft_handler->_post: 	 make request to 3, prepare
[2021-05-09 19:11:38,229 INFO] pbft_handler->reply: 	 ---> 6: on reply
[2021-05-09 19:11:38,229 INFO] pbft_handler->reply: 	 ---> 6: receive commit msg from 3
[2021-05-09 19:11:38,230 DEBUG] pbft_handler->_post: 	 make request to 4, prepare
[2021-05-09 19:11:38,235 INFO] pbft_handler->reply: 	 ---> 6: on reply
[2021-05-09 19:11:38,235 INFO] pbft_handler->reply: 	 ---> 6: receive commit msg from 4
[2021-05-09 19:11:38,235 DEBUG] pbft_handler->_post: 	 make request to 5, prepare
[2021-05-09 19:11:38,241 INFO] pbft_handler->reply: 	 ---> 6: on reply
[2021-05-09 19:11:38,241 INFO] pbft_handler->reply: 	 ---> 6: receive commit msg from 5
[2021-05-09 19:11:38,241 DEBUG] pbft_handler->_post: 	 make request to 6, prepare
[2021-05-09 19:11:38,242 INFO] pbft_handler->commit: 	 ---> 6: on commit
[2021-05-09 19:11:38,242 INFO] pbft_handler->commit: 	 ---> 6: receive prepare msg from 6
[2021-05-09 19:11:38,242 DEBUG] pbft_handler->_post: 	 make request to 0, commit
[2021-05-09 19:11:38,243 DEBUG] pbft_handler->_post: 	 make request to 1, commit
[2021-05-09 19:11:38,243 DEBUG] pbft_handler->_post: 	 make request to 2, commit
[2021-05-09 19:11:38,244 DEBUG] pbft_handler->_post: 	 make request to 3, commit
[2021-05-09 19:11:38,245 DEBUG] pbft_handler->_post: 	 make request to 4, commit
[2021-05-09 19:11:38,246 DEBUG] pbft_handler->_post: 	 make request to 5, commit
[2021-05-09 19:11:38,247 DEBUG] pbft_handler->_post: 	 make request to 6, commit
[2021-05-09 19:11:38,248 INFO] pbft_handler->reply: 	 ---> 6: on reply
[2021-05-09 19:11:38,248 INFO] pbft_handler->reply: 	 ---> 6: receive commit msg from 6
[2021-05-09 19:11:39,101 INFO] pbft_handler->commit: 	 ---> 6: on commit
[2021-05-09 19:11:39,101 INFO] pbft_handler->commit: 	 ---> 6: receive prepare msg from 0
[2021-05-09 19:11:39,107 INFO] pbft_handler->commit: 	 ---> 6: on commit
[2021-05-09 19:11:39,107 INFO] pbft_handler->commit: 	 ---> 6: receive prepare msg from 1
[2021-05-09 19:11:39,113 INFO] pbft_handler->commit: 	 ---> 6: on commit
[2021-05-09 19:11:39,113 INFO] pbft_handler->commit: 	 ---> 6: receive prepare msg from 2
[2021-05-09 19:11:39,118 INFO] pbft_handler->commit: 	 ---> 6: on commit
[2021-05-09 19:11:39,118 INFO] pbft_handler->commit: 	 ---> 6: receive prepare msg from 3
[2021-05-09 19:11:39,125 INFO] pbft_handler->reply: 	 ---> 6: on reply
[2021-05-09 19:11:39,126 INFO] pbft_handler->reply: 	 ---> 6: receive commit msg from 0
[2021-05-09 19:11:39,131 INFO] pbft_handler->reply: 	 ---> 6: on reply
[2021-05-09 19:11:39,131 INFO] pbft_handler->reply: 	 ---> 6: receive commit msg from 1
[2021-05-09 19:11:39,137 INFO] pbft_handler->reply: 	 ---> 6: on reply
[2021-05-09 19:11:39,137 INFO] pbft_handler->reply: 	 ---> 6: receive commit msg from 2
[2021-05-09 19:11:39,143 INFO] pbft_handler->reply: 	 ---> 6: on reply
[2021-05-09 19:11:39,143 INFO] pbft_handler->reply: 	 ---> 6: receive commit msg from 3
[2021-05-09 19:11:39,155 INFO] pbft_handler->reply: 	 ---> 6: on reply
[2021-05-09 19:11:39,155 INFO] pbft_handler->reply: 	 ---> 6: receive commit msg from 4
[2021-05-09 19:11:39,156 DEBUG] pbft_handler->reply: 	 Add commit certifiacte to slot 1
[2021-05-09 19:11:39,157 INFO] pbft_handler->reply: 	 6 reply to http://localhost:20001/reply successfully!!
[2021-05-09 19:11:39,165 INFO] pbft_handler->reply: 	 ---> 6: on reply
[2021-05-09 19:11:39,165 INFO] pbft_handler->reply: 	 ---> 6: receive commit msg from 5
[2021-05-09 19:11:39,166 INFO] pbft_handler->commit: 	 ---> 6: on commit
[2021-05-09 19:11:39,166 INFO] pbft_handler->commit: 	 ---> 6: receive prepare msg from 4
[2021-05-09 19:11:39,166 DEBUG] pbft_handler->_post: 	 make request to 0, commit
[2021-05-09 19:11:39,166 DEBUG] pbft_handler->_post: 	 make request to 1, commit
[2021-05-09 19:11:39,167 DEBUG] pbft_handler->_post: 	 make request to 2, commit
[2021-05-09 19:11:39,168 DEBUG] pbft_handler->_post: 	 make request to 3, commit
[2021-05-09 19:11:39,169 DEBUG] pbft_handler->_post: 	 make request to 4, commit
[2021-05-09 19:11:39,169 DEBUG] pbft_handler->_post: 	 make request to 5, commit
[2021-05-09 19:11:39,170 DEBUG] pbft_handler->_post: 	 make request to 6, commit
[2021-05-09 19:11:39,170 INFO] pbft_handler->reply: 	 ---> 6: on reply
[2021-05-09 19:11:39,170 INFO] pbft_handler->reply: 	 ---> 6: receive commit msg from 6
[2021-05-09 19:11:39,177 INFO] pbft_handler->reply: 	 ---> 6: on reply
[2021-05-09 19:11:39,177 INFO] pbft_handler->reply: 	 ---> 6: receive commit msg from 0
[2021-05-09 19:11:39,183 INFO] pbft_handler->reply: 	 ---> 6: on reply
[2021-05-09 19:11:39,183 INFO] pbft_handler->reply: 	 ---> 6: receive commit msg from 1
[2021-05-09 19:11:39,190 INFO] pbft_handler->reply: 	 ---> 6: on reply
[2021-05-09 19:11:39,190 INFO] pbft_handler->reply: 	 ---> 6: receive commit msg from 2
[2021-05-09 19:11:39,196 INFO] pbft_handler->reply: 	 ---> 6: on reply
[2021-05-09 19:11:39,196 INFO] pbft_handler->reply: 	 ---> 6: receive commit msg from 3
[2021-05-09 19:11:39,202 INFO] pbft_handler->reply: 	 ---> 6: on reply
[2021-05-09 19:11:39,202 INFO] pbft_handler->reply: 	 ---> 6: receive commit msg from 4
[2021-05-09 19:11:39,207 INFO] pbft_handler->reply: 	 ---> 6: on reply
[2021-05-09 19:11:39,207 INFO] pbft_handler->reply: 	 ---> 6: receive commit msg from 5
[2021-05-09 19:11:39,208 INFO] pbft_handler->commit: 	 ---> 6: on commit
[2021-05-09 19:11:39,208 INFO] pbft_handler->commit: 	 ---> 6: receive prepare msg from 5
[2021-05-09 19:11:39,208 DEBUG] pbft_handler->_post: 	 make request to 0, commit
[2021-05-09 19:11:39,209 DEBUG] pbft_handler->_post: 	 make request to 1, commit
[2021-05-09 19:11:39,210 DEBUG] pbft_handler->_post: 	 make request to 2, commit
[2021-05-09 19:11:39,210 DEBUG] pbft_handler->_post: 	 make request to 3, commit
[2021-05-09 19:11:39,211 DEBUG] pbft_handler->_post: 	 make request to 4, commit
[2021-05-09 19:11:39,212 DEBUG] pbft_handler->_post: 	 make request to 5, commit
[2021-05-09 19:11:39,212 DEBUG] pbft_handler->_post: 	 make request to 6, commit
[2021-05-09 19:11:39,213 INFO] pbft_handler->reply: 	 ---> 6: on reply
[2021-05-09 19:11:39,213 INFO] pbft_handler->reply: 	 ---> 6: receive commit msg from 6
[2021-05-09 19:11:39,214 INFO] pbft_handler->prepare: 	 ---> 6: on prepare
[2021-05-09 19:11:39,214 INFO] pbft_handler->prepare: 	 ---> 6: receive preprepare msg from 0
[2021-05-09 19:11:39,214 DEBUG] pbft_handler->_post: 	 make request to 0, prepare
[2021-05-09 19:11:39,220 INFO] pbft_handler->reply: 	 ---> 6: on reply
[2021-05-09 19:11:39,221 INFO] pbft_handler->reply: 	 ---> 6: receive commit msg from 0
[2021-05-09 19:11:39,221 DEBUG] pbft_handler->_post: 	 make request to 1, prepare
[2021-05-09 19:11:39,228 INFO] pbft_handler->reply: 	 ---> 6: on reply
[2021-05-09 19:11:39,228 INFO] pbft_handler->reply: 	 ---> 6: receive commit msg from 1
[2021-05-09 19:11:39,228 DEBUG] pbft_handler->_post: 	 make request to 2, prepare
[2021-05-09 19:11:39,233 INFO] pbft_handler->reply: 	 ---> 6: on reply
[2021-05-09 19:11:39,233 INFO] pbft_handler->reply: 	 ---> 6: receive commit msg from 2
[2021-05-09 19:11:39,234 DEBUG] pbft_handler->_post: 	 make request to 3, prepare
[2021-05-09 19:11:39,239 INFO] pbft_handler->reply: 	 ---> 6: on reply
[2021-05-09 19:11:39,239 INFO] pbft_handler->reply: 	 ---> 6: receive commit msg from 3
[2021-05-09 19:11:39,239 DEBUG] pbft_handler->_post: 	 make request to 4, prepare
[2021-05-09 19:11:39,245 INFO] pbft_handler->reply: 	 ---> 6: on reply
[2021-05-09 19:11:39,245 INFO] pbft_handler->reply: 	 ---> 6: receive commit msg from 4
[2021-05-09 19:11:39,245 DEBUG] pbft_handler->_post: 	 make request to 5, prepare
[2021-05-09 19:11:39,251 INFO] pbft_handler->reply: 	 ---> 6: on reply
[2021-05-09 19:11:39,251 INFO] pbft_handler->reply: 	 ---> 6: receive commit msg from 5
[2021-05-09 19:11:39,251 DEBUG] pbft_handler->_post: 	 make request to 6, prepare
[2021-05-09 19:11:39,252 INFO] pbft_handler->commit: 	 ---> 6: on commit
[2021-05-09 19:11:39,252 INFO] pbft_handler->commit: 	 ---> 6: receive prepare msg from 6
[2021-05-09 19:11:39,252 DEBUG] pbft_handler->_post: 	 make request to 0, commit
[2021-05-09 19:11:39,253 DEBUG] pbft_handler->_post: 	 make request to 1, commit
[2021-05-09 19:11:39,254 DEBUG] pbft_handler->_post: 	 make request to 2, commit
[2021-05-09 19:11:39,254 DEBUG] pbft_handler->_post: 	 make request to 3, commit
[2021-05-09 19:11:39,255 DEBUG] pbft_handler->_post: 	 make request to 4, commit
[2021-05-09 19:11:39,256 DEBUG] pbft_handler->_post: 	 make request to 5, commit
[2021-05-09 19:11:39,257 DEBUG] pbft_handler->_post: 	 make request to 6, commit
[2021-05-09 19:11:39,257 INFO] pbft_handler->reply: 	 ---> 6: on reply
[2021-05-09 19:11:39,257 INFO] pbft_handler->reply: 	 ---> 6: receive commit msg from 6
[2021-05-09 19:11:39,887 INFO] pbft_handler->commit: 	 ---> 6: on commit
[2021-05-09 19:11:39,887 INFO] pbft_handler->commit: 	 ---> 6: receive prepare msg from 0
[2021-05-09 19:11:39,895 INFO] pbft_handler->commit: 	 ---> 6: on commit
[2021-05-09 19:11:39,895 INFO] pbft_handler->commit: 	 ---> 6: receive prepare msg from 1
[2021-05-09 19:11:39,901 INFO] pbft_handler->commit: 	 ---> 6: on commit
[2021-05-09 19:11:39,901 INFO] pbft_handler->commit: 	 ---> 6: receive prepare msg from 2
[2021-05-09 19:11:39,907 INFO] pbft_handler->commit: 	 ---> 6: on commit
[2021-05-09 19:11:39,907 INFO] pbft_handler->commit: 	 ---> 6: receive prepare msg from 3
[2021-05-09 19:11:39,915 INFO] pbft_handler->reply: 	 ---> 6: on reply
[2021-05-09 19:11:39,915 INFO] pbft_handler->reply: 	 ---> 6: receive commit msg from 0
[2021-05-09 19:11:39,921 INFO] pbft_handler->reply: 	 ---> 6: on reply
[2021-05-09 19:11:39,921 INFO] pbft_handler->reply: 	 ---> 6: receive commit msg from 1
[2021-05-09 19:11:39,926 INFO] pbft_handler->reply: 	 ---> 6: on reply
[2021-05-09 19:11:39,926 INFO] pbft_handler->reply: 	 ---> 6: receive commit msg from 2
[2021-05-09 19:11:39,932 INFO] pbft_handler->reply: 	 ---> 6: on reply
[2021-05-09 19:11:39,932 INFO] pbft_handler->reply: 	 ---> 6: receive commit msg from 3
[2021-05-09 19:11:39,944 INFO] pbft_handler->reply: 	 ---> 6: on reply
[2021-05-09 19:11:39,944 INFO] pbft_handler->reply: 	 ---> 6: receive commit msg from 4
[2021-05-09 19:11:39,944 DEBUG] pbft_handler->reply: 	 Add commit certifiacte to slot 2
[2021-05-09 19:11:39,945 INFO] pbft_handler->reply: 	 6 reply to http://localhost:20001/reply successfully!!
[2021-05-09 19:11:39,951 INFO] pbft_handler->reply: 	 ---> 6: on reply
[2021-05-09 19:11:39,951 INFO] pbft_handler->reply: 	 ---> 6: receive commit msg from 5
[2021-05-09 19:11:39,952 INFO] pbft_handler->commit: 	 ---> 6: on commit
[2021-05-09 19:11:39,952 INFO] pbft_handler->commit: 	 ---> 6: receive prepare msg from 4
[2021-05-09 19:11:39,952 DEBUG] pbft_handler->_post: 	 make request to 0, commit
[2021-05-09 19:11:39,953 DEBUG] pbft_handler->_post: 	 make request to 1, commit
[2021-05-09 19:11:39,954 DEBUG] pbft_handler->_post: 	 make request to 2, commit
[2021-05-09 19:11:39,955 DEBUG] pbft_handler->_post: 	 make request to 3, commit
[2021-05-09 19:11:39,955 DEBUG] pbft_handler->_post: 	 make request to 4, commit
[2021-05-09 19:11:39,956 DEBUG] pbft_handler->_post: 	 make request to 5, commit
[2021-05-09 19:11:39,957 DEBUG] pbft_handler->_post: 	 make request to 6, commit
[2021-05-09 19:11:39,957 INFO] pbft_handler->reply: 	 ---> 6: on reply
[2021-05-09 19:11:39,957 INFO] pbft_handler->reply: 	 ---> 6: receive commit msg from 6
[2021-05-09 19:11:39,963 INFO] pbft_handler->reply: 	 ---> 6: on reply
[2021-05-09 19:11:39,963 INFO] pbft_handler->reply: 	 ---> 6: receive commit msg from 0
[2021-05-09 19:11:39,969 INFO] pbft_handler->reply: 	 ---> 6: on reply
[2021-05-09 19:11:39,969 INFO] pbft_handler->reply: 	 ---> 6: receive commit msg from 1
[2021-05-09 19:11:39,978 INFO] pbft_handler->reply: 	 ---> 6: on reply
[2021-05-09 19:11:39,978 INFO] pbft_handler->reply: 	 ---> 6: receive commit msg from 2
[2021-05-09 19:11:39,984 INFO] pbft_handler->reply: 	 ---> 6: on reply
[2021-05-09 19:11:39,984 INFO] pbft_handler->reply: 	 ---> 6: receive commit msg from 3
[2021-05-09 19:11:39,990 INFO] pbft_handler->reply: 	 ---> 6: on reply
[2021-05-09 19:11:39,990 INFO] pbft_handler->reply: 	 ---> 6: receive commit msg from 4
[2021-05-09 19:11:39,996 INFO] pbft_handler->reply: 	 ---> 6: on reply
[2021-05-09 19:11:39,996 INFO] pbft_handler->reply: 	 ---> 6: receive commit msg from 5
[2021-05-09 19:11:39,996 INFO] pbft_handler->commit: 	 ---> 6: on commit
[2021-05-09 19:11:39,996 INFO] pbft_handler->commit: 	 ---> 6: receive prepare msg from 5
[2021-05-09 19:11:39,996 DEBUG] pbft_handler->_post: 	 make request to 0, commit
[2021-05-09 19:11:39,997 DEBUG] pbft_handler->_post: 	 make request to 1, commit
[2021-05-09 19:11:39,998 DEBUG] pbft_handler->_post: 	 make request to 2, commit
[2021-05-09 19:11:39,999 DEBUG] pbft_handler->_post: 	 make request to 3, commit
[2021-05-09 19:11:40,000 DEBUG] pbft_handler->_post: 	 make request to 4, commit
[2021-05-09 19:11:40,000 DEBUG] pbft_handler->_post: 	 make request to 5, commit
[2021-05-09 19:11:40,001 DEBUG] pbft_handler->_post: 	 make request to 6, commit
[2021-05-09 19:11:40,002 INFO] pbft_handler->reply: 	 ---> 6: on reply
[2021-05-09 19:11:40,002 INFO] pbft_handler->reply: 	 ---> 6: receive commit msg from 6
[2021-05-09 19:11:40,003 INFO] pbft_handler->prepare: 	 ---> 6: on prepare
[2021-05-09 19:11:40,003 INFO] pbft_handler->prepare: 	 ---> 6: receive preprepare msg from 0
[2021-05-09 19:11:40,003 DEBUG] pbft_handler->_post: 	 make request to 0, prepare
[2021-05-09 19:11:40,009 INFO] pbft_handler->reply: 	 ---> 6: on reply
[2021-05-09 19:11:40,009 INFO] pbft_handler->reply: 	 ---> 6: receive commit msg from 0
[2021-05-09 19:11:40,010 DEBUG] pbft_handler->_post: 	 make request to 1, prepare
[2021-05-09 19:11:40,015 INFO] pbft_handler->reply: 	 ---> 6: on reply
[2021-05-09 19:11:40,015 INFO] pbft_handler->reply: 	 ---> 6: receive commit msg from 1
[2021-05-09 19:11:40,016 DEBUG] pbft_handler->_post: 	 make request to 2, prepare
[2021-05-09 19:11:40,022 INFO] pbft_handler->reply: 	 ---> 6: on reply
[2021-05-09 19:11:40,022 INFO] pbft_handler->reply: 	 ---> 6: receive commit msg from 2
[2021-05-09 19:11:40,022 DEBUG] pbft_handler->_post: 	 make request to 3, prepare
[2021-05-09 19:11:40,027 INFO] pbft_handler->reply: 	 ---> 6: on reply
[2021-05-09 19:11:40,027 INFO] pbft_handler->reply: 	 ---> 6: receive commit msg from 3
[2021-05-09 19:11:40,027 DEBUG] pbft_handler->_post: 	 make request to 4, prepare
[2021-05-09 19:11:40,033 INFO] pbft_handler->reply: 	 ---> 6: on reply
[2021-05-09 19:11:40,033 INFO] pbft_handler->reply: 	 ---> 6: receive commit msg from 4
[2021-05-09 19:11:40,034 DEBUG] pbft_handler->_post: 	 make request to 5, prepare
[2021-05-09 19:11:40,040 INFO] pbft_handler->reply: 	 ---> 6: on reply
[2021-05-09 19:11:40,040 INFO] pbft_handler->reply: 	 ---> 6: receive commit msg from 5
[2021-05-09 19:11:40,041 DEBUG] pbft_handler->_post: 	 make request to 6, prepare
[2021-05-09 19:11:40,041 INFO] pbft_handler->commit: 	 ---> 6: on commit
[2021-05-09 19:11:40,041 INFO] pbft_handler->commit: 	 ---> 6: receive prepare msg from 6
[2021-05-09 19:11:40,041 DEBUG] pbft_handler->_post: 	 make request to 0, commit
[2021-05-09 19:11:40,042 DEBUG] pbft_handler->_post: 	 make request to 1, commit
[2021-05-09 19:11:40,043 DEBUG] pbft_handler->_post: 	 make request to 2, commit
[2021-05-09 19:11:40,044 DEBUG] pbft_handler->_post: 	 make request to 3, commit
[2021-05-09 19:11:40,044 DEBUG] pbft_handler->_post: 	 make request to 4, commit
[2021-05-09 19:11:40,045 DEBUG] pbft_handler->_post: 	 make request to 5, commit
[2021-05-09 19:11:40,046 DEBUG] pbft_handler->_post: 	 make request to 6, commit
[2021-05-09 19:11:40,046 INFO] pbft_handler->reply: 	 ---> 6: on reply
[2021-05-09 19:11:40,046 INFO] pbft_handler->reply: 	 ---> 6: receive commit msg from 6
[2021-05-09 19:11:40,843 INFO] pbft_handler->commit: 	 ---> 6: on commit
[2021-05-09 19:11:40,843 INFO] pbft_handler->commit: 	 ---> 6: receive prepare msg from 0
[2021-05-09 19:11:40,849 INFO] pbft_handler->commit: 	 ---> 6: on commit
[2021-05-09 19:11:40,849 INFO] pbft_handler->commit: 	 ---> 6: receive prepare msg from 1
[2021-05-09 19:11:40,856 INFO] pbft_handler->commit: 	 ---> 6: on commit
[2021-05-09 19:11:40,856 INFO] pbft_handler->commit: 	 ---> 6: receive prepare msg from 2
[2021-05-09 19:11:40,863 INFO] pbft_handler->commit: 	 ---> 6: on commit
[2021-05-09 19:11:40,863 INFO] pbft_handler->commit: 	 ---> 6: receive prepare msg from 3
[2021-05-09 19:11:40,870 INFO] pbft_handler->reply: 	 ---> 6: on reply
[2021-05-09 19:11:40,871 INFO] pbft_handler->reply: 	 ---> 6: receive commit msg from 0
[2021-05-09 19:11:40,877 INFO] pbft_handler->reply: 	 ---> 6: on reply
[2021-05-09 19:11:40,877 INFO] pbft_handler->reply: 	 ---> 6: receive commit msg from 1
[2021-05-09 19:11:40,884 INFO] pbft_handler->reply: 	 ---> 6: on reply
[2021-05-09 19:11:40,884 INFO] pbft_handler->reply: 	 ---> 6: receive commit msg from 2
[2021-05-09 19:11:40,889 INFO] pbft_handler->reply: 	 ---> 6: on reply
[2021-05-09 19:11:40,889 INFO] pbft_handler->reply: 	 ---> 6: receive commit msg from 3
[2021-05-09 19:11:40,901 INFO] pbft_handler->reply: 	 ---> 6: on reply
[2021-05-09 19:11:40,901 INFO] pbft_handler->reply: 	 ---> 6: receive commit msg from 4
[2021-05-09 19:11:40,901 DEBUG] pbft_handler->reply: 	 Add commit certifiacte to slot 3
[2021-05-09 19:11:40,902 INFO] pbft_handler->reply: 	 6 reply to http://localhost:20001/reply successfully!!
[2021-05-09 19:11:40,909 INFO] pbft_handler->reply: 	 ---> 6: on reply
[2021-05-09 19:11:40,909 INFO] pbft_handler->reply: 	 ---> 6: receive commit msg from 5
[2021-05-09 19:11:40,910 INFO] pbft_handler->commit: 	 ---> 6: on commit
[2021-05-09 19:11:40,910 INFO] pbft_handler->commit: 	 ---> 6: receive prepare msg from 4
[2021-05-09 19:11:40,910 DEBUG] pbft_handler->_post: 	 make request to 0, commit
[2021-05-09 19:11:40,911 DEBUG] pbft_handler->_post: 	 make request to 1, commit
[2021-05-09 19:11:40,912 DEBUG] pbft_handler->_post: 	 make request to 2, commit
[2021-05-09 19:11:40,912 DEBUG] pbft_handler->_post: 	 make request to 3, commit
[2021-05-09 19:11:40,913 DEBUG] pbft_handler->_post: 	 make request to 4, commit
[2021-05-09 19:11:40,914 DEBUG] pbft_handler->_post: 	 make request to 5, commit
[2021-05-09 19:11:40,914 DEBUG] pbft_handler->_post: 	 make request to 6, commit
[2021-05-09 19:11:40,915 INFO] pbft_handler->reply: 	 ---> 6: on reply
[2021-05-09 19:11:40,915 INFO] pbft_handler->reply: 	 ---> 6: receive commit msg from 6
[2021-05-09 19:11:40,921 INFO] pbft_handler->reply: 	 ---> 6: on reply
[2021-05-09 19:11:40,921 INFO] pbft_handler->reply: 	 ---> 6: receive commit msg from 0
[2021-05-09 19:11:40,927 INFO] pbft_handler->reply: 	 ---> 6: on reply
[2021-05-09 19:11:40,928 INFO] pbft_handler->reply: 	 ---> 6: receive commit msg from 1
[2021-05-09 19:11:40,935 INFO] pbft_handler->reply: 	 ---> 6: on reply
[2021-05-09 19:11:40,935 INFO] pbft_handler->reply: 	 ---> 6: receive commit msg from 2
[2021-05-09 19:11:40,941 INFO] pbft_handler->reply: 	 ---> 6: on reply
[2021-05-09 19:11:40,941 INFO] pbft_handler->reply: 	 ---> 6: receive commit msg from 3
[2021-05-09 19:11:40,946 INFO] pbft_handler->reply: 	 ---> 6: on reply
[2021-05-09 19:11:40,946 INFO] pbft_handler->reply: 	 ---> 6: receive commit msg from 4
[2021-05-09 19:11:40,952 INFO] pbft_handler->reply: 	 ---> 6: on reply
[2021-05-09 19:11:40,952 INFO] pbft_handler->reply: 	 ---> 6: receive commit msg from 5
[2021-05-09 19:11:40,953 INFO] pbft_handler->commit: 	 ---> 6: on commit
[2021-05-09 19:11:40,953 INFO] pbft_handler->commit: 	 ---> 6: receive prepare msg from 5
[2021-05-09 19:11:40,953 DEBUG] pbft_handler->_post: 	 make request to 0, commit
[2021-05-09 19:11:40,954 DEBUG] pbft_handler->_post: 	 make request to 1, commit
[2021-05-09 19:11:40,954 DEBUG] pbft_handler->_post: 	 make request to 2, commit
[2021-05-09 19:11:40,955 DEBUG] pbft_handler->_post: 	 make request to 3, commit
[2021-05-09 19:11:40,956 DEBUG] pbft_handler->_post: 	 make request to 4, commit
[2021-05-09 19:11:40,957 DEBUG] pbft_handler->_post: 	 make request to 5, commit
[2021-05-09 19:11:40,958 DEBUG] pbft_handler->_post: 	 make request to 6, commit
[2021-05-09 19:11:40,958 INFO] pbft_handler->reply: 	 ---> 6: on reply
[2021-05-09 19:11:40,958 INFO] pbft_handler->reply: 	 ---> 6: receive commit msg from 6
[2021-05-09 19:11:40,959 INFO] pbft_handler->prepare: 	 ---> 6: on prepare
[2021-05-09 19:11:40,959 INFO] pbft_handler->prepare: 	 ---> 6: receive preprepare msg from 0
[2021-05-09 19:11:40,959 DEBUG] pbft_handler->_post: 	 make request to 0, prepare
[2021-05-09 19:11:40,965 INFO] pbft_handler->reply: 	 ---> 6: on reply
[2021-05-09 19:11:40,966 INFO] pbft_handler->reply: 	 ---> 6: receive commit msg from 0
[2021-05-09 19:11:40,966 DEBUG] pbft_handler->_post: 	 make request to 1, prepare
[2021-05-09 19:11:40,971 INFO] pbft_handler->reply: 	 ---> 6: on reply
[2021-05-09 19:11:40,971 INFO] pbft_handler->reply: 	 ---> 6: receive commit msg from 1
[2021-05-09 19:11:40,972 DEBUG] pbft_handler->_post: 	 make request to 2, prepare
[2021-05-09 19:11:40,978 INFO] pbft_handler->reply: 	 ---> 6: on reply
[2021-05-09 19:11:40,978 INFO] pbft_handler->reply: 	 ---> 6: receive commit msg from 2
[2021-05-09 19:11:40,978 DEBUG] pbft_handler->_post: 	 make request to 3, prepare
[2021-05-09 19:11:40,983 INFO] pbft_handler->reply: 	 ---> 6: on reply
[2021-05-09 19:11:40,983 INFO] pbft_handler->reply: 	 ---> 6: receive commit msg from 3
[2021-05-09 19:11:40,983 DEBUG] pbft_handler->_post: 	 make request to 4, prepare
[2021-05-09 19:11:40,989 INFO] pbft_handler->reply: 	 ---> 6: on reply
[2021-05-09 19:11:40,989 INFO] pbft_handler->reply: 	 ---> 6: receive commit msg from 4
[2021-05-09 19:11:40,989 DEBUG] pbft_handler->_post: 	 make request to 5, prepare
[2021-05-09 19:11:40,996 INFO] pbft_handler->reply: 	 ---> 6: on reply
[2021-05-09 19:11:40,996 INFO] pbft_handler->reply: 	 ---> 6: receive commit msg from 5
[2021-05-09 19:11:40,996 DEBUG] pbft_handler->_post: 	 make request to 6, prepare
[2021-05-09 19:11:40,997 INFO] pbft_handler->commit: 	 ---> 6: on commit
[2021-05-09 19:11:40,997 INFO] pbft_handler->commit: 	 ---> 6: receive prepare msg from 6
[2021-05-09 19:11:40,997 DEBUG] pbft_handler->_post: 	 make request to 0, commit
[2021-05-09 19:11:40,998 DEBUG] pbft_handler->_post: 	 make request to 1, commit
[2021-05-09 19:11:40,999 DEBUG] pbft_handler->_post: 	 make request to 2, commit
[2021-05-09 19:11:41,000 DEBUG] pbft_handler->_post: 	 make request to 3, commit
[2021-05-09 19:11:41,000 DEBUG] pbft_handler->_post: 	 make request to 4, commit
[2021-05-09 19:11:41,001 DEBUG] pbft_handler->_post: 	 make request to 5, commit
[2021-05-09 19:11:41,002 DEBUG] pbft_handler->_post: 	 make request to 6, commit
[2021-05-09 19:11:41,002 INFO] pbft_handler->reply: 	 ---> 6: on reply
[2021-05-09 19:11:41,002 INFO] pbft_handler->reply: 	 ---> 6: receive commit msg from 6
[2021-05-09 19:11:41,164 INFO] pbft_handler->commit: 	 ---> 6: on commit
[2021-05-09 19:11:41,164 INFO] pbft_handler->commit: 	 ---> 6: receive prepare msg from 0
[2021-05-09 19:11:41,171 INFO] pbft_handler->commit: 	 ---> 6: on commit
[2021-05-09 19:11:41,171 INFO] pbft_handler->commit: 	 ---> 6: receive prepare msg from 1
[2021-05-09 19:11:41,178 INFO] pbft_handler->commit: 	 ---> 6: on commit
[2021-05-09 19:11:41,178 INFO] pbft_handler->commit: 	 ---> 6: receive prepare msg from 2
[2021-05-09 19:11:41,184 INFO] pbft_handler->commit: 	 ---> 6: on commit
[2021-05-09 19:11:41,184 INFO] pbft_handler->commit: 	 ---> 6: receive prepare msg from 3
[2021-05-09 19:11:41,191 INFO] pbft_handler->reply: 	 ---> 6: on reply
[2021-05-09 19:11:41,191 INFO] pbft_handler->reply: 	 ---> 6: receive commit msg from 0
[2021-05-09 19:11:41,198 INFO] pbft_handler->reply: 	 ---> 6: on reply
[2021-05-09 19:11:41,198 INFO] pbft_handler->reply: 	 ---> 6: receive commit msg from 1
[2021-05-09 19:11:41,204 INFO] pbft_handler->reply: 	 ---> 6: on reply
[2021-05-09 19:11:41,204 INFO] pbft_handler->reply: 	 ---> 6: receive commit msg from 2
[2021-05-09 19:11:41,210 INFO] pbft_handler->reply: 	 ---> 6: on reply
[2021-05-09 19:11:41,210 INFO] pbft_handler->reply: 	 ---> 6: receive commit msg from 3
[2021-05-09 19:11:41,222 INFO] pbft_handler->reply: 	 ---> 6: on reply
[2021-05-09 19:11:41,222 INFO] pbft_handler->reply: 	 ---> 6: receive commit msg from 4
[2021-05-09 19:11:41,222 DEBUG] pbft_handler->reply: 	 Add commit certifiacte to slot 4
[2021-05-09 19:11:41,223 INFO] pbft_handler->reply: 	 6 reply to http://localhost:20001/reply successfully!!
[2021-05-09 19:11:41,229 INFO] pbft_handler->reply: 	 ---> 6: on reply
[2021-05-09 19:11:41,229 INFO] pbft_handler->reply: 	 ---> 6: receive commit msg from 5
[2021-05-09 19:11:41,230 INFO] pbft_handler->commit: 	 ---> 6: on commit
[2021-05-09 19:11:41,230 INFO] pbft_handler->commit: 	 ---> 6: receive prepare msg from 4
[2021-05-09 19:11:41,230 DEBUG] pbft_handler->_post: 	 make request to 0, commit
[2021-05-09 19:11:41,231 DEBUG] pbft_handler->_post: 	 make request to 1, commit
[2021-05-09 19:11:41,231 DEBUG] pbft_handler->_post: 	 make request to 2, commit
[2021-05-09 19:11:41,232 DEBUG] pbft_handler->_post: 	 make request to 3, commit
[2021-05-09 19:11:41,233 DEBUG] pbft_handler->_post: 	 make request to 4, commit
[2021-05-09 19:11:41,233 DEBUG] pbft_handler->_post: 	 make request to 5, commit
[2021-05-09 19:11:41,234 DEBUG] pbft_handler->_post: 	 make request to 6, commit
[2021-05-09 19:11:41,234 INFO] pbft_handler->reply: 	 ---> 6: on reply
[2021-05-09 19:11:41,234 INFO] pbft_handler->reply: 	 ---> 6: receive commit msg from 6
[2021-05-09 19:11:41,241 INFO] pbft_handler->reply: 	 ---> 6: on reply
[2021-05-09 19:11:41,241 INFO] pbft_handler->reply: 	 ---> 6: receive commit msg from 0
[2021-05-09 19:11:41,247 INFO] pbft_handler->reply: 	 ---> 6: on reply
[2021-05-09 19:11:41,248 INFO] pbft_handler->reply: 	 ---> 6: receive commit msg from 1
[2021-05-09 19:11:41,255 INFO] pbft_handler->reply: 	 ---> 6: on reply
[2021-05-09 19:11:41,255 INFO] pbft_handler->reply: 	 ---> 6: receive commit msg from 2
[2021-05-09 19:11:41,261 INFO] pbft_handler->reply: 	 ---> 6: on reply
[2021-05-09 19:11:41,261 INFO] pbft_handler->reply: 	 ---> 6: receive commit msg from 3
[2021-05-09 19:11:41,266 INFO] pbft_handler->reply: 	 ---> 6: on reply
[2021-05-09 19:11:41,267 INFO] pbft_handler->reply: 	 ---> 6: receive commit msg from 4
[2021-05-09 19:11:41,272 INFO] pbft_handler->reply: 	 ---> 6: on reply
[2021-05-09 19:11:41,272 INFO] pbft_handler->reply: 	 ---> 6: receive commit msg from 5
[2021-05-09 19:11:41,273 INFO] pbft_handler->commit: 	 ---> 6: on commit
[2021-05-09 19:11:41,273 INFO] pbft_handler->commit: 	 ---> 6: receive prepare msg from 5
[2021-05-09 19:11:41,273 DEBUG] pbft_handler->_post: 	 make request to 0, commit
[2021-05-09 19:11:41,273 DEBUG] pbft_handler->_post: 	 make request to 1, commit
[2021-05-09 19:11:41,274 DEBUG] pbft_handler->_post: 	 make request to 2, commit
[2021-05-09 19:11:41,275 DEBUG] pbft_handler->_post: 	 make request to 3, commit
[2021-05-09 19:11:41,276 DEBUG] pbft_handler->_post: 	 make request to 4, commit
[2021-05-09 19:11:41,276 DEBUG] pbft_handler->_post: 	 make request to 5, commit
[2021-05-09 19:11:41,277 DEBUG] pbft_handler->_post: 	 make request to 6, commit
[2021-05-09 19:11:41,277 INFO] pbft_handler->reply: 	 ---> 6: on reply
[2021-05-09 19:11:41,277 INFO] pbft_handler->reply: 	 ---> 6: receive commit msg from 6
[2021-05-09 19:11:41,278 INFO] pbft_handler->prepare: 	 ---> 6: on prepare
[2021-05-09 19:11:41,279 INFO] pbft_handler->prepare: 	 ---> 6: receive preprepare msg from 0
[2021-05-09 19:11:41,279 DEBUG] pbft_handler->_post: 	 make request to 0, prepare
[2021-05-09 19:11:41,284 INFO] pbft_handler->reply: 	 ---> 6: on reply
[2021-05-09 19:11:41,284 INFO] pbft_handler->reply: 	 ---> 6: receive commit msg from 0
[2021-05-09 19:11:41,285 DEBUG] pbft_handler->_post: 	 make request to 1, prepare
[2021-05-09 19:11:41,291 INFO] pbft_handler->reply: 	 ---> 6: on reply
[2021-05-09 19:11:41,291 INFO] pbft_handler->reply: 	 ---> 6: receive commit msg from 1
[2021-05-09 19:11:41,291 DEBUG] pbft_handler->_post: 	 make request to 2, prepare
[2021-05-09 19:11:41,297 INFO] pbft_handler->reply: 	 ---> 6: on reply
[2021-05-09 19:11:41,297 INFO] pbft_handler->reply: 	 ---> 6: receive commit msg from 2
[2021-05-09 19:11:41,297 DEBUG] pbft_handler->_post: 	 make request to 3, prepare
[2021-05-09 19:11:41,302 INFO] pbft_handler->reply: 	 ---> 6: on reply
[2021-05-09 19:11:41,302 INFO] pbft_handler->reply: 	 ---> 6: receive commit msg from 3
[2021-05-09 19:11:41,302 DEBUG] pbft_handler->_post: 	 make request to 4, prepare
[2021-05-09 19:11:41,308 INFO] pbft_handler->reply: 	 ---> 6: on reply
[2021-05-09 19:11:41,308 INFO] pbft_handler->reply: 	 ---> 6: receive commit msg from 4
[2021-05-09 19:11:41,308 DEBUG] pbft_handler->_post: 	 make request to 5, prepare
[2021-05-09 19:11:41,315 INFO] pbft_handler->reply: 	 ---> 6: on reply
[2021-05-09 19:11:41,315 INFO] pbft_handler->reply: 	 ---> 6: receive commit msg from 5
[2021-05-09 19:11:41,315 DEBUG] pbft_handler->_post: 	 make request to 6, prepare
[2021-05-09 19:11:41,316 INFO] pbft_handler->commit: 	 ---> 6: on commit
[2021-05-09 19:11:41,316 INFO] pbft_handler->commit: 	 ---> 6: receive prepare msg from 6
[2021-05-09 19:11:41,316 DEBUG] pbft_handler->_post: 	 make request to 0, commit
[2021-05-09 19:11:41,316 DEBUG] pbft_handler->_post: 	 make request to 1, commit
[2021-05-09 19:11:41,317 DEBUG] pbft_handler->_post: 	 make request to 2, commit
[2021-05-09 19:11:41,318 DEBUG] pbft_handler->_post: 	 make request to 3, commit
[2021-05-09 19:11:41,319 DEBUG] pbft_handler->_post: 	 make request to 4, commit
[2021-05-09 19:11:41,319 DEBUG] pbft_handler->_post: 	 make request to 5, commit
[2021-05-09 19:11:41,320 DEBUG] pbft_handler->_post: 	 make request to 6, commit
[2021-05-09 19:11:41,320 INFO] pbft_handler->reply: 	 ---> 6: on reply
[2021-05-09 19:11:41,321 INFO] pbft_handler->reply: 	 ---> 6: receive commit msg from 6
[2021-05-09 19:11:42,268 INFO] pbft_handler->commit: 	 ---> 6: on commit
[2021-05-09 19:11:42,268 INFO] pbft_handler->commit: 	 ---> 6: receive prepare msg from 0
[2021-05-09 19:11:42,274 INFO] pbft_handler->commit: 	 ---> 6: on commit
[2021-05-09 19:11:42,274 INFO] pbft_handler->commit: 	 ---> 6: receive prepare msg from 1
[2021-05-09 19:11:42,280 INFO] pbft_handler->commit: 	 ---> 6: on commit
[2021-05-09 19:11:42,281 INFO] pbft_handler->commit: 	 ---> 6: receive prepare msg from 2
[2021-05-09 19:11:42,286 INFO] pbft_handler->commit: 	 ---> 6: on commit
[2021-05-09 19:11:42,287 INFO] pbft_handler->commit: 	 ---> 6: receive prepare msg from 3
[2021-05-09 19:11:42,294 INFO] pbft_handler->reply: 	 ---> 6: on reply
[2021-05-09 19:11:42,294 INFO] pbft_handler->reply: 	 ---> 6: receive commit msg from 0
[2021-05-09 19:11:42,300 INFO] pbft_handler->reply: 	 ---> 6: on reply
[2021-05-09 19:11:42,300 INFO] pbft_handler->reply: 	 ---> 6: receive commit msg from 1
[2021-05-09 19:11:42,305 INFO] pbft_handler->reply: 	 ---> 6: on reply
[2021-05-09 19:11:42,306 INFO] pbft_handler->reply: 	 ---> 6: receive commit msg from 2
[2021-05-09 19:11:42,311 INFO] pbft_handler->reply: 	 ---> 6: on reply
[2021-05-09 19:11:42,311 INFO] pbft_handler->reply: 	 ---> 6: receive commit msg from 3
[2021-05-09 19:11:42,322 INFO] pbft_handler->reply: 	 ---> 6: on reply
[2021-05-09 19:11:42,322 INFO] pbft_handler->reply: 	 ---> 6: receive commit msg from 4
[2021-05-09 19:11:42,323 DEBUG] pbft_handler->reply: 	 Add commit certifiacte to slot 5
[2021-05-09 19:11:42,324 INFO] pbft_handler->reply: 	 6 reply to http://localhost:20001/reply successfully!!
[2021-05-09 19:11:42,330 INFO] pbft_handler->reply: 	 ---> 6: on reply
[2021-05-09 19:11:42,331 INFO] pbft_handler->reply: 	 ---> 6: receive commit msg from 5
[2021-05-09 19:11:42,331 INFO] pbft_handler->commit: 	 ---> 6: on commit
[2021-05-09 19:11:42,331 INFO] pbft_handler->commit: 	 ---> 6: receive prepare msg from 4
[2021-05-09 19:11:42,332 DEBUG] pbft_handler->_post: 	 make request to 0, commit
[2021-05-09 19:11:42,332 DEBUG] pbft_handler->_post: 	 make request to 1, commit
[2021-05-09 19:11:42,333 DEBUG] pbft_handler->_post: 	 make request to 2, commit
[2021-05-09 19:11:42,334 DEBUG] pbft_handler->_post: 	 make request to 3, commit
[2021-05-09 19:11:42,334 DEBUG] pbft_handler->_post: 	 make request to 4, commit
[2021-05-09 19:11:42,335 DEBUG] pbft_handler->_post: 	 make request to 5, commit
[2021-05-09 19:11:42,336 DEBUG] pbft_handler->_post: 	 make request to 6, commit
[2021-05-09 19:11:42,336 INFO] pbft_handler->reply: 	 ---> 6: on reply
[2021-05-09 19:11:42,336 INFO] pbft_handler->reply: 	 ---> 6: receive commit msg from 6
[2021-05-09 19:11:42,342 INFO] pbft_handler->reply: 	 ---> 6: on reply
[2021-05-09 19:11:42,342 INFO] pbft_handler->reply: 	 ---> 6: receive commit msg from 0
[2021-05-09 19:11:42,347 INFO] pbft_handler->reply: 	 ---> 6: on reply
[2021-05-09 19:11:42,347 INFO] pbft_handler->reply: 	 ---> 6: receive commit msg from 1
[2021-05-09 19:11:42,354 INFO] pbft_handler->reply: 	 ---> 6: on reply
[2021-05-09 19:11:42,354 INFO] pbft_handler->reply: 	 ---> 6: receive commit msg from 2
[2021-05-09 19:11:42,360 INFO] pbft_handler->reply: 	 ---> 6: on reply
[2021-05-09 19:11:42,360 INFO] pbft_handler->reply: 	 ---> 6: receive commit msg from 3
[2021-05-09 19:11:42,366 INFO] pbft_handler->reply: 	 ---> 6: on reply
[2021-05-09 19:11:42,366 INFO] pbft_handler->reply: 	 ---> 6: receive commit msg from 4
[2021-05-09 19:11:42,372 INFO] pbft_handler->reply: 	 ---> 6: on reply
[2021-05-09 19:11:42,372 INFO] pbft_handler->reply: 	 ---> 6: receive commit msg from 5
[2021-05-09 19:11:42,372 INFO] pbft_handler->commit: 	 ---> 6: on commit
[2021-05-09 19:11:42,372 INFO] pbft_handler->commit: 	 ---> 6: receive prepare msg from 5
[2021-05-09 19:11:42,373 DEBUG] pbft_handler->_post: 	 make request to 0, commit
[2021-05-09 19:11:42,373 DEBUG] pbft_handler->_post: 	 make request to 1, commit
[2021-05-09 19:11:42,374 DEBUG] pbft_handler->_post: 	 make request to 2, commit
[2021-05-09 19:11:42,375 DEBUG] pbft_handler->_post: 	 make request to 3, commit
[2021-05-09 19:11:42,375 DEBUG] pbft_handler->_post: 	 make request to 4, commit
[2021-05-09 19:11:42,376 DEBUG] pbft_handler->_post: 	 make request to 5, commit
[2021-05-09 19:11:42,376 DEBUG] pbft_handler->_post: 	 make request to 6, commit
[2021-05-09 19:11:42,377 INFO] pbft_handler->reply: 	 ---> 6: on reply
[2021-05-09 19:11:42,377 INFO] pbft_handler->reply: 	 ---> 6: receive commit msg from 6
[2021-05-09 19:11:42,378 INFO] pbft_handler->prepare: 	 ---> 6: on prepare
[2021-05-09 19:11:42,378 INFO] pbft_handler->prepare: 	 ---> 6: receive preprepare msg from 0
[2021-05-09 19:11:42,378 DEBUG] pbft_handler->_post: 	 make request to 0, prepare
[2021-05-09 19:11:42,384 INFO] pbft_handler->reply: 	 ---> 6: on reply
[2021-05-09 19:11:42,384 INFO] pbft_handler->reply: 	 ---> 6: receive commit msg from 0
[2021-05-09 19:11:42,384 DEBUG] pbft_handler->_post: 	 make request to 1, prepare
[2021-05-09 19:11:42,391 INFO] pbft_handler->reply: 	 ---> 6: on reply
[2021-05-09 19:11:42,391 INFO] pbft_handler->reply: 	 ---> 6: receive commit msg from 1
[2021-05-09 19:11:42,391 DEBUG] pbft_handler->_post: 	 make request to 2, prepare
[2021-05-09 19:11:42,397 INFO] pbft_handler->reply: 	 ---> 6: on reply
[2021-05-09 19:11:42,397 INFO] pbft_handler->reply: 	 ---> 6: receive commit msg from 2
[2021-05-09 19:11:42,397 DEBUG] pbft_handler->_post: 	 make request to 3, prepare
[2021-05-09 19:11:42,403 INFO] pbft_handler->reply: 	 ---> 6: on reply
[2021-05-09 19:11:42,403 INFO] pbft_handler->reply: 	 ---> 6: receive commit msg from 3
[2021-05-09 19:11:42,404 DEBUG] pbft_handler->_post: 	 make request to 4, prepare
[2021-05-09 19:11:42,409 INFO] pbft_handler->reply: 	 ---> 6: on reply
[2021-05-09 19:11:42,409 INFO] pbft_handler->reply: 	 ---> 6: receive commit msg from 4
[2021-05-09 19:11:42,409 DEBUG] pbft_handler->_post: 	 make request to 5, prepare
[2021-05-09 19:11:42,415 INFO] pbft_handler->reply: 	 ---> 6: on reply
[2021-05-09 19:11:42,415 INFO] pbft_handler->reply: 	 ---> 6: receive commit msg from 5
[2021-05-09 19:11:42,415 DEBUG] pbft_handler->_post: 	 make request to 6, prepare
[2021-05-09 19:11:42,416 INFO] pbft_handler->commit: 	 ---> 6: on commit
[2021-05-09 19:11:42,416 INFO] pbft_handler->commit: 	 ---> 6: receive prepare msg from 6
[2021-05-09 19:11:42,416 DEBUG] pbft_handler->_post: 	 make request to 0, commit
[2021-05-09 19:11:42,417 DEBUG] pbft_handler->_post: 	 make request to 1, commit
[2021-05-09 19:11:42,417 DEBUG] pbft_handler->_post: 	 make request to 2, commit
[2021-05-09 19:11:42,418 DEBUG] pbft_handler->_post: 	 make request to 3, commit
[2021-05-09 19:11:42,419 DEBUG] pbft_handler->_post: 	 make request to 4, commit
[2021-05-09 19:11:42,420 DEBUG] pbft_handler->_post: 	 make request to 5, commit
[2021-05-09 19:11:42,421 DEBUG] pbft_handler->_post: 	 make request to 6, commit
[2021-05-09 19:11:42,421 INFO] pbft_handler->reply: 	 ---> 6: on reply
[2021-05-09 19:11:42,421 INFO] pbft_handler->reply: 	 ---> 6: receive commit msg from 6
[2021-05-09 19:11:43,057 INFO] pbft_handler->commit: 	 ---> 6: on commit
[2021-05-09 19:11:43,057 INFO] pbft_handler->commit: 	 ---> 6: receive prepare msg from 0
[2021-05-09 19:11:43,064 INFO] pbft_handler->commit: 	 ---> 6: on commit
[2021-05-09 19:11:43,064 INFO] pbft_handler->commit: 	 ---> 6: receive prepare msg from 1
[2021-05-09 19:11:43,070 INFO] pbft_handler->commit: 	 ---> 6: on commit
[2021-05-09 19:11:43,070 INFO] pbft_handler->commit: 	 ---> 6: receive prepare msg from 2
[2021-05-09 19:11:43,078 INFO] pbft_handler->commit: 	 ---> 6: on commit
[2021-05-09 19:11:43,078 INFO] pbft_handler->commit: 	 ---> 6: receive prepare msg from 3
[2021-05-09 19:11:43,086 INFO] pbft_handler->reply: 	 ---> 6: on reply
[2021-05-09 19:11:43,086 INFO] pbft_handler->reply: 	 ---> 6: receive commit msg from 0
[2021-05-09 19:11:43,093 INFO] pbft_handler->reply: 	 ---> 6: on reply
[2021-05-09 19:11:43,093 INFO] pbft_handler->reply: 	 ---> 6: receive commit msg from 1
[2021-05-09 19:11:43,099 INFO] pbft_handler->reply: 	 ---> 6: on reply
[2021-05-09 19:11:43,099 INFO] pbft_handler->reply: 	 ---> 6: receive commit msg from 2
[2021-05-09 19:11:43,105 INFO] pbft_handler->reply: 	 ---> 6: on reply
[2021-05-09 19:11:43,105 INFO] pbft_handler->reply: 	 ---> 6: receive commit msg from 3
[2021-05-09 19:11:43,118 INFO] pbft_handler->reply: 	 ---> 6: on reply
[2021-05-09 19:11:43,118 INFO] pbft_handler->reply: 	 ---> 6: receive commit msg from 4
[2021-05-09 19:11:43,118 DEBUG] pbft_handler->reply: 	 Add commit certifiacte to slot 6
[2021-05-09 19:11:43,119 INFO] pbft_handler->reply: 	 6 reply to http://localhost:20001/reply successfully!!
[2021-05-09 19:11:43,125 INFO] pbft_handler->reply: 	 ---> 6: on reply
[2021-05-09 19:11:43,126 INFO] pbft_handler->reply: 	 ---> 6: receive commit msg from 5
[2021-05-09 19:11:43,126 INFO] pbft_handler->commit: 	 ---> 6: on commit
[2021-05-09 19:11:43,126 INFO] pbft_handler->commit: 	 ---> 6: receive prepare msg from 4
[2021-05-09 19:11:43,127 DEBUG] pbft_handler->_post: 	 make request to 0, commit
[2021-05-09 19:11:43,127 DEBUG] pbft_handler->_post: 	 make request to 1, commit
[2021-05-09 19:11:43,128 DEBUG] pbft_handler->_post: 	 make request to 2, commit
[2021-05-09 19:11:43,129 DEBUG] pbft_handler->_post: 	 make request to 3, commit
[2021-05-09 19:11:43,129 DEBUG] pbft_handler->_post: 	 make request to 4, commit
[2021-05-09 19:11:43,130 DEBUG] pbft_handler->_post: 	 make request to 5, commit
[2021-05-09 19:11:43,131 DEBUG] pbft_handler->_post: 	 make request to 6, commit
[2021-05-09 19:11:43,131 INFO] pbft_handler->reply: 	 ---> 6: on reply
[2021-05-09 19:11:43,131 INFO] pbft_handler->reply: 	 ---> 6: receive commit msg from 6
[2021-05-09 19:11:43,137 INFO] pbft_handler->reply: 	 ---> 6: on reply
[2021-05-09 19:11:43,138 INFO] pbft_handler->reply: 	 ---> 6: receive commit msg from 0
[2021-05-09 19:11:43,145 INFO] pbft_handler->reply: 	 ---> 6: on reply
[2021-05-09 19:11:43,145 INFO] pbft_handler->reply: 	 ---> 6: receive commit msg from 1
[2021-05-09 19:11:43,151 INFO] pbft_handler->reply: 	 ---> 6: on reply
[2021-05-09 19:11:43,151 INFO] pbft_handler->reply: 	 ---> 6: receive commit msg from 2
[2021-05-09 19:11:43,158 INFO] pbft_handler->reply: 	 ---> 6: on reply
[2021-05-09 19:11:43,158 INFO] pbft_handler->reply: 	 ---> 6: receive commit msg from 3
[2021-05-09 19:11:43,164 INFO] pbft_handler->reply: 	 ---> 6: on reply
[2021-05-09 19:11:43,164 INFO] pbft_handler->reply: 	 ---> 6: receive commit msg from 4
[2021-05-09 19:11:43,170 INFO] pbft_handler->reply: 	 ---> 6: on reply
[2021-05-09 19:11:43,170 INFO] pbft_handler->reply: 	 ---> 6: receive commit msg from 5
[2021-05-09 19:11:43,171 INFO] pbft_handler->commit: 	 ---> 6: on commit
[2021-05-09 19:11:43,171 INFO] pbft_handler->commit: 	 ---> 6: receive prepare msg from 5
[2021-05-09 19:11:43,171 DEBUG] pbft_handler->_post: 	 make request to 0, commit
[2021-05-09 19:11:43,172 DEBUG] pbft_handler->_post: 	 make request to 1, commit
[2021-05-09 19:11:43,173 DEBUG] pbft_handler->_post: 	 make request to 2, commit
[2021-05-09 19:11:43,173 DEBUG] pbft_handler->_post: 	 make request to 3, commit
[2021-05-09 19:11:43,174 DEBUG] pbft_handler->_post: 	 make request to 4, commit
[2021-05-09 19:11:43,175 DEBUG] pbft_handler->_post: 	 make request to 5, commit
[2021-05-09 19:11:43,176 DEBUG] pbft_handler->_post: 	 make request to 6, commit
[2021-05-09 19:11:43,177 INFO] pbft_handler->reply: 	 ---> 6: on reply
[2021-05-09 19:11:43,177 INFO] pbft_handler->reply: 	 ---> 6: receive commit msg from 6
[2021-05-09 19:11:43,178 INFO] pbft_handler->prepare: 	 ---> 6: on prepare
[2021-05-09 19:11:43,178 INFO] pbft_handler->prepare: 	 ---> 6: receive preprepare msg from 0
[2021-05-09 19:11:43,178 DEBUG] pbft_handler->_post: 	 make request to 0, prepare
[2021-05-09 19:11:43,184 INFO] pbft_handler->reply: 	 ---> 6: on reply
[2021-05-09 19:11:43,184 INFO] pbft_handler->reply: 	 ---> 6: receive commit msg from 0
[2021-05-09 19:11:43,184 DEBUG] pbft_handler->_post: 	 make request to 1, prepare
[2021-05-09 19:11:43,189 INFO] pbft_handler->reply: 	 ---> 6: on reply
[2021-05-09 19:11:43,189 INFO] pbft_handler->reply: 	 ---> 6: receive commit msg from 1
[2021-05-09 19:11:43,190 DEBUG] pbft_handler->_post: 	 make request to 2, prepare
[2021-05-09 19:11:43,195 INFO] pbft_handler->reply: 	 ---> 6: on reply
[2021-05-09 19:11:43,195 INFO] pbft_handler->reply: 	 ---> 6: receive commit msg from 2
[2021-05-09 19:11:43,196 DEBUG] pbft_handler->_post: 	 make request to 3, prepare
[2021-05-09 19:11:43,202 INFO] pbft_handler->reply: 	 ---> 6: on reply
[2021-05-09 19:11:43,203 INFO] pbft_handler->reply: 	 ---> 6: receive commit msg from 3
[2021-05-09 19:11:43,203 DEBUG] pbft_handler->_post: 	 make request to 4, prepare
[2021-05-09 19:11:43,210 INFO] pbft_handler->reply: 	 ---> 6: on reply
[2021-05-09 19:11:43,210 INFO] pbft_handler->reply: 	 ---> 6: receive commit msg from 4
[2021-05-09 19:11:43,210 DEBUG] pbft_handler->_post: 	 make request to 5, prepare
[2021-05-09 19:11:43,216 INFO] pbft_handler->reply: 	 ---> 6: on reply
[2021-05-09 19:11:43,216 INFO] pbft_handler->reply: 	 ---> 6: receive commit msg from 5
[2021-05-09 19:11:43,216 DEBUG] pbft_handler->_post: 	 make request to 6, prepare
[2021-05-09 19:11:43,217 INFO] pbft_handler->commit: 	 ---> 6: on commit
[2021-05-09 19:11:43,217 INFO] pbft_handler->commit: 	 ---> 6: receive prepare msg from 6
[2021-05-09 19:11:43,217 DEBUG] pbft_handler->_post: 	 make request to 0, commit
[2021-05-09 19:11:43,217 DEBUG] pbft_handler->_post: 	 make request to 1, commit
[2021-05-09 19:11:43,218 DEBUG] pbft_handler->_post: 	 make request to 2, commit
[2021-05-09 19:11:43,219 DEBUG] pbft_handler->_post: 	 make request to 3, commit
[2021-05-09 19:11:43,220 DEBUG] pbft_handler->_post: 	 make request to 4, commit
[2021-05-09 19:11:43,220 DEBUG] pbft_handler->_post: 	 make request to 5, commit
[2021-05-09 19:11:43,221 DEBUG] pbft_handler->_post: 	 make request to 6, commit
[2021-05-09 19:11:43,221 INFO] pbft_handler->reply: 	 ---> 6: on reply
[2021-05-09 19:11:43,221 INFO] pbft_handler->reply: 	 ---> 6: receive commit msg from 6
[2021-05-09 19:11:43,245 INFO] pbft_handler->commit: 	 ---> 6: on commit
[2021-05-09 19:11:43,245 INFO] pbft_handler->commit: 	 ---> 6: receive prepare msg from 0
[2021-05-09 19:11:43,251 INFO] pbft_handler->commit: 	 ---> 6: on commit
[2021-05-09 19:11:43,251 INFO] pbft_handler->commit: 	 ---> 6: receive prepare msg from 1
[2021-05-09 19:11:43,257 INFO] pbft_handler->commit: 	 ---> 6: on commit
[2021-05-09 19:11:43,257 INFO] pbft_handler->commit: 	 ---> 6: receive prepare msg from 2
[2021-05-09 19:11:43,264 INFO] pbft_handler->commit: 	 ---> 6: on commit
[2021-05-09 19:11:43,264 INFO] pbft_handler->commit: 	 ---> 6: receive prepare msg from 3
[2021-05-09 19:11:43,272 INFO] pbft_handler->reply: 	 ---> 6: on reply
[2021-05-09 19:11:43,272 INFO] pbft_handler->reply: 	 ---> 6: receive commit msg from 0
[2021-05-09 19:11:43,278 INFO] pbft_handler->reply: 	 ---> 6: on reply
[2021-05-09 19:11:43,279 INFO] pbft_handler->reply: 	 ---> 6: receive commit msg from 1
[2021-05-09 19:11:43,284 INFO] pbft_handler->reply: 	 ---> 6: on reply
[2021-05-09 19:11:43,284 INFO] pbft_handler->reply: 	 ---> 6: receive commit msg from 2
[2021-05-09 19:11:43,290 INFO] pbft_handler->reply: 	 ---> 6: on reply
[2021-05-09 19:11:43,291 INFO] pbft_handler->reply: 	 ---> 6: receive commit msg from 3
[2021-05-09 19:11:43,303 INFO] pbft_handler->reply: 	 ---> 6: on reply
[2021-05-09 19:11:43,303 INFO] pbft_handler->reply: 	 ---> 6: receive commit msg from 4
[2021-05-09 19:11:43,304 DEBUG] pbft_handler->reply: 	 Add commit certifiacte to slot 7
[2021-05-09 19:11:43,305 INFO] pbft_handler->reply: 	 6 reply to http://localhost:20001/reply successfully!!
[2021-05-09 19:11:43,311 INFO] pbft_handler->reply: 	 ---> 6: on reply
[2021-05-09 19:11:43,311 INFO] pbft_handler->reply: 	 ---> 6: receive commit msg from 5
[2021-05-09 19:11:43,312 INFO] pbft_handler->commit: 	 ---> 6: on commit
[2021-05-09 19:11:43,312 INFO] pbft_handler->commit: 	 ---> 6: receive prepare msg from 4
[2021-05-09 19:11:43,312 DEBUG] pbft_handler->_post: 	 make request to 0, commit
[2021-05-09 19:11:43,313 DEBUG] pbft_handler->_post: 	 make request to 1, commit
[2021-05-09 19:11:43,314 DEBUG] pbft_handler->_post: 	 make request to 2, commit
[2021-05-09 19:11:43,314 DEBUG] pbft_handler->_post: 	 make request to 3, commit
[2021-05-09 19:11:43,315 DEBUG] pbft_handler->_post: 	 make request to 4, commit
[2021-05-09 19:11:43,316 DEBUG] pbft_handler->_post: 	 make request to 5, commit
[2021-05-09 19:11:43,317 DEBUG] pbft_handler->_post: 	 make request to 6, commit
[2021-05-09 19:11:43,317 INFO] pbft_handler->reply: 	 ---> 6: on reply
[2021-05-09 19:11:43,317 INFO] pbft_handler->reply: 	 ---> 6: receive commit msg from 6
[2021-05-09 19:11:43,324 INFO] pbft_handler->reply: 	 ---> 6: on reply
[2021-05-09 19:11:43,324 INFO] pbft_handler->reply: 	 ---> 6: receive commit msg from 0
[2021-05-09 19:11:43,330 INFO] pbft_handler->reply: 	 ---> 6: on reply
[2021-05-09 19:11:43,330 INFO] pbft_handler->reply: 	 ---> 6: receive commit msg from 1
[2021-05-09 19:11:43,336 INFO] pbft_handler->reply: 	 ---> 6: on reply
[2021-05-09 19:11:43,336 INFO] pbft_handler->reply: 	 ---> 6: receive commit msg from 2
[2021-05-09 19:11:43,344 INFO] pbft_handler->reply: 	 ---> 6: on reply
[2021-05-09 19:11:43,344 INFO] pbft_handler->reply: 	 ---> 6: receive commit msg from 3
[2021-05-09 19:11:43,349 INFO] pbft_handler->reply: 	 ---> 6: on reply
[2021-05-09 19:11:43,349 INFO] pbft_handler->reply: 	 ---> 6: receive commit msg from 4
[2021-05-09 19:11:43,355 INFO] pbft_handler->reply: 	 ---> 6: on reply
[2021-05-09 19:11:43,355 INFO] pbft_handler->reply: 	 ---> 6: receive commit msg from 5
[2021-05-09 19:11:43,356 INFO] pbft_handler->commit: 	 ---> 6: on commit
[2021-05-09 19:11:43,356 INFO] pbft_handler->commit: 	 ---> 6: receive prepare msg from 5
[2021-05-09 19:11:43,356 DEBUG] pbft_handler->_post: 	 make request to 0, commit
[2021-05-09 19:11:43,357 DEBUG] pbft_handler->_post: 	 make request to 1, commit
[2021-05-09 19:11:43,358 DEBUG] pbft_handler->_post: 	 make request to 2, commit
[2021-05-09 19:11:43,359 DEBUG] pbft_handler->_post: 	 make request to 3, commit
[2021-05-09 19:11:43,360 DEBUG] pbft_handler->_post: 	 make request to 4, commit
[2021-05-09 19:11:43,360 DEBUG] pbft_handler->_post: 	 make request to 5, commit
[2021-05-09 19:11:43,361 DEBUG] pbft_handler->_post: 	 make request to 6, commit
[2021-05-09 19:11:43,362 INFO] pbft_handler->reply: 	 ---> 6: on reply
[2021-05-09 19:11:43,362 INFO] pbft_handler->reply: 	 ---> 6: receive commit msg from 6
[2021-05-09 19:11:43,363 INFO] pbft_handler->prepare: 	 ---> 6: on prepare
[2021-05-09 19:11:43,363 INFO] pbft_handler->prepare: 	 ---> 6: receive preprepare msg from 0
[2021-05-09 19:11:43,363 DEBUG] pbft_handler->_post: 	 make request to 0, prepare
[2021-05-09 19:11:43,369 INFO] pbft_handler->reply: 	 ---> 6: on reply
[2021-05-09 19:11:43,369 INFO] pbft_handler->reply: 	 ---> 6: receive commit msg from 0
[2021-05-09 19:11:43,370 DEBUG] pbft_handler->_post: 	 make request to 1, prepare
[2021-05-09 19:11:43,375 INFO] pbft_handler->reply: 	 ---> 6: on reply
[2021-05-09 19:11:43,375 INFO] pbft_handler->reply: 	 ---> 6: receive commit msg from 1
[2021-05-09 19:11:43,376 DEBUG] pbft_handler->_post: 	 make request to 2, prepare
[2021-05-09 19:11:43,381 INFO] pbft_handler->reply: 	 ---> 6: on reply
[2021-05-09 19:11:43,381 INFO] pbft_handler->reply: 	 ---> 6: receive commit msg from 2
[2021-05-09 19:11:43,382 DEBUG] pbft_handler->_post: 	 make request to 3, prepare
[2021-05-09 19:11:43,388 INFO] pbft_handler->reply: 	 ---> 6: on reply
[2021-05-09 19:11:43,388 INFO] pbft_handler->reply: 	 ---> 6: receive commit msg from 3
[2021-05-09 19:11:43,389 DEBUG] pbft_handler->_post: 	 make request to 4, prepare
[2021-05-09 19:11:43,395 INFO] pbft_handler->reply: 	 ---> 6: on reply
[2021-05-09 19:11:43,395 INFO] pbft_handler->reply: 	 ---> 6: receive commit msg from 4
[2021-05-09 19:11:43,395 DEBUG] pbft_handler->_post: 	 make request to 5, prepare
[2021-05-09 19:11:43,401 INFO] pbft_handler->reply: 	 ---> 6: on reply
[2021-05-09 19:11:43,402 INFO] pbft_handler->reply: 	 ---> 6: receive commit msg from 5
[2021-05-09 19:11:43,402 DEBUG] pbft_handler->_post: 	 make request to 6, prepare
[2021-05-09 19:11:43,402 INFO] pbft_handler->commit: 	 ---> 6: on commit
[2021-05-09 19:11:43,402 INFO] pbft_handler->commit: 	 ---> 6: receive prepare msg from 6
[2021-05-09 19:11:43,402 DEBUG] pbft_handler->_post: 	 make request to 0, commit
[2021-05-09 19:11:43,403 DEBUG] pbft_handler->_post: 	 make request to 1, commit
[2021-05-09 19:11:43,404 DEBUG] pbft_handler->_post: 	 make request to 2, commit
[2021-05-09 19:11:43,405 DEBUG] pbft_handler->_post: 	 make request to 3, commit
[2021-05-09 19:11:43,405 DEBUG] pbft_handler->_post: 	 make request to 4, commit
[2021-05-09 19:11:43,406 DEBUG] pbft_handler->_post: 	 make request to 5, commit
[2021-05-09 19:11:43,407 DEBUG] pbft_handler->_post: 	 make request to 6, commit
[2021-05-09 19:11:43,407 INFO] pbft_handler->reply: 	 ---> 6: on reply
[2021-05-09 19:11:43,407 INFO] pbft_handler->reply: 	 ---> 6: receive commit msg from 6
[2021-05-09 19:11:44,231 INFO] pbft_handler->commit: 	 ---> 6: on commit
[2021-05-09 19:11:44,231 INFO] pbft_handler->commit: 	 ---> 6: receive prepare msg from 0
[2021-05-09 19:11:44,237 INFO] pbft_handler->commit: 	 ---> 6: on commit
[2021-05-09 19:11:44,237 INFO] pbft_handler->commit: 	 ---> 6: receive prepare msg from 1
[2021-05-09 19:11:44,244 INFO] pbft_handler->commit: 	 ---> 6: on commit
[2021-05-09 19:11:44,244 INFO] pbft_handler->commit: 	 ---> 6: receive prepare msg from 2
[2021-05-09 19:11:44,249 INFO] pbft_handler->commit: 	 ---> 6: on commit
[2021-05-09 19:11:44,250 INFO] pbft_handler->commit: 	 ---> 6: receive prepare msg from 3
[2021-05-09 19:11:44,257 INFO] pbft_handler->reply: 	 ---> 6: on reply
[2021-05-09 19:11:44,257 INFO] pbft_handler->reply: 	 ---> 6: receive commit msg from 0
[2021-05-09 19:11:44,264 INFO] pbft_handler->reply: 	 ---> 6: on reply
[2021-05-09 19:11:44,264 INFO] pbft_handler->reply: 	 ---> 6: receive commit msg from 1
[2021-05-09 19:11:44,271 INFO] pbft_handler->reply: 	 ---> 6: on reply
[2021-05-09 19:11:44,271 INFO] pbft_handler->reply: 	 ---> 6: receive commit msg from 2
[2021-05-09 19:11:44,280 INFO] pbft_handler->reply: 	 ---> 6: on reply
[2021-05-09 19:11:44,280 INFO] pbft_handler->reply: 	 ---> 6: receive commit msg from 3
[2021-05-09 19:11:44,296 INFO] pbft_handler->reply: 	 ---> 6: on reply
[2021-05-09 19:11:44,296 INFO] pbft_handler->reply: 	 ---> 6: receive commit msg from 4
[2021-05-09 19:11:44,296 DEBUG] pbft_handler->reply: 	 Add commit certifiacte to slot 8
[2021-05-09 19:11:44,297 INFO] pbft_handler->reply: 	 6 reply to http://localhost:20001/reply successfully!!
[2021-05-09 19:11:44,304 INFO] pbft_handler->reply: 	 ---> 6: on reply
[2021-05-09 19:11:44,304 INFO] pbft_handler->reply: 	 ---> 6: receive commit msg from 5
[2021-05-09 19:11:44,305 INFO] pbft_handler->commit: 	 ---> 6: on commit
[2021-05-09 19:11:44,305 INFO] pbft_handler->commit: 	 ---> 6: receive prepare msg from 4
[2021-05-09 19:11:44,305 DEBUG] pbft_handler->_post: 	 make request to 0, commit
[2021-05-09 19:11:44,305 DEBUG] pbft_handler->_post: 	 make request to 1, commit
[2021-05-09 19:11:44,306 DEBUG] pbft_handler->_post: 	 make request to 2, commit
[2021-05-09 19:11:44,307 DEBUG] pbft_handler->_post: 	 make request to 3, commit
[2021-05-09 19:11:44,308 DEBUG] pbft_handler->_post: 	 make request to 4, commit
[2021-05-09 19:11:44,308 DEBUG] pbft_handler->_post: 	 make request to 5, commit
[2021-05-09 19:11:44,309 DEBUG] pbft_handler->_post: 	 make request to 6, commit
[2021-05-09 19:11:44,309 INFO] pbft_handler->reply: 	 ---> 6: on reply
[2021-05-09 19:11:44,309 INFO] pbft_handler->reply: 	 ---> 6: receive commit msg from 6
[2021-05-09 19:11:44,315 INFO] pbft_handler->reply: 	 ---> 6: on reply
[2021-05-09 19:11:44,316 INFO] pbft_handler->reply: 	 ---> 6: receive commit msg from 0
[2021-05-09 19:11:44,322 INFO] pbft_handler->reply: 	 ---> 6: on reply
[2021-05-09 19:11:44,322 INFO] pbft_handler->reply: 	 ---> 6: receive commit msg from 1
[2021-05-09 19:11:44,329 INFO] pbft_handler->reply: 	 ---> 6: on reply
[2021-05-09 19:11:44,329 INFO] pbft_handler->reply: 	 ---> 6: receive commit msg from 2
[2021-05-09 19:11:44,335 INFO] pbft_handler->reply: 	 ---> 6: on reply
[2021-05-09 19:11:44,335 INFO] pbft_handler->reply: 	 ---> 6: receive commit msg from 3
[2021-05-09 19:11:44,340 INFO] pbft_handler->reply: 	 ---> 6: on reply
[2021-05-09 19:11:44,340 INFO] pbft_handler->reply: 	 ---> 6: receive commit msg from 4
[2021-05-09 19:11:44,345 INFO] pbft_handler->reply: 	 ---> 6: on reply
[2021-05-09 19:11:44,345 INFO] pbft_handler->reply: 	 ---> 6: receive commit msg from 5
[2021-05-09 19:11:44,346 INFO] pbft_handler->commit: 	 ---> 6: on commit
[2021-05-09 19:11:44,346 INFO] pbft_handler->commit: 	 ---> 6: receive prepare msg from 5
[2021-05-09 19:11:44,346 DEBUG] pbft_handler->_post: 	 make request to 0, commit
[2021-05-09 19:11:44,347 DEBUG] pbft_handler->_post: 	 make request to 1, commit
[2021-05-09 19:11:44,348 DEBUG] pbft_handler->_post: 	 make request to 2, commit
[2021-05-09 19:11:44,349 DEBUG] pbft_handler->_post: 	 make request to 3, commit
[2021-05-09 19:11:44,350 DEBUG] pbft_handler->_post: 	 make request to 4, commit
[2021-05-09 19:11:44,351 DEBUG] pbft_handler->_post: 	 make request to 5, commit
[2021-05-09 19:11:44,352 DEBUG] pbft_handler->_post: 	 make request to 6, commit
[2021-05-09 19:11:44,352 INFO] pbft_handler->reply: 	 ---> 6: on reply
[2021-05-09 19:11:44,352 INFO] pbft_handler->reply: 	 ---> 6: receive commit msg from 6
[2021-05-09 19:11:44,354 INFO] pbft_handler->prepare: 	 ---> 6: on prepare
[2021-05-09 19:11:44,354 INFO] pbft_handler->prepare: 	 ---> 6: receive preprepare msg from 0
[2021-05-09 19:11:44,354 DEBUG] pbft_handler->_post: 	 make request to 0, prepare
[2021-05-09 19:11:44,360 INFO] pbft_handler->reply: 	 ---> 6: on reply
[2021-05-09 19:11:44,360 INFO] pbft_handler->reply: 	 ---> 6: receive commit msg from 0
[2021-05-09 19:11:44,360 DEBUG] pbft_handler->_post: 	 make request to 1, prepare
[2021-05-09 19:11:44,366 INFO] pbft_handler->reply: 	 ---> 6: on reply
[2021-05-09 19:11:44,366 INFO] pbft_handler->reply: 	 ---> 6: receive commit msg from 1
[2021-05-09 19:11:44,367 DEBUG] pbft_handler->_post: 	 make request to 2, prepare
[2021-05-09 19:11:44,372 INFO] pbft_handler->reply: 	 ---> 6: on reply
[2021-05-09 19:11:44,372 INFO] pbft_handler->reply: 	 ---> 6: receive commit msg from 2
[2021-05-09 19:11:44,372 DEBUG] pbft_handler->_post: 	 make request to 3, prepare
[2021-05-09 19:11:44,377 INFO] pbft_handler->reply: 	 ---> 6: on reply
[2021-05-09 19:11:44,377 INFO] pbft_handler->reply: 	 ---> 6: receive commit msg from 3
[2021-05-09 19:11:44,377 DEBUG] pbft_handler->_post: 	 make request to 4, prepare
[2021-05-09 19:11:44,383 INFO] pbft_handler->reply: 	 ---> 6: on reply
[2021-05-09 19:11:44,383 INFO] pbft_handler->reply: 	 ---> 6: receive commit msg from 4
[2021-05-09 19:11:44,384 DEBUG] pbft_handler->_post: 	 make request to 5, prepare
[2021-05-09 19:11:44,390 INFO] pbft_handler->reply: 	 ---> 6: on reply
[2021-05-09 19:11:44,390 INFO] pbft_handler->reply: 	 ---> 6: receive commit msg from 5
[2021-05-09 19:11:44,391 DEBUG] pbft_handler->_post: 	 make request to 6, prepare
[2021-05-09 19:11:44,391 INFO] pbft_handler->commit: 	 ---> 6: on commit
[2021-05-09 19:11:44,391 INFO] pbft_handler->commit: 	 ---> 6: receive prepare msg from 6
[2021-05-09 19:11:44,391 DEBUG] pbft_handler->_post: 	 make request to 0, commit
[2021-05-09 19:11:44,392 DEBUG] pbft_handler->_post: 	 make request to 1, commit
[2021-05-09 19:11:44,393 DEBUG] pbft_handler->_post: 	 make request to 2, commit
[2021-05-09 19:11:44,394 DEBUG] pbft_handler->_post: 	 make request to 3, commit
[2021-05-09 19:11:44,394 DEBUG] pbft_handler->_post: 	 make request to 4, commit
[2021-05-09 19:11:44,395 DEBUG] pbft_handler->_post: 	 make request to 5, commit
[2021-05-09 19:11:44,396 DEBUG] pbft_handler->_post: 	 make request to 6, commit
[2021-05-09 19:11:44,396 INFO] pbft_handler->reply: 	 ---> 6: on reply
[2021-05-09 19:11:44,396 INFO] pbft_handler->reply: 	 ---> 6: receive commit msg from 6
[2021-05-09 19:11:45,333 INFO] pbft_handler->commit: 	 ---> 6: on commit
[2021-05-09 19:11:45,333 INFO] pbft_handler->commit: 	 ---> 6: receive prepare msg from 0
[2021-05-09 19:11:45,339 INFO] pbft_handler->commit: 	 ---> 6: on commit
[2021-05-09 19:11:45,339 INFO] pbft_handler->commit: 	 ---> 6: receive prepare msg from 1
[2021-05-09 19:11:45,345 INFO] pbft_handler->commit: 	 ---> 6: on commit
[2021-05-09 19:11:45,345 INFO] pbft_handler->commit: 	 ---> 6: receive prepare msg from 2
[2021-05-09 19:11:45,351 INFO] pbft_handler->commit: 	 ---> 6: on commit
[2021-05-09 19:11:45,352 INFO] pbft_handler->commit: 	 ---> 6: receive prepare msg from 3
[2021-05-09 19:11:45,359 INFO] pbft_handler->reply: 	 ---> 6: on reply
[2021-05-09 19:11:45,359 INFO] pbft_handler->reply: 	 ---> 6: receive commit msg from 0
[2021-05-09 19:11:45,365 INFO] pbft_handler->reply: 	 ---> 6: on reply
[2021-05-09 19:11:45,365 INFO] pbft_handler->reply: 	 ---> 6: receive commit msg from 1
[2021-05-09 19:11:45,371 INFO] pbft_handler->reply: 	 ---> 6: on reply
[2021-05-09 19:11:45,371 INFO] pbft_handler->reply: 	 ---> 6: receive commit msg from 2
[2021-05-09 19:11:45,376 INFO] pbft_handler->reply: 	 ---> 6: on reply
[2021-05-09 19:11:45,376 INFO] pbft_handler->reply: 	 ---> 6: receive commit msg from 3
[2021-05-09 19:11:45,386 INFO] pbft_handler->receive_ckpt_vote: 	 ---> 6: receive checkpoint vote.
[2021-05-09 19:11:45,386 DEBUG] checkpoint->receive_vote: 	 ---> 6: Receive checkpoint votes
[2021-05-09 19:11:45,397 INFO] pbft_handler->receive_ckpt_vote: 	 ---> 6: receive checkpoint vote.
[2021-05-09 19:11:45,397 DEBUG] checkpoint->receive_vote: 	 ---> 6: Receive checkpoint votes
[2021-05-09 19:11:45,407 INFO] pbft_handler->receive_ckpt_vote: 	 ---> 6: receive checkpoint vote.
[2021-05-09 19:11:45,407 DEBUG] checkpoint->receive_vote: 	 ---> 6: Receive checkpoint votes
[2021-05-09 19:11:45,418 INFO] pbft_handler->receive_ckpt_vote: 	 ---> 6: receive checkpoint vote.
[2021-05-09 19:11:45,418 DEBUG] checkpoint->receive_vote: 	 ---> 6: Receive checkpoint votes
[2021-05-09 19:11:45,429 INFO] pbft_handler->receive_ckpt_vote: 	 ---> 6: receive checkpoint vote.
[2021-05-09 19:11:45,429 DEBUG] checkpoint->receive_vote: 	 ---> 6: Receive checkpoint votes
[2021-05-09 19:11:45,429 INFO] checkpoint->receive_vote: 	 ---> 6: Update checkpoint by receiving votes
[2021-05-09 19:11:45,432 INFO] pbft_handler->reply: 	 ---> 6: on reply
[2021-05-09 19:11:45,432 INFO] pbft_handler->reply: 	 ---> 6: receive commit msg from 4
[2021-05-09 19:11:45,433 INFO] pbft_handler->commit: 	 ---> 6: on commit
[2021-05-09 19:11:45,433 INFO] pbft_handler->commit: 	 ---> 6: receive prepare msg from 4
[2021-05-09 19:11:45,435 INFO] pbft_handler->prepare: 	 ---> 6: on prepare
[2021-05-09 19:11:45,435 INFO] pbft_handler->prepare: 	 ---> 6: receive preprepare msg from 0
